<?xml version="1.0"?><coverage lines-covered="163" lines-valid="261" line-rate="0.6245210727969349" branches-covered="0" branches-valid="0" branch-rate="0" complexity="0" version="1.9" timestamp="1751315116"><sources><source>/home/cphelper/project-cph/rust</source></sources><packages><package name="src" line-rate="0.6245210727969349" branch-rate="0" complexity="0"><classes><class name="main" filename="src/main.rs" line-rate="0" branch-rate="0" complexity="0"><methods/><lines><line number="58" hits="0"/><line number="60" hits="0"/><line number="65" hits="0"/><line number="67" hits="0"/><line number="68" hits="0"/><line number="72" hits="0"/><line number="75" hits="0"/><line number="79" hits="0"/><line number="80" hits="0"/><line number="81" hits="0"/><line number="82" hits="0"/><line number="83" hits="0"/><line number="86" hits="0"/><line number="88" hits="0"/><line number="89" hits="0"/><line number="91" hits="0"/><line number="93" hits="0"/><line number="94" hits="0"/><line number="96" hits="0"/><line number="98" hits="0"/><line number="99" hits="0"/><line number="101" hits="0"/><line number="106" hits="0"/><line number="107" hits="0"/><line number="108" hits="0"/><line number="109" hits="0"/><line number="110" hits="0"/><line number="113" hits="0"/><line number="115" hits="0"/><line number="118" hits="0"/></lines></class></classes></package><package name="src/infrastructure" line-rate="0.7264150943396226" branch-rate="0" complexity="0"><classes></classes></package><package name="src/errors" line-rate="0.47368421052631576" branch-rate="0" complexity="0"><classes><class name="context" filename="src/errors/context.rs" line-rate="0.5" branch-rate="0" complexity="0"><methods/><lines><line number="21" hits="1"/><line number="25" hits="3"/><line number="28" hits="0"/><line number="33" hits="0"/></lines></class><class name="mod" filename="src/errors/mod.rs" line-rate="0.4666666666666667" branch-rate="0" complexity="0"><methods/><lines><line number="24" hits="2"/><line number="25" hits="2"/><line number="26" hits="2"/><line number="27" hits="2"/><line number="28" hits="0"/><line number="29" hits="0"/><line number="30" hits="0"/><line number="32" hits="0"/><line number="33" hits="0"/><line number="38" hits="2"/><line number="39" hits="2"/><line number="41" hits="2"/><line number="43" hits="0"/><line number="45" hits="0"/><line number="46" hits="0"/></lines></class></classes></package><package name="tests/common" line-rate="0" branch-rate="0" complexity="0"><classes></classes></package><package name="benches" line-rate="0" branch-rate="0" complexity="0"><classes></classes></package><package name="tests" line-rate="0" branch-rate="0" complexity="0"><classes></classes></package><package name="src/infrastructure/providers" line-rate="0" branch-rate="0" complexity="0"><classes></classes></package><package name="src/infrastructure/test_support/mock_drivers" line-rate="0.7310924369747899" branch-rate="0" complexity="0"><classes><class name="docker" filename="src/infrastructure/test_support/mock_drivers/docker.rs" line-rate="0.7441860465116279" branch-rate="0" complexity="0"><methods/><lines><line number="37" hits="7"/><line number="38" hits="7"/><line number="41" hits="1"/><line number="42" hits="1"/><line number="43" hits="1"/><line number="46" hits="0"/><line number="47" hits="0"/><line number="48" hits="0"/><line number="51" hits="3"/><line number="52" hits="3"/><line number="53" hits="3"/><line number="56" hits="7"/><line number="62" hits="11"/><line number="63" hits="0"/><line number="66" hits="7"/><line number="68" hits="7"/><line number="69" hits="7"/><line number="71" hits="11"/><line number="72" hits="4"/><line number="73" hits="4"/><line number="74" hits="4"/><line number="75" hits="4"/><line number="76" hits="4"/><line number="79" hits="14"/><line number="82" hits="4"/><line number="83" hits="4"/><line number="84" hits="2"/><line number="86" hits="2"/><line number="89" hits="0"/><line number="90" hits="0"/><line number="91" hits="0"/><line number="94" hits="2"/><line number="95" hits="2"/><line number="96" hits="2"/><line number="97" hits="2"/><line number="102" hits="0"/><line number="103" hits="0"/><line number="106" hits="0"/><line number="107" hits="0"/><line number="110" hits="2"/><line number="111" hits="6"/><line number="112" hits="2"/><line number="114" hits="2"/></lines></class><class name="file_system" filename="src/infrastructure/test_support/mock_drivers/file_system.rs" line-rate="0.6511627906976745" branch-rate="0" complexity="0"><methods/><lines><line number="15" hits="8"/><line number="16" hits="8"/><line number="19" hits="5"/><line number="20" hits="5"/><line number="21" hits="5"/><line number="24" hits="1"/><line number="25" hits="1"/><line number="26" hits="1"/><line number="29" hits="22"/><line number="30" hits="15"/><line number="31" hits="0"/><line number="34" hits="11"/><line number="35" hits="11"/><line number="37" hits="24"/><line number="40" hits="4"/><line number="41" hits="2"/><line number="42" hits="0"/><line number="45" hits="2"/><line number="46" hits="2"/><line number="49" hits="0"/><line number="50" hits="0"/><line number="51" hits="0"/><line number="54" hits="6"/><line number="55" hits="8"/><line number="58" hits="3"/><line number="59" hits="3"/><line number="60" hits="3"/><line number="61" hits="3"/><line number="64" hits="0"/><line number="65" hits="0"/><line number="66" hits="0"/><line number="67" hits="0"/><line number="72" hits="0"/><line number="73" hits="0"/><line number="76" hits="0"/><line number="77" hits="0"/><line number="78" hits="0"/><line number="81" hits="2"/><line number="82" hits="6"/><line number="83" hits="2"/><line number="85" hits="2"/><line number="86" hits="0"/><line number="88" hits="2"/></lines></class><class name="shell" filename="src/infrastructure/test_support/mock_drivers/shell.rs" line-rate="0.8181818181818182" branch-rate="0" complexity="0"><methods/><lines><line number="20" hits="9"/><line number="22" hits="9"/><line number="23" hits="9"/><line number="28" hits="3"/><line number="30" hits="3"/><line number="31" hits="3"/><line number="38" hits="9"/><line number="39" hits="9"/><line number="42" hits="12"/><line number="43" hits="12"/><line number="44" hits="12"/><line number="47" hits="24"/><line number="48" hits="14"/><line number="49" hits="0"/><line number="52" hits="12"/><line number="54" hits="12"/><line number="55" hits="12"/><line number="57" hits="24"/><line number="60" hits="3"/><line number="61" hits="3"/><line number="64" hits="2"/><line number="65" hits="2"/><line number="66" hits="2"/><line number="67" hits="2"/><line number="72" hits="0"/><line number="73" hits="0"/><line number="76" hits="0"/><line number="77" hits="0"/><line number="78" hits="0"/><line number="81" hits="2"/><line number="82" hits="6"/><line number="83" hits="2"/><line number="85" hits="2"/></lines></class></classes></package><package name="src/domain" line-rate="0" branch-rate="0" complexity="0"><classes></classes></package><package name="src/interfaces" line-rate="0" branch-rate="0" complexity="0"><classes></classes></package><package name="src/infrastructure/drivers" line-rate="0.6666666666666666" branch-rate="0" complexity="0"><classes><class name="file_system" filename="src/infrastructure/drivers/file_system.rs" line-rate="0.8636363636363636" branch-rate="0" complexity="0"><methods/><lines><line number="9" hits="12"/><line number="10" hits="12"/><line number="16" hits="4"/><line number="17" hits="4"/><line number="20" hits="12"/><line number="21" hits="12"/><line number="24" hits="14"/><line number="25" hits="14"/><line number="28" hits="4"/><line number="29" hits="4"/><line number="32" hits="2"/><line number="33" hits="2"/><line number="34" hits="0"/><line number="36" hits="2"/><line number="40" hits="2"/><line number="41" hits="8"/><line number="44" hits="2"/><line number="45" hits="4"/><line number="46" hits="0"/><line number="48" hits="14"/><line number="49" hits="0"/><line number="52" hits="2"/></lines></class><class name="logger" filename="src/infrastructure/drivers/logger.rs" line-rate="0.42857142857142855" branch-rate="0" complexity="0"><methods/><lines><line number="9" hits="4"/><line number="11" hits="4"/><line number="17" hits="0"/><line number="18" hits="0"/><line number="21" hits="0"/><line number="22" hits="0"/><line number="25" hits="2"/><line number="26" hits="2"/><line number="29" hits="0"/><line number="30" hits="0"/><line number="33" hits="0"/><line number="34" hits="0"/><line number="37" hits="2"/><line number="38" hits="2"/></lines></class><class name="shell" filename="src/infrastructure/drivers/shell.rs" line-rate="0.6" branch-rate="0" complexity="0"><methods/><lines><line number="9" hits="10"/><line number="10" hits="10"/><line number="16" hits="8"/><line number="17" hits="8"/><line number="26" hits="10"/><line number="27" hits="10"/><line number="29" hits="12"/><line number="30" hits="0"/><line number="33" hits="14"/><line number="34" hits="0"/><line number="37" hits="20"/><line number="39" hits="0"/><line number="40" hits="0"/><line number="41" hits="0"/><line number="42" hits="0"/></lines></class></classes></package><package name="src/infrastructure/persistence" line-rate="0" branch-rate="0" complexity="0"><classes></classes></package><package name="src/application" line-rate="0" branch-rate="0" complexity="0"><classes></classes></package><package name="src/infrastructure/test_support" line-rate="0.7453416149068323" branch-rate="0" complexity="0"><classes><class name="mod" filename="src/infrastructure/test_support/mod.rs" line-rate="0.7857142857142857" branch-rate="0" complexity="0"><methods/><lines><line number="15" hits="2"/><line number="18" hits="2"/><line number="30" hits="2"/><line number="31" hits="4"/><line number="32" hits="0"/><line number="33" hits="0"/><line number="34" hits="0"/><line number="35" hits="0"/><line number="39" hits="4"/><line number="40" hits="4"/><line number="41" hits="4"/><line number="42" hits="4"/><line number="45" hits="0"/><line number="46" hits="0"/><line number="47" hits="0"/><line number="50" hits="2"/><line number="51" hits="10"/><line number="52" hits="8"/><line number="53" hits="0"/><line number="55" hits="4"/><line number="58" hits="2"/><line number="59" hits="2"/><line number="60" hits="2"/><line number="71" hits="4"/><line number="72" hits="4"/><line number="83" hits="11"/><line number="86" hits="11"/><line number="90" hits="11"/><line number="91" hits="11"/><line number="92" hits="11"/><line number="95" hits="10"/><line number="96" hits="10"/><line number="97" hits="20"/><line number="98" hits="0"/><line number="99" hits="2"/><line number="100" hits="2"/><line number="101" hits="2"/><line number="102" hits="2"/><line number="106" hits="8"/><line number="109" hits="16"/><line number="110" hits="16"/><line number="111" hits="16"/></lines></class></classes></package></packages></coverage>