{"meta": {"format": 3, "version": "7.8.0", "timestamp": "2025-06-02T13:35:32.796635", "branch_coverage": false, "show_contexts": false}, "files": {"src/__init__.py": {"executed_lines": [1], "summary": {"covered_lines": 0, "num_statements": 0, "percent_covered": 100.0, "percent_covered_display": "100", "missing_lines": 0, "excluded_lines": 0}, "missing_lines": [], "excluded_lines": [], "functions": {"": {"executed_lines": [1], "summary": {"covered_lines": 0, "num_statements": 0, "percent_covered": 100.0, "percent_covered_display": "100", "missing_lines": 0, "excluded_lines": 0}, "missing_lines": [], "excluded_lines": []}}, "classes": {"": {"executed_lines": [1], "summary": {"covered_lines": 0, "num_statements": 0, "percent_covered": 100.0, "percent_covered_display": "100", "missing_lines": 0, "excluded_lines": 0}, "missing_lines": [], "excluded_lines": []}}}, "src/context/__init__.py": {"executed_lines": [1, 2], "summary": {"covered_lines": 2, "num_statements": 2, "percent_covered": 100.0, "percent_covered_display": "100", "missing_lines": 0, "excluded_lines": 0}, "missing_lines": [], "excluded_lines": [], "functions": {"": {"executed_lines": [1, 2], "summary": {"covered_lines": 2, "num_statements": 2, "percent_covered": 100.0, "percent_covered_display": "100", "missing_lines": 0, "excluded_lines": 0}, "missing_lines": [], "excluded_lines": []}}, "classes": {"": {"executed_lines": [1, 2], "summary": {"covered_lines": 2, "num_statements": 2, "percent_covered": 100.0, "percent_covered_display": "100", "missing_lines": 0, "excluded_lines": 0}, "missing_lines": [], "excluded_lines": []}}}, "src/context/config_resolver_proxy.py": {"executed_lines": [1, 4, 5, 9, 12, 13, 15, 16, 18, 33, 34, 38, 39, 43, 44, 48, 49, 53, 54, 58], "summary": {"covered_lines": 18, "num_statements": 28, "percent_covered": 64.28571428571429, "percent_covered_display": "64", "missing_lines": 10, "excluded_lines": 0}, "missing_lines": [28, 29, 30, 31, 36, 41, 46, 51, 56, 60], "excluded_lines": [], "functions": {"ConfigResolverProxy.__init__": {"executed_lines": [16], "summary": {"covered_lines": 1, "num_statements": 1, "percent_covered": 100.0, "percent_covered_display": "100", "missing_lines": 0, "excluded_lines": 0}, "missing_lines": [], "excluded_lines": []}, "ConfigResolverProxy.resolve": {"executed_lines": [], "summary": {"covered_lines": 0, "num_statements": 4, "percent_covered": 0.0, "percent_covered_display": "0", "missing_lines": 4, "excluded_lines": 0}, "missing_lines": [28, 29, 30, 31], "excluded_lines": []}, "ConfigResolverProxy.workspace_path": {"executed_lines": [], "summary": {"covered_lines": 0, "num_statements": 1, "percent_covered": 0.0, "percent_covered_display": "0", "missing_lines": 1, "excluded_lines": 0}, "missing_lines": [36], "excluded_lines": []}, "ConfigResolverProxy.contest_current_path": {"executed_lines": [], "summary": {"covered_lines": 0, "num_statements": 1, "percent_covered": 0.0, "percent_covered_display": "0", "missing_lines": 1, "excluded_lines": 0}, "missing_lines": [41], "excluded_lines": []}, "ConfigResolverProxy.contest_template_path": {"executed_lines": [], "summary": {"covered_lines": 0, "num_statements": 1, "percent_covered": 0.0, "percent_covered_display": "0", "missing_lines": 1, "excluded_lines": 0}, "missing_lines": [46], "excluded_lines": []}, "ConfigResolverProxy.contest_temp_path": {"executed_lines": [], "summary": {"covered_lines": 0, "num_statements": 1, "percent_covered": 0.0, "percent_covered_display": "0", "missing_lines": 1, "excluded_lines": 0}, "missing_lines": [51], "excluded_lines": []}, "ConfigResolverProxy.source_file_name": {"executed_lines": [], "summary": {"covered_lines": 0, "num_statements": 1, "percent_covered": 0.0, "percent_covered_display": "0", "missing_lines": 1, "excluded_lines": 0}, "missing_lines": [56], "excluded_lines": []}, "ConfigResolverProxy.get_steps": {"executed_lines": [], "summary": {"covered_lines": 0, "num_statements": 1, "percent_covered": 0.0, "percent_covered_display": "0", "missing_lines": 1, "excluded_lines": 0}, "missing_lines": [60], "excluded_lines": []}, "": {"executed_lines": [1, 4, 5, 9, 12, 13, 15, 18, 33, 34, 38, 39, 43, 44, 48, 49, 53, 54, 58], "summary": {"covered_lines": 17, "num_statements": 17, "percent_covered": 100.0, "percent_covered_display": "100", "missing_lines": 0, "excluded_lines": 0}, "missing_lines": [], "excluded_lines": []}}, "classes": {"ConfigResolverProxy": {"executed_lines": [16], "summary": {"covered_lines": 1, "num_statements": 11, "percent_covered": 9.090909090909092, "percent_covered_display": "9", "missing_lines": 10, "excluded_lines": 0}, "missing_lines": [28, 29, 30, 31, 36, 41, 46, 51, 56, 60], "excluded_lines": []}, "": {"executed_lines": [1, 4, 5, 9, 12, 13, 15, 18, 33, 34, 38, 39, 43, 44, 48, 49, 53, 54, 58], "summary": {"covered_lines": 17, "num_statements": 17, "percent_covered": 100.0, "percent_covered_display": "100", "missing_lines": 0, "excluded_lines": 0}, "missing_lines": [], "excluded_lines": []}}}, "src/context/context_validator.py": {"executed_lines": [1, 4, 5, 8, 9, 11, 12, 30, 31], "summary": {"covered_lines": 7, "num_statements": 15, "percent_covered": 46.666666666666664, "percent_covered_display": "47", "missing_lines": 8, "excluded_lines": 0}, "missing_lines": [22, 41, 42, 44, 45, 47, 48, 50], "excluded_lines": [], "functions": {"ContextValidator.validate": {"executed_lines": [], "summary": {"covered_lines": 0, "num_statements": 1, "percent_covered": 0.0, "percent_covered_display": "0", "missing_lines": 1, "excluded_lines": 0}, "missing_lines": [22], "excluded_lines": []}, "ContextValidator.validate_required_fields": {"executed_lines": [], "summary": {"covered_lines": 0, "num_statements": 7, "percent_covered": 0.0, "percent_covered_display": "0", "missing_lines": 7, "excluded_lines": 0}, "missing_lines": [41, 42, 44, 45, 47, 48, 50], "excluded_lines": []}, "": {"executed_lines": [1, 4, 5, 8, 9, 11, 12, 30, 31], "summary": {"covered_lines": 7, "num_statements": 7, "percent_covered": 100.0, "percent_covered_display": "100", "missing_lines": 0, "excluded_lines": 0}, "missing_lines": [], "excluded_lines": []}}, "classes": {"ContextValidator": {"executed_lines": [], "summary": {"covered_lines": 0, "num_statements": 8, "percent_covered": 0.0, "percent_covered_display": "0", "missing_lines": 8, "excluded_lines": 0}, "missing_lines": [22, 41, 42, 44, 45, 47, 48, 50], "excluded_lines": []}, "": {"executed_lines": [1, 4, 5, 8, 9, 11, 12, 30, 31], "summary": {"covered_lines": 7, "num_statements": 7, "percent_covered": 100.0, "percent_covered_display": "100", "missing_lines": 0, "excluded_lines": 0}, "missing_lines": [], "excluded_lines": []}}}, "src/context/dockerfile_resolver.py": {"executed_lines": [1, 5, 6, 12, 13, 21, 41, 42, 53, 54, 65, 82, 95, 108, 117, 121, 125, 134], "summary": {"covered_lines": 16, "num_statements": 53, "percent_covered": 30.18867924528302, "percent_covered_display": "30", "missing_lines": 37, "excluded_lines": 0}, "missing_lines": [32, 33, 34, 37, 38, 39, 49, 50, 51, 61, 62, 63, 75, 84, 86, 87, 88, 90, 91, 92, 93, 97, 99, 100, 101, 103, 104, 105, 106, 113, 114, 115, 119, 123, 131, 132, 135], "excluded_lines": [], "functions": {"DockerfileResolver.__init__": {"executed_lines": [], "summary": {"covered_lines": 0, "num_statements": 6, "percent_covered": 0.0, "percent_covered_display": "0", "missing_lines": 6, "excluded_lines": 0}, "missing_lines": [32, 33, 34, 37, 38, 39], "excluded_lines": []}, "DockerfileResolver.dockerfile": {"executed_lines": [], "summary": {"covered_lines": 0, "num_statements": 3, "percent_covered": 0.0, "percent_covered_display": "0", "missing_lines": 3, "excluded_lines": 0}, "missing_lines": [49, 50, 51], "excluded_lines": []}, "DockerfileResolver.oj_dockerfile": {"executed_lines": [], "summary": {"covered_lines": 0, "num_statements": 3, "percent_covered": 0.0, "percent_covered_display": "0", "missing_lines": 3, "excluded_lines": 0}, "missing_lines": [61, 62, 63], "excluded_lines": []}, "DockerfileResolver.get_docker_names": {"executed_lines": [], "summary": {"covered_lines": 0, "num_statements": 1, "percent_covered": 0.0, "percent_covered_display": "0", "missing_lines": 1, "excluded_lines": 0}, "missing_lines": [75], "excluded_lines": []}, "DockerfileResolver._load_dockerfile_content": {"executed_lines": [], "summary": {"covered_lines": 0, "num_statements": 8, "percent_covered": 0.0, "percent_covered_display": "0", "missing_lines": 8, "excluded_lines": 0}, "missing_lines": [84, 86, 87, 88, 90, 91, 92, 93], "excluded_lines": []}, "DockerfileResolver._load_oj_dockerfile_content": {"executed_lines": [], "summary": {"covered_lines": 0, "num_statements": 8, "percent_covered": 0.0, "percent_covered_display": "0", "missing_lines": 8, "excluded_lines": 0}, "missing_lines": [97, 99, 100, 101, 103, 104, 105, 106], "excluded_lines": []}, "DockerfileResolver.invalidate_cache": {"executed_lines": [], "summary": {"covered_lines": 0, "num_statements": 3, "percent_covered": 0.0, "percent_covered_display": "0", "missing_lines": 3, "excluded_lines": 0}, "missing_lines": [113, 114, 115], "excluded_lines": []}, "DockerfileResolver.has_dockerfile": {"executed_lines": [], "summary": {"covered_lines": 0, "num_statements": 1, "percent_covered": 0.0, "percent_covered_display": "0", "missing_lines": 1, "excluded_lines": 0}, "missing_lines": [119], "excluded_lines": []}, "DockerfileResolver.has_oj_dockerfile": {"executed_lines": [], "summary": {"covered_lines": 0, "num_statements": 1, "percent_covered": 0.0, "percent_covered_display": "0", "missing_lines": 1, "excluded_lines": 0}, "missing_lines": [123], "excluded_lines": []}, "DockerfileResolver.preload": {"executed_lines": [], "summary": {"covered_lines": 0, "num_statements": 2, "percent_covered": 0.0, "percent_covered_display": "0", "missing_lines": 2, "excluded_lines": 0}, "missing_lines": [131, 132], "excluded_lines": []}, "DockerfileResolver.__repr__": {"executed_lines": [], "summary": {"covered_lines": 0, "num_statements": 1, "percent_covered": 0.0, "percent_covered_display": "0", "missing_lines": 1, "excluded_lines": 0}, "missing_lines": [135], "excluded_lines": []}, "": {"executed_lines": [1, 5, 6, 12, 13, 21, 41, 42, 53, 54, 65, 82, 95, 108, 117, 121, 125, 134], "summary": {"covered_lines": 16, "num_statements": 16, "percent_covered": 100.0, "percent_covered_display": "100", "missing_lines": 0, "excluded_lines": 0}, "missing_lines": [], "excluded_lines": []}}, "classes": {"DockerfileResolver": {"executed_lines": [], "summary": {"covered_lines": 0, "num_statements": 37, "percent_covered": 0.0, "percent_covered_display": "0", "missing_lines": 37, "excluded_lines": 0}, "missing_lines": [32, 33, 34, 37, 38, 39, 49, 50, 51, 61, 62, 63, 75, 84, 86, 87, 88, 90, 91, 92, 93, 97, 99, 100, 101, 103, 104, 105, 106, 113, 114, 115, 119, 123, 131, 132, 135], "excluded_lines": []}, "": {"executed_lines": [1, 5, 6, 12, 13, 21, 41, 42, 53, 54, 65, 82, 95, 108, 117, 121, 125, 134], "summary": {"covered_lines": 16, "num_statements": 16, "percent_covered": 100.0, "percent_covered_display": "100", "missing_lines": 0, "excluded_lines": 0}, "missing_lines": [], "excluded_lines": []}}}, "src/context/execution_context.py": {"executed_lines": [1, 2, 3, 4, 5, 6, 9, 10, 15, 17, 26, 27, 28, 31, 32, 33, 35, 36, 37, 39, 40, 41, 43, 44, 45, 47, 48, 49, 51, 52, 53, 55, 56, 57, 59, 60, 61, 63, 64, 65, 67, 68, 69, 71, 72, 73, 75, 76, 77, 79, 80, 81, 83, 84, 85, 86, 88, 89, 91, 93, 94, 96, 98, 99, 101, 102, 103, 105, 106, 110, 112, 113, 115, 116, 119, 120, 124, 126, 127, 128, 130, 131, 132, 135, 142, 144, 148, 150, 158, 168, 169, 172, 181, 187, 189, 199, 201, 202, 205, 206, 209, 210, 214, 215, 218, 219, 222, 223, 226, 233, 234, 238, 244, 250, 251, 254, 255, 256, 259, 260, 262], "summary": {"covered_lines": 120, "num_statements": 131, "percent_covered": 91.6030534351145, "percent_covered_display": "92", "missing_lines": 11, "excluded_lines": 0}, "missing_lines": [117, 203, 207, 211, 212, 216, 220, 224, 231, 235, 236], "excluded_lines": [], "functions": {"ExecutionContext.__init__": {"executed_lines": [17, 26, 27, 28], "summary": {"covered_lines": 4, "num_statements": 4, "percent_covered": 100.0, "percent_covered_display": "100", "missing_lines": 0, "excluded_lines": 0}, "missing_lines": [], "excluded_lines": []}, "ExecutionContext.command_type": {"executed_lines": [37], "summary": {"covered_lines": 1, "num_statements": 1, "percent_covered": 100.0, "percent_covered_display": "100", "missing_lines": 0, "excluded_lines": 0}, "missing_lines": [], "excluded_lines": []}, "ExecutionContext.language": {"executed_lines": [45], "summary": {"covered_lines": 1, "num_statements": 1, "percent_covered": 100.0, "percent_covered_display": "100", "missing_lines": 0, "excluded_lines": 0}, "missing_lines": [], "excluded_lines": []}, "ExecutionContext.contest_name": {"executed_lines": [53], "summary": {"covered_lines": 1, "num_statements": 1, "percent_covered": 100.0, "percent_covered_display": "100", "missing_lines": 0, "excluded_lines": 0}, "missing_lines": [], "excluded_lines": []}, "ExecutionContext.problem_name": {"executed_lines": [61], "summary": {"covered_lines": 1, "num_statements": 1, "percent_covered": 100.0, "percent_covered_display": "100", "missing_lines": 0, "excluded_lines": 0}, "missing_lines": [], "excluded_lines": []}, "ExecutionContext.env_type": {"executed_lines": [69], "summary": {"covered_lines": 1, "num_statements": 1, "percent_covered": 100.0, "percent_covered_display": "100", "missing_lines": 0, "excluded_lines": 0}, "missing_lines": [], "excluded_lines": []}, "ExecutionContext.env_json": {"executed_lines": [77], "summary": {"covered_lines": 1, "num_statements": 1, "percent_covered": 100.0, "percent_covered_display": "100", "missing_lines": 0, "excluded_lines": 0}, "missing_lines": [], "excluded_lines": []}, "ExecutionContext.resolver": {"executed_lines": [85, 86], "summary": {"covered_lines": 2, "num_statements": 2, "percent_covered": 100.0, "percent_covered_display": "100", "missing_lines": 0, "excluded_lines": 0}, "missing_lines": [], "excluded_lines": []}, "ExecutionContext.dockerfile_resolver": {"executed_lines": [96], "summary": {"covered_lines": 1, "num_statements": 1, "percent_covered": 100.0, "percent_covered_display": "100", "missing_lines": 0, "excluded_lines": 0}, "missing_lines": [], "excluded_lines": []}, "ExecutionContext.dockerfile": {"executed_lines": [110], "summary": {"covered_lines": 1, "num_statements": 1, "percent_covered": 100.0, "percent_covered_display": "100", "missing_lines": 0, "excluded_lines": 0}, "missing_lines": [], "excluded_lines": []}, "ExecutionContext.oj_dockerfile": {"executed_lines": [124], "summary": {"covered_lines": 1, "num_statements": 1, "percent_covered": 100.0, "percent_covered_display": "100", "missing_lines": 0, "excluded_lines": 0}, "missing_lines": [], "excluded_lines": []}, "ExecutionContext.old_execution_context": {"executed_lines": [132], "summary": {"covered_lines": 1, "num_statements": 1, "percent_covered": 100.0, "percent_covered_display": "100", "missing_lines": 0, "excluded_lines": 0}, "missing_lines": [], "excluded_lines": []}, "ExecutionContext.validate": {"executed_lines": [142], "summary": {"covered_lines": 1, "num_statements": 1, "percent_covered": 100.0, "percent_covered_display": "100", "missing_lines": 0, "excluded_lines": 0}, "missing_lines": [], "excluded_lines": []}, "ExecutionContext.resolve": {"executed_lines": [148], "summary": {"covered_lines": 1, "num_statements": 1, "percent_covered": 100.0, "percent_covered_display": "100", "missing_lines": 0, "excluded_lines": 0}, "missing_lines": [], "excluded_lines": []}, "ExecutionContext.to_format_dict": {"executed_lines": [158, 168, 169, 172, 181, 187], "summary": {"covered_lines": 6, "num_statements": 6, "percent_covered": 100.0, "percent_covered_display": "100", "missing_lines": 0, "excluded_lines": 0}, "missing_lines": [], "excluded_lines": []}, "ExecutionContext.format_string": {"executed_lines": [199], "summary": {"covered_lines": 1, "num_statements": 1, "percent_covered": 100.0, "percent_covered_display": "100", "missing_lines": 0, "excluded_lines": 0}, "missing_lines": [], "excluded_lines": []}, "ExecutionContext.workspace_path": {"executed_lines": [], "summary": {"covered_lines": 0, "num_statements": 1, "percent_covered": 0.0, "percent_covered_display": "0", "missing_lines": 1, "excluded_lines": 0}, "missing_lines": [203], "excluded_lines": []}, "ExecutionContext.contest_current_path": {"executed_lines": [], "summary": {"covered_lines": 0, "num_statements": 1, "percent_covered": 0.0, "percent_covered_display": "0", "missing_lines": 1, "excluded_lines": 0}, "missing_lines": [207], "excluded_lines": []}, "ExecutionContext.contest_stock_path": {"executed_lines": [], "summary": {"covered_lines": 0, "num_statements": 2, "percent_covered": 0.0, "percent_covered_display": "0", "missing_lines": 2, "excluded_lines": 0}, "missing_lines": [211, 212], "excluded_lines": []}, "ExecutionContext.contest_template_path": {"executed_lines": [], "summary": {"covered_lines": 0, "num_statements": 1, "percent_covered": 0.0, "percent_covered_display": "0", "missing_lines": 1, "excluded_lines": 0}, "missing_lines": [216], "excluded_lines": []}, "ExecutionContext.contest_temp_path": {"executed_lines": [], "summary": {"covered_lines": 0, "num_statements": 1, "percent_covered": 0.0, "percent_covered_display": "0", "missing_lines": 1, "excluded_lines": 0}, "missing_lines": [220], "excluded_lines": []}, "ExecutionContext.source_file_name": {"executed_lines": [], "summary": {"covered_lines": 0, "num_statements": 1, "percent_covered": 0.0, "percent_covered_display": "0", "missing_lines": 1, "excluded_lines": 0}, "missing_lines": [224], "excluded_lines": []}, "ExecutionContext.get_steps": {"executed_lines": [], "summary": {"covered_lines": 0, "num_statements": 1, "percent_covered": 0.0, "percent_covered_display": "0", "missing_lines": 1, "excluded_lines": 0}, "missing_lines": [231], "excluded_lines": []}, "ExecutionContext.language_id": {"executed_lines": [], "summary": {"covered_lines": 0, "num_statements": 2, "percent_covered": 0.0, "percent_covered_display": "0", "missing_lines": 2, "excluded_lines": 0}, "missing_lines": [235, 236], "excluded_lines": []}, "ExecutionContext.get_docker_names": {"executed_lines": [244, 250, 251, 254, 255, 256, 259, 260, 262], "summary": {"covered_lines": 9, "num_statements": 9, "percent_covered": 100.0, "percent_covered_display": "100", "missing_lines": 0, "excluded_lines": 0}, "missing_lines": [], "excluded_lines": []}, "": {"executed_lines": [1, 2, 3, 4, 5, 6, 9, 10, 15, 31, 32, 35, 36, 39, 40, 43, 44, 47, 48, 51, 52, 55, 56, 59, 60, 63, 64, 67, 68, 71, 72, 75, 76, 79, 80, 83, 84, 88, 89, 93, 94, 98, 99, 105, 106, 112, 113, 119, 120, 126, 127, 130, 131, 135, 144, 150, 189, 201, 202, 205, 206, 209, 210, 214, 215, 218, 219, 222, 223, 226, 233, 234, 238], "summary": {"covered_lines": 72, "num_statements": 72, "percent_covered": 100.0, "percent_covered_display": "100", "missing_lines": 0, "excluded_lines": 0}, "missing_lines": [], "excluded_lines": []}}, "classes": {"ExecutionContext": {"executed_lines": [17, 26, 27, 28, 33, 37, 41, 45, 49, 53, 57, 61, 65, 69, 73, 77, 81, 85, 86, 91, 96, 101, 102, 103, 110, 115, 116, 124, 128, 132, 142, 148, 158, 168, 169, 172, 181, 187, 199, 244, 250, 251, 254, 255, 256, 259, 260, 262], "summary": {"covered_lines": 48, "num_statements": 59, "percent_covered": 81.35593220338983, "percent_covered_display": "81", "missing_lines": 11, "excluded_lines": 0}, "missing_lines": [117, 203, 207, 211, 212, 216, 220, 224, 231, 235, 236], "excluded_lines": []}, "": {"executed_lines": [1, 2, 3, 4, 5, 6, 9, 10, 15, 31, 32, 35, 36, 39, 40, 43, 44, 47, 48, 51, 52, 55, 56, 59, 60, 63, 64, 67, 68, 71, 72, 75, 76, 79, 80, 83, 84, 88, 89, 93, 94, 98, 99, 105, 106, 112, 113, 119, 120, 126, 127, 130, 131, 135, 144, 150, 189, 201, 202, 205, 206, 209, 210, 214, 215, 218, 219, 222, 223, 226, 233, 234, 238], "summary": {"covered_lines": 72, "num_statements": 72, "percent_covered": 100.0, "percent_covered_display": "100", "missing_lines": 0, "excluded_lines": 0}, "missing_lines": [], "excluded_lines": []}}}, "src/context/execution_data.py": {"executed_lines": [1, 4, 5, 8, 9, 10, 14, 15, 16, 17, 18, 19, 20, 21], "summary": {"covered_lines": 12, "num_statements": 12, "percent_covered": 100.0, "percent_covered_display": "100", "missing_lines": 0, "excluded_lines": 0}, "missing_lines": [], "excluded_lines": [], "functions": {"": {"executed_lines": [1, 4, 5, 8, 9, 10, 14, 15, 16, 17, 18, 19, 20, 21], "summary": {"covered_lines": 12, "num_statements": 12, "percent_covered": 100.0, "percent_covered_display": "100", "missing_lines": 0, "excluded_lines": 0}, "missing_lines": [], "excluded_lines": []}}, "classes": {"ExecutionData": {"executed_lines": [], "summary": {"covered_lines": 0, "num_statements": 0, "percent_covered": 100.0, "percent_covered_display": "100", "missing_lines": 0, "excluded_lines": 0}, "missing_lines": [], "excluded_lines": []}, "": {"executed_lines": [1, 4, 5, 8, 9, 10, 14, 15, 16, 17, 18, 19, 20, 21], "summary": {"covered_lines": 12, "num_statements": 12, "percent_covered": 100.0, "percent_covered_display": "100", "missing_lines": 0, "excluded_lines": 0}, "missing_lines": [], "excluded_lines": []}}}, "src/context/parsers/__init__.py": {"executed_lines": [1], "summary": {"covered_lines": 0, "num_statements": 0, "percent_covered": 100.0, "percent_covered_display": "100", "missing_lines": 0, "excluded_lines": 0}, "missing_lines": [], "excluded_lines": [], "functions": {"": {"executed_lines": [1], "summary": {"covered_lines": 0, "num_statements": 0, "percent_covered": 100.0, "percent_covered_display": "100", "missing_lines": 0, "excluded_lines": 0}, "missing_lines": [], "excluded_lines": []}}, "classes": {"": {"executed_lines": [1], "summary": {"covered_lines": 0, "num_statements": 0, "percent_covered": 100.0, "percent_covered_display": "100", "missing_lines": 0, "excluded_lines": 0}, "missing_lines": [], "excluded_lines": []}}}, "src/context/parsers/input_parser.py": {"executed_lines": [1, 4, 5, 6, 9, 10, 12, 13, 26, 27, 28, 29, 30, 32, 34, 35, 37, 39, 40, 41, 42, 43, 45, 47, 48, 50, 51, 52, 53, 54, 55, 60, 62, 63, 65, 66, 67, 68, 69, 70, 71, 72, 73, 77, 78, 80, 81, 83, 85, 86, 88, 89, 91], "summary": {"covered_lines": 51, "num_statements": 55, "percent_covered": 92.72727272727273, "percent_covered_display": "93", "missing_lines": 4, "excluded_lines": 0}, "missing_lines": [56, 57, 58, 75], "excluded_lines": [], "functions": {"InputParser.parse_command_line": {"executed_lines": [26, 27, 28, 29, 30, 32], "summary": {"covered_lines": 6, "num_statements": 6, "percent_covered": 100.0, "percent_covered_display": "100", "missing_lines": 0, "excluded_lines": 0}, "missing_lines": [], "excluded_lines": []}, "InputParser._apply_language": {"executed_lines": [37, 39, 40, 41, 42, 43, 45], "summary": {"covered_lines": 7, "num_statements": 7, "percent_covered": 100.0, "percent_covered_display": "100", "missing_lines": 0, "excluded_lines": 0}, "missing_lines": [], "excluded_lines": []}, "InputParser._apply_env_type": {"executed_lines": [50, 51, 52, 53, 54, 55, 60], "summary": {"covered_lines": 7, "num_statements": 10, "percent_covered": 70.0, "percent_covered_display": "70", "missing_lines": 3, "excluded_lines": 0}, "missing_lines": [56, 57, 58], "excluded_lines": []}, "InputParser._apply_command": {"executed_lines": [65, 66, 67, 68, 69, 70, 71, 72, 73], "summary": {"covered_lines": 9, "num_statements": 10, "percent_covered": 90.0, "percent_covered_display": "90", "missing_lines": 1, "excluded_lines": 0}, "missing_lines": [75], "excluded_lines": []}, "InputParser._apply_problem_name": {"executed_lines": [80, 81, 83], "summary": {"covered_lines": 3, "num_statements": 3, "percent_covered": 100.0, "percent_covered_display": "100", "missing_lines": 0, "excluded_lines": 0}, "missing_lines": [], "excluded_lines": []}, "InputParser._apply_contest_name": {"executed_lines": [88, 89, 91], "summary": {"covered_lines": 3, "num_statements": 3, "percent_covered": 100.0, "percent_covered_display": "100", "missing_lines": 0, "excluded_lines": 0}, "missing_lines": [], "excluded_lines": []}, "": {"executed_lines": [1, 4, 5, 6, 9, 10, 12, 13, 34, 35, 47, 48, 62, 63, 77, 78, 85, 86], "summary": {"covered_lines": 16, "num_statements": 16, "percent_covered": 100.0, "percent_covered_display": "100", "missing_lines": 0, "excluded_lines": 0}, "missing_lines": [], "excluded_lines": []}}, "classes": {"InputParser": {"executed_lines": [26, 27, 28, 29, 30, 32, 37, 39, 40, 41, 42, 43, 45, 50, 51, 52, 53, 54, 55, 60, 65, 66, 67, 68, 69, 70, 71, 72, 73, 80, 81, 83, 88, 89, 91], "summary": {"covered_lines": 35, "num_statements": 39, "percent_covered": 89.74358974358974, "percent_covered_display": "90", "missing_lines": 4, "excluded_lines": 0}, "missing_lines": [56, 57, 58, 75], "excluded_lines": []}, "": {"executed_lines": [1, 4, 5, 6, 9, 10, 12, 13, 34, 35, 47, 48, 62, 63, 77, 78, 85, 86], "summary": {"covered_lines": 16, "num_statements": 16, "percent_covered": 100.0, "percent_covered_display": "100", "missing_lines": 0, "excluded_lines": 0}, "missing_lines": [], "excluded_lines": []}}}, "src/context/parsers/system_info_manager.py": {"executed_lines": [1, 4, 5, 8, 9, 11, 15, 43], "summary": {"covered_lines": 6, "num_statements": 23, "percent_covered": 26.08695652173913, "percent_covered_display": "26", "missing_lines": 17, "excluded_lines": 0}, "missing_lines": [12, 13, 22, 23, 24, 26, 27, 29, 30, 39, 40, 41, 50, 51, 52, 54, 59], "excluded_lines": [], "functions": {"SystemInfoManager.__init__": {"executed_lines": [], "summary": {"covered_lines": 0, "num_statements": 2, "percent_covered": 0.0, "percent_covered_display": "0", "missing_lines": 2, "excluded_lines": 0}, "missing_lines": [12, 13], "excluded_lines": []}, "SystemInfoManager.load_system_info": {"executed_lines": [], "summary": {"covered_lines": 0, "num_statements": 10, "percent_covered": 0.0, "percent_covered_display": "0", "missing_lines": 10, "excluded_lines": 0}, "missing_lines": [22, 23, 24, 26, 27, 29, 30, 39, 40, 41], "excluded_lines": []}, "SystemInfoManager.save_system_info": {"executed_lines": [], "summary": {"covered_lines": 0, "num_statements": 5, "percent_covered": 0.0, "percent_covered_display": "0", "missing_lines": 5, "excluded_lines": 0}, "missing_lines": [50, 51, 52, 54, 59], "excluded_lines": []}, "": {"executed_lines": [1, 4, 5, 8, 9, 11, 15, 43], "summary": {"covered_lines": 6, "num_statements": 6, "percent_covered": 100.0, "percent_covered_display": "100", "missing_lines": 0, "excluded_lines": 0}, "missing_lines": [], "excluded_lines": []}}, "classes": {"SystemInfoManager": {"executed_lines": [], "summary": {"covered_lines": 0, "num_statements": 17, "percent_covered": 0.0, "percent_covered_display": "0", "missing_lines": 17, "excluded_lines": 0}, "missing_lines": [12, 13, 22, 23, 24, 26, 27, 29, 30, 39, 40, 41, 50, 51, 52, 54, 59], "excluded_lines": []}, "": {"executed_lines": [1, 4, 5, 8, 9, 11, 15, 43], "summary": {"covered_lines": 6, "num_statements": 6, "percent_covered": 100.0, "percent_covered_display": "100", "missing_lines": 0, "excluded_lines": 0}, "missing_lines": [], "excluded_lines": []}}}, "src/context/parsers/validation_service.py": {"executed_lines": [1, 4, 7, 8, 10, 11, 42, 43, 62, 63], "summary": {"covered_lines": 8, "num_statements": 41, "percent_covered": 19.51219512195122, "percent_covered_display": "20", "missing_lines": 33, "excluded_lines": 0}, "missing_lines": [22, 23, 25, 26, 27, 29, 30, 32, 33, 35, 36, 39, 40, 53, 54, 56, 57, 59, 60, 75, 76, 79, 80, 83, 84, 85, 86, 89, 90, 91, 92, 95, 96], "excluded_lines": [], "functions": {"ValidationService.validate_env_json": {"executed_lines": [], "summary": {"covered_lines": 0, "num_statements": 13, "percent_covered": 0.0, "percent_covered_display": "0", "missing_lines": 13, "excluded_lines": 0}, "missing_lines": [22, 23, 25, 26, 27, 29, 30, 32, 33, 35, 36, 39, 40], "excluded_lines": []}, "ValidationService.validate_execution_context": {"executed_lines": [], "summary": {"covered_lines": 0, "num_statements": 6, "percent_covered": 0.0, "percent_covered_display": "0", "missing_lines": 6, "excluded_lines": 0}, "missing_lines": [53, 54, 56, 57, 59, 60], "excluded_lines": []}, "ValidationService._validate_debug_config": {"executed_lines": [], "summary": {"covered_lines": 0, "num_statements": 14, "percent_covered": 0.0, "percent_covered_display": "0", "missing_lines": 14, "excluded_lines": 0}, "missing_lines": [75, 76, 79, 80, 83, 84, 85, 86, 89, 90, 91, 92, 95, 96], "excluded_lines": []}, "": {"executed_lines": [1, 4, 7, 8, 10, 11, 42, 43, 62, 63], "summary": {"covered_lines": 8, "num_statements": 8, "percent_covered": 100.0, "percent_covered_display": "100", "missing_lines": 0, "excluded_lines": 0}, "missing_lines": [], "excluded_lines": []}}, "classes": {"ValidationService": {"executed_lines": [], "summary": {"covered_lines": 0, "num_statements": 33, "percent_covered": 0.0, "percent_covered_display": "0", "missing_lines": 33, "excluded_lines": 0}, "missing_lines": [22, 23, 25, 26, 27, 29, 30, 32, 33, 35, 36, 39, 40, 53, 54, 56, 57, 59, 60, 75, 76, 79, 80, 83, 84, 85, 86, 89, 90, 91, 92, 95, 96], "excluded_lines": []}, "": {"executed_lines": [1, 4, 7, 8, 10, 11, 42, 43, 62, 63], "summary": {"covered_lines": 8, "num_statements": 8, "percent_covered": 100.0, "percent_covered_display": "100", "missing_lines": 0, "excluded_lines": 0}, "missing_lines": [], "excluded_lines": []}}}, "src/context/resolver/config_node.py": {"executed_lines": [1, 2, 4, 5, 6, 7, 8, 9, 10, 12, 13, 15, 18, 21, 24], "summary": {"covered_lines": 15, "num_statements": 19, "percent_covered": 78.94736842105263, "percent_covered_display": "79", "missing_lines": 4, "excluded_lines": 0}, "missing_lines": [16, 19, 22, 25], "excluded_lines": [], "functions": {"ConfigNode.__init__": {"executed_lines": [6, 7, 8, 9, 10], "summary": {"covered_lines": 5, "num_statements": 5, "percent_covered": 100.0, "percent_covered_display": "100", "missing_lines": 0, "excluded_lines": 0}, "missing_lines": [], "excluded_lines": []}, "ConfigNode.__repr__": {"executed_lines": [13], "summary": {"covered_lines": 1, "num_statements": 1, "percent_covered": 100.0, "percent_covered_display": "100", "missing_lines": 0, "excluded_lines": 0}, "missing_lines": [], "excluded_lines": []}, "ConfigNode.add_edge": {"executed_lines": [], "summary": {"covered_lines": 0, "num_statements": 1, "percent_covered": 0.0, "percent_covered_display": "0", "missing_lines": 1, "excluded_lines": 0}, "missing_lines": [16], "excluded_lines": []}, "ConfigNode.next_nodes_with_key": {"executed_lines": [], "summary": {"covered_lines": 0, "num_statements": 1, "percent_covered": 0.0, "percent_covered_display": "0", "missing_lines": 1, "excluded_lines": 0}, "missing_lines": [19], "excluded_lines": []}, "ConfigNode.path": {"executed_lines": [], "summary": {"covered_lines": 0, "num_statements": 1, "percent_covered": 0.0, "percent_covered_display": "0", "missing_lines": 1, "excluded_lines": 0}, "missing_lines": [22], "excluded_lines": []}, "ConfigNode.find_nearest_key_node": {"executed_lines": [], "summary": {"covered_lines": 0, "num_statements": 1, "percent_covered": 0.0, "percent_covered_display": "0", "missing_lines": 1, "excluded_lines": 0}, "missing_lines": [25], "excluded_lines": []}, "": {"executed_lines": [1, 2, 4, 5, 12, 15, 18, 21, 24], "summary": {"covered_lines": 9, "num_statements": 9, "percent_covered": 100.0, "percent_covered_display": "100", "missing_lines": 0, "excluded_lines": 0}, "missing_lines": [], "excluded_lines": []}}, "classes": {"ConfigNode": {"executed_lines": [6, 7, 8, 9, 10, 13], "summary": {"covered_lines": 6, "num_statements": 10, "percent_covered": 60.0, "percent_covered_display": "60", "missing_lines": 4, "excluded_lines": 0}, "missing_lines": [16, 19, 22, 25], "excluded_lines": []}, "": {"executed_lines": [1, 2, 4, 5, 12, 15, 18, 21, 24], "summary": {"covered_lines": 9, "num_statements": 9, "percent_covered": 100.0, "percent_covered_display": "100", "missing_lines": 0, "excluded_lines": 0}, "missing_lines": [], "excluded_lines": []}}}, "src/context/resolver/config_node_logic.py": {"executed_lines": [1, 2, 3, 6, 7, 8, 9, 10, 11, 12, 13, 14, 16, 17, 18, 19, 20, 22, 23, 24, 25, 26, 27, 28, 30, 31, 33, 34, 35, 36, 37, 38, 39, 40, 41, 42, 44, 45, 46, 47, 48, 49, 50], "summary": {"covered_lines": 43, "num_statements": 45, "percent_covered": 95.55555555555556, "percent_covered_display": "96", "missing_lines": 2, "excluded_lines": 0}, "missing_lines": [4, 43], "excluded_lines": [], "functions": {"init_matches": {"executed_lines": [7, 8, 9, 10, 11, 12, 13, 14], "summary": {"covered_lines": 8, "num_statements": 8, "percent_covered": 100.0, "percent_covered_display": "100", "missing_lines": 0, "excluded_lines": 0}, "missing_lines": [], "excluded_lines": []}, "add_edge": {"executed_lines": [17, 18, 19, 20], "summary": {"covered_lines": 4, "num_statements": 4, "percent_covered": 100.0, "percent_covered_display": "100", "missing_lines": 0, "excluded_lines": 0}, "missing_lines": [], "excluded_lines": []}, "path": {"executed_lines": [23, 24, 25, 26, 27, 28], "summary": {"covered_lines": 6, "num_statements": 6, "percent_covered": 100.0, "percent_covered_display": "100", "missing_lines": 0, "excluded_lines": 0}, "missing_lines": [], "excluded_lines": []}, "next_nodes_with_key": {"executed_lines": [31], "summary": {"covered_lines": 1, "num_statements": 1, "percent_covered": 100.0, "percent_covered_display": "100", "missing_lines": 0, "excluded_lines": 0}, "missing_lines": [], "excluded_lines": []}, "find_nearest_key_node": {"executed_lines": [34, 35, 36, 37, 38, 39, 40, 41, 42, 44, 45, 46, 47, 48, 49, 50], "summary": {"covered_lines": 16, "num_statements": 17, "percent_covered": 94.11764705882354, "percent_covered_display": "94", "missing_lines": 1, "excluded_lines": 0}, "missing_lines": [43], "excluded_lines": []}, "": {"executed_lines": [1, 2, 3, 6, 16, 22, 30, 33], "summary": {"covered_lines": 8, "num_statements": 9, "percent_covered": 88.88888888888889, "percent_covered_display": "89", "missing_lines": 1, "excluded_lines": 0}, "missing_lines": [4], "excluded_lines": []}}, "classes": {"": {"executed_lines": [1, 2, 3, 6, 7, 8, 9, 10, 11, 12, 13, 14, 16, 17, 18, 19, 20, 22, 23, 24, 25, 26, 27, 28, 30, 31, 33, 34, 35, 36, 37, 38, 39, 40, 41, 42, 44, 45, 46, 47, 48, 49, 50], "summary": {"covered_lines": 43, "num_statements": 45, "percent_covered": 95.55555555555556, "percent_covered_display": "96", "missing_lines": 2, "excluded_lines": 0}, "missing_lines": [4, 43], "excluded_lines": []}}}, "src/context/resolver/config_resolver.py": {"executed_lines": [1, 2, 3, 4, 5, 7, 8, 9, 10, 11, 12, 13, 14, 15, 16, 22, 23, 25, 26, 27, 28, 29, 30, 31, 32, 33, 34, 35, 37, 38, 39, 40, 42, 43, 44, 46, 49, 97, 136, 137, 138, 139, 140, 141, 142, 143, 144, 145, 146, 147, 148, 149, 150, 151, 152, 153, 154, 155, 156, 157, 158, 159, 160], "summary": {"covered_lines": 63, "num_statements": 127, "percent_covered": 49.60629921259842, "percent_covered_display": "50", "missing_lines": 64, "excluded_lines": 0}, "missing_lines": [17, 18, 19, 20, 21, 24, 47, 61, 62, 64, 65, 68, 69, 71, 72, 73, 74, 75, 78, 79, 80, 81, 82, 83, 84, 85, 86, 87, 90, 91, 92, 94, 95, 98, 99, 100, 101, 103, 105, 106, 107, 108, 110, 111, 112, 113, 114, 115, 116, 118, 119, 120, 121, 122, 123, 124, 125, 126, 127, 129, 130, 131, 133, 134], "excluded_lines": [], "functions": {"create_config_root_from_dict": {"executed_lines": [8, 9, 10, 11, 12, 13, 14, 15, 16, 22, 23, 25, 26, 27, 28, 29, 30, 31, 32, 33, 34, 35], "summary": {"covered_lines": 22, "num_statements": 28, "percent_covered": 78.57142857142857, "percent_covered_display": "79", "missing_lines": 6, "excluded_lines": 0}, "missing_lines": [17, 18, 19, 20, 21, 24], "excluded_lines": []}, "resolve_by_match_desc": {"executed_lines": [38, 39, 40], "summary": {"covered_lines": 3, "num_statements": 3, "percent_covered": 100.0, "percent_covered_display": "100", "missing_lines": 0, "excluded_lines": 0}, "missing_lines": [], "excluded_lines": []}, "resolve_best": {"executed_lines": [43, 44], "summary": {"covered_lines": 2, "num_statements": 2, "percent_covered": 100.0, "percent_covered_display": "100", "missing_lines": 0, "excluded_lines": 0}, "missing_lines": [], "excluded_lines": []}, "resolve_values": {"executed_lines": [], "summary": {"covered_lines": 0, "num_statements": 1, "percent_covered": 0.0, "percent_covered_display": "0", "missing_lines": 1, "excluded_lines": 0}, "missing_lines": [47], "excluded_lines": []}, "resolve_formatted_string": {"executed_lines": [], "summary": {"covered_lines": 0, "num_statements": 26, "percent_covered": 0.0, "percent_covered_display": "0", "missing_lines": 26, "excluded_lines": 0}, "missing_lines": [61, 62, 64, 65, 68, 69, 71, 72, 73, 74, 75, 78, 79, 80, 81, 82, 83, 84, 85, 86, 87, 90, 91, 92, 94, 95], "excluded_lines": []}, "resolve_format_string": {"executed_lines": [], "summary": {"covered_lines": 0, "num_statements": 31, "percent_covered": 0.0, "percent_covered_display": "0", "missing_lines": 31, "excluded_lines": 0}, "missing_lines": [98, 99, 100, 101, 103, 105, 106, 107, 108, 110, 111, 112, 113, 114, 115, 116, 118, 119, 120, 121, 122, 123, 124, 125, 126, 127, 129, 130, 131, 133, 134], "excluded_lines": []}, "_resolve_by_match_desc": {"executed_lines": [137, 138, 139, 140, 141, 142, 143, 144, 145, 146, 147, 148, 149, 150, 151, 152, 153, 154, 155, 156, 157, 158, 159, 160], "summary": {"covered_lines": 24, "num_statements": 24, "percent_covered": 100.0, "percent_covered_display": "100", "missing_lines": 0, "excluded_lines": 0}, "missing_lines": [], "excluded_lines": []}, "": {"executed_lines": [1, 2, 3, 4, 5, 7, 37, 42, 46, 49, 97, 136], "summary": {"covered_lines": 12, "num_statements": 12, "percent_covered": 100.0, "percent_covered_display": "100", "missing_lines": 0, "excluded_lines": 0}, "missing_lines": [], "excluded_lines": []}}, "classes": {"": {"executed_lines": [1, 2, 3, 4, 5, 7, 8, 9, 10, 11, 12, 13, 14, 15, 16, 22, 23, 25, 26, 27, 28, 29, 30, 31, 32, 33, 34, 35, 37, 38, 39, 40, 42, 43, 44, 46, 49, 97, 136, 137, 138, 139, 140, 141, 142, 143, 144, 145, 146, 147, 148, 149, 150, 151, 152, 153, 154, 155, 156, 157, 158, 159, 160], "summary": {"covered_lines": 63, "num_statements": 127, "percent_covered": 49.60629921259842, "percent_covered_display": "50", "missing_lines": 64, "excluded_lines": 0}, "missing_lines": [17, 18, 19, 20, 21, 24, 47, 61, 62, 64, 65, 68, 69, 71, 72, 73, 74, 75, 78, 79, 80, 81, 82, 83, 84, 85, 86, 87, 90, 91, 92, 94, 95, 98, 99, 100, 101, 103, 105, 106, 107, 108, 110, 111, 112, 113, 114, 115, 116, 118, 119, 120, 121, 122, 123, 124, 125, 126, 127, 129, 130, 131, 133, 134], "excluded_lines": []}}}, "src/context/user_input_parser.py": {"executed_lines": [1, 2, 3, 4, 5, 6, 7, 8, 10, 13, 15, 16, 17, 18, 20, 21, 22, 25, 26, 28, 29, 31, 32, 33, 34, 35, 38, 39, 40, 41, 43, 46, 48, 49, 50, 51, 52, 53, 54, 55, 60, 61, 62, 63, 64, 65, 66, 67, 68, 71, 80, 81, 84, 85, 95, 98, 99, 100, 101, 102, 103, 106, 110, 111, 114, 115, 119, 129, 130, 131, 133, 138], "summary": {"covered_lines": 72, "num_statements": 76, "percent_covered": 94.73684210526316, "percent_covered_display": "95", "missing_lines": 4, "excluded_lines": 0}, "missing_lines": [23, 139, 140, 141], "excluded_lines": [], "functions": {"_load_all_env_jsons": {"executed_lines": [15, 16, 17, 18, 20, 21, 22, 25, 26, 28, 29, 31, 32, 33, 34, 35, 38, 39, 40, 41, 43], "summary": {"covered_lines": 21, "num_statements": 22, "percent_covered": 95.45454545454545, "percent_covered_display": "95", "missing_lines": 1, "excluded_lines": 0}, "missing_lines": [23], "excluded_lines": []}, "_apply_env_json": {"executed_lines": [48, 49, 50, 51, 52, 53, 54, 55], "summary": {"covered_lines": 8, "num_statements": 8, "percent_covered": 100.0, "percent_covered_display": "100", "missing_lines": 0, "excluded_lines": 0}, "missing_lines": [], "excluded_lines": []}, "make_dockerfile_loader": {"executed_lines": [61, 68], "summary": {"covered_lines": 2, "num_statements": 2, "percent_covered": 100.0, "percent_covered_display": "100", "missing_lines": 0, "excluded_lines": 0}, "missing_lines": [], "excluded_lines": []}, "make_dockerfile_loader.loader": {"executed_lines": [62, 63, 64, 65, 66, 67], "summary": {"covered_lines": 6, "num_statements": 6, "percent_covered": 100.0, "percent_covered_display": "100", "missing_lines": 0, "excluded_lines": 0}, "missing_lines": [], "excluded_lines": []}, "parse_user_input": {"executed_lines": [80, 81, 84, 85, 95, 98, 99, 100, 101, 102, 103, 106, 110, 111, 114, 115, 119, 129, 130, 131, 133], "summary": {"covered_lines": 21, "num_statements": 21, "percent_covered": 100.0, "percent_covered_display": "100", "missing_lines": 0, "excluded_lines": 0}, "missing_lines": [], "excluded_lines": []}, "": {"executed_lines": [1, 2, 3, 4, 5, 6, 7, 8, 10, 13, 46, 60, 71, 138], "summary": {"covered_lines": 14, "num_statements": 17, "percent_covered": 82.3529411764706, "percent_covered_display": "82", "missing_lines": 3, "excluded_lines": 0}, "missing_lines": [139, 140, 141], "excluded_lines": []}}, "classes": {"": {"executed_lines": [1, 2, 3, 4, 5, 6, 7, 8, 10, 13, 15, 16, 17, 18, 20, 21, 22, 25, 26, 28, 29, 31, 32, 33, 34, 35, 38, 39, 40, 41, 43, 46, 48, 49, 50, 51, 52, 53, 54, 55, 60, 61, 62, 63, 64, 65, 66, 67, 68, 71, 80, 81, 84, 85, 95, 98, 99, 100, 101, 102, 103, 106, 110, 111, 114, 115, 119, 129, 130, 131, 133, 138], "summary": {"covered_lines": 72, "num_statements": 76, "percent_covered": 94.73684210526316, "percent_covered_display": "95", "missing_lines": 4, "excluded_lines": 0}, "missing_lines": [23, 139, 140, 141], "excluded_lines": []}}}, "src/context/utils/__init__.py": {"executed_lines": [1, 4, 5, 7], "summary": {"covered_lines": 3, "num_statements": 3, "percent_covered": 100.0, "percent_covered_display": "100", "missing_lines": 0, "excluded_lines": 0}, "missing_lines": [], "excluded_lines": [], "functions": {"": {"executed_lines": [1, 4, 5, 7], "summary": {"covered_lines": 3, "num_statements": 3, "percent_covered": 100.0, "percent_covered_display": "100", "missing_lines": 0, "excluded_lines": 0}, "missing_lines": [], "excluded_lines": []}}, "classes": {"": {"executed_lines": [1, 4, 5, 7], "summary": {"covered_lines": 3, "num_statements": 3, "percent_covered": 100.0, "percent_covered_display": "100", "missing_lines": 0, "excluded_lines": 0}, "missing_lines": [], "excluded_lines": []}}}, "src/context/utils/format_utils.py": {"executed_lines": [1, 7, 8, 9, 12, 15, 16, 25, 29, 32, 38, 39, 41, 42, 43, 45, 46, 50, 53, 88, 102, 118], "summary": {"covered_lines": 21, "num_statements": 41, "percent_covered": 51.21951219512195, "percent_covered_display": "51", "missing_lines": 20, "excluded_lines": 0}, "missing_lines": [68, 69, 72, 74, 75, 76, 78, 79, 80, 82, 83, 84, 85, 99, 113, 114, 116, 119, 120, 121], "excluded_lines": [], "functions": {"extract_format_keys": {"executed_lines": [25], "summary": {"covered_lines": 1, "num_statements": 1, "percent_covered": 100.0, "percent_covered_display": "100", "missing_lines": 0, "excluded_lines": 0}, "missing_lines": [], "excluded_lines": []}, "format_with_missing_keys": {"executed_lines": [38, 39, 41, 42, 45, 46], "summary": {"covered_lines": 6, "num_statements": 6, "percent_covered": 100.0, "percent_covered_display": "100", "missing_lines": 0, "excluded_lines": 0}, "missing_lines": [], "excluded_lines": []}, "format_with_missing_keys.SafeDict.__missing__": {"executed_lines": [43], "summary": {"covered_lines": 1, "num_statements": 1, "percent_covered": 100.0, "percent_covered_display": "100", "missing_lines": 0, "excluded_lines": 0}, "missing_lines": [], "excluded_lines": []}, "format_with_context": {"executed_lines": [], "summary": {"covered_lines": 0, "num_statements": 12, "percent_covered": 0.0, "percent_covered_display": "0", "missing_lines": 12, "excluded_lines": 0}, "missing_lines": [68, 69, 72, 74, 75, 78, 79, 80, 82, 83, 84, 85], "excluded_lines": []}, "format_with_context.SafeDict.__missing__": {"executed_lines": [], "summary": {"covered_lines": 0, "num_statements": 1, "percent_covered": 0.0, "percent_covered_display": "0", "missing_lines": 1, "excluded_lines": 0}, "missing_lines": [76], "excluded_lines": []}, "build_path_template": {"executed_lines": [], "summary": {"covered_lines": 0, "num_statements": 1, "percent_covered": 0.0, "percent_covered_display": "0", "missing_lines": 1, "excluded_lines": 0}, "missing_lines": [99], "excluded_lines": []}, "validate_template_keys": {"executed_lines": [], "summary": {"covered_lines": 0, "num_statements": 3, "percent_covered": 0.0, "percent_covered_display": "0", "missing_lines": 3, "excluded_lines": 0}, "missing_lines": [113, 114, 116], "excluded_lines": []}, "": {"executed_lines": [1, 7, 8, 9, 12, 15, 16, 29, 32, 50, 53, 88, 102, 118], "summary": {"covered_lines": 13, "num_statements": 16, "percent_covered": 81.25, "percent_covered_display": "81", "missing_lines": 3, "excluded_lines": 0}, "missing_lines": [119, 120, 121], "excluded_lines": []}}, "classes": {"format_with_missing_keys.SafeDict": {"executed_lines": [43], "summary": {"covered_lines": 1, "num_statements": 1, "percent_covered": 100.0, "percent_covered_display": "100", "missing_lines": 0, "excluded_lines": 0}, "missing_lines": [], "excluded_lines": []}, "format_with_context.SafeDict": {"executed_lines": [], "summary": {"covered_lines": 0, "num_statements": 1, "percent_covered": 0.0, "percent_covered_display": "0", "missing_lines": 1, "excluded_lines": 0}, "missing_lines": [76], "excluded_lines": []}, "": {"executed_lines": [1, 7, 8, 9, 12, 15, 16, 25, 29, 32, 38, 39, 41, 42, 45, 46, 50, 53, 88, 102, 118], "summary": {"covered_lines": 20, "num_statements": 39, "percent_covered": 51.282051282051285, "percent_covered_display": "51", "missing_lines": 19, "excluded_lines": 0}, "missing_lines": [68, 69, 72, 74, 75, 78, 79, 80, 82, 83, 84, 85, 99, 113, 114, 116, 119, 120, 121], "excluded_lines": []}}}, "src/context/utils/validation_utils.py": {"executed_lines": [1, 4, 25, 26, 27, 28, 29, 30, 32, 35, 36, 39, 40, 43, 44, 46, 49, 64, 66, 67, 68, 69, 72, 73, 74, 75, 78, 79, 80, 81], "summary": {"covered_lines": 30, "num_statements": 32, "percent_covered": 93.75, "percent_covered_display": "94", "missing_lines": 2, "excluded_lines": 0}, "missing_lines": [31, 33], "excluded_lines": [], "functions": {"validate_execution_context_data": {"executed_lines": [25, 26, 27, 28, 29, 30, 32, 35, 36, 39, 40, 43, 44, 46], "summary": {"covered_lines": 14, "num_statements": 16, "percent_covered": 87.5, "percent_covered_display": "88", "missing_lines": 2, "excluded_lines": 0}, "missing_lines": [31, 33], "excluded_lines": []}, "get_steps_from_resolver": {"executed_lines": [64, 66, 67, 68, 69, 72, 73, 74, 75, 78, 79, 80, 81], "summary": {"covered_lines": 13, "num_statements": 13, "percent_covered": 100.0, "percent_covered_display": "100", "missing_lines": 0, "excluded_lines": 0}, "missing_lines": [], "excluded_lines": []}, "": {"executed_lines": [1, 4, 49], "summary": {"covered_lines": 3, "num_statements": 3, "percent_covered": 100.0, "percent_covered_display": "100", "missing_lines": 0, "excluded_lines": 0}, "missing_lines": [], "excluded_lines": []}}, "classes": {"": {"executed_lines": [1, 4, 25, 26, 27, 28, 29, 30, 32, 35, 36, 39, 40, 43, 44, 46, 49, 64, 66, 67, 68, 69, 72, 73, 74, 75, 78, 79, 80, 81], "summary": {"covered_lines": 30, "num_statements": 32, "percent_covered": 93.75, "percent_covered_display": "94", "missing_lines": 2, "excluded_lines": 0}, "missing_lines": [31, 33], "excluded_lines": []}}}, "src/env/__init__.py": {"executed_lines": [], "summary": {"covered_lines": 0, "num_statements": 12, "percent_covered": 0.0, "percent_covered_display": "0", "missing_lines": 12, "excluded_lines": 0}, "missing_lines": [10, 11, 14, 15, 18, 19, 20, 21, 24, 25, 26, 31], "excluded_lines": [], "functions": {"": {"executed_lines": [], "summary": {"covered_lines": 0, "num_statements": 12, "percent_covered": 0.0, "percent_covered_display": "0", "missing_lines": 12, "excluded_lines": 0}, "missing_lines": [10, 11, 14, 15, 18, 19, 20, 21, 24, 25, 26, 31], "excluded_lines": []}}, "classes": {"": {"executed_lines": [], "summary": {"covered_lines": 0, "num_statements": 12, "percent_covered": 0.0, "percent_covered_display": "0", "missing_lines": 12, "excluded_lines": 0}, "missing_lines": [10, 11, 14, 15, 18, 19, 20, 21, 24, 25, 26, 31], "excluded_lines": []}}}, "src/env/build_operations.py": {"executed_lines": [], "summary": {"covered_lines": 0, "num_statements": 53, "percent_covered": 0.0, "percent_covered_display": "0", "missing_lines": 53, "excluded_lines": 0}, "missing_lines": [1, 2, 3, 5, 6, 7, 9, 14, 16, 17, 18, 21, 23, 24, 25, 26, 27, 28, 29, 30, 31, 32, 33, 34, 36, 37, 38, 40, 44, 45, 46, 47, 49, 51, 52, 53, 54, 57, 59, 60, 61, 62, 63, 64, 65, 66, 67, 68, 69, 70, 72, 73, 74], "excluded_lines": [], "functions": {"build_operations": {"executed_lines": [], "summary": {"covered_lines": 0, "num_statements": 20, "percent_covered": 0.0, "percent_covered_display": "0", "missing_lines": 20, "excluded_lines": 0}, "missing_lines": [14, 16, 17, 18, 21, 23, 24, 25, 26, 27, 28, 29, 30, 31, 32, 33, 34, 36, 37, 38], "excluded_lines": []}, "build_mock_operations": {"executed_lines": [], "summary": {"covered_lines": 0, "num_statements": 25, "percent_covered": 0.0, "percent_covered_display": "0", "missing_lines": 25, "excluded_lines": 0}, "missing_lines": [44, 45, 46, 47, 49, 51, 52, 53, 54, 57, 59, 60, 61, 62, 63, 64, 65, 66, 67, 68, 69, 70, 72, 73, 74], "excluded_lines": []}, "": {"executed_lines": [], "summary": {"covered_lines": 0, "num_statements": 8, "percent_covered": 0.0, "percent_covered_display": "0", "missing_lines": 8, "excluded_lines": 0}, "missing_lines": [1, 2, 3, 5, 6, 7, 9, 40], "excluded_lines": []}}, "classes": {"": {"executed_lines": [], "summary": {"covered_lines": 0, "num_statements": 53, "percent_covered": 0.0, "percent_covered_display": "0", "missing_lines": 53, "excluded_lines": 0}, "missing_lines": [1, 2, 3, 5, 6, 7, 9, 14, 16, 17, 18, 21, 23, 24, 25, 26, 27, 28, 29, 30, 31, 32, 33, 34, 36, 37, 38, 40, 44, 45, 46, 47, 49, 51, 52, 53, 54, 57, 59, 60, 61, 62, 63, 64, 65, 66, 67, 68, 69, 70, 72, 73, 74], "excluded_lines": []}}}, "src/env/step/__init__.py": {"executed_lines": [], "summary": {"covered_lines": 0, "num_statements": 2, "percent_covered": 0.0, "percent_covered_display": "0", "missing_lines": 2, "excluded_lines": 0}, "missing_lines": [1, 2], "excluded_lines": [], "functions": {"": {"executed_lines": [], "summary": {"covered_lines": 0, "num_statements": 2, "percent_covered": 0.0, "percent_covered_display": "0", "missing_lines": 2, "excluded_lines": 0}, "missing_lines": [1, 2], "excluded_lines": []}}, "classes": {"": {"executed_lines": [], "summary": {"covered_lines": 0, "num_statements": 2, "percent_covered": 0.0, "percent_covered_display": "0", "missing_lines": 2, "excluded_lines": 0}, "missing_lines": [1, 2], "excluded_lines": []}}}, "src/env/step/run_step_base.py": {"executed_lines": [], "summary": {"covered_lines": 0, "num_statements": 15, "percent_covered": 0.0, "percent_covered_display": "0", "missing_lines": 15, "excluded_lines": 0}, "missing_lines": [1, 2, 4, 5, 10, 11, 12, 13, 14, 15, 17, 18, 19, 28, 29], "excluded_lines": [], "functions": {"RunStep.from_dict": {"executed_lines": [], "summary": {"covered_lines": 0, "num_statements": 1, "percent_covered": 0.0, "percent_covered_display": "0", "missing_lines": 1, "excluded_lines": 0}, "missing_lines": [19], "excluded_lines": []}, "RunStep.validate": {"executed_lines": [], "summary": {"covered_lines": 0, "num_statements": 1, "percent_covered": 0.0, "percent_covered_display": "0", "missing_lines": 1, "excluded_lines": 0}, "missing_lines": [29], "excluded_lines": []}, "": {"executed_lines": [], "summary": {"covered_lines": 0, "num_statements": 13, "percent_covered": 0.0, "percent_covered_display": "0", "missing_lines": 13, "excluded_lines": 0}, "missing_lines": [1, 2, 4, 5, 10, 11, 12, 13, 14, 15, 17, 18, 28], "excluded_lines": []}}, "classes": {"RunStep": {"executed_lines": [], "summary": {"covered_lines": 0, "num_statements": 2, "percent_covered": 0.0, "percent_covered_display": "0", "missing_lines": 2, "excluded_lines": 0}, "missing_lines": [19, 29], "excluded_lines": []}, "": {"executed_lines": [], "summary": {"covered_lines": 0, "num_statements": 13, "percent_covered": 0.0, "percent_covered_display": "0", "missing_lines": 13, "excluded_lines": 0}, "missing_lines": [1, 2, 4, 5, 10, 11, 12, 13, 14, 15, 17, 18, 28], "excluded_lines": []}}}, "src/env/step/run_step_build.py": {"executed_lines": [], "summary": {"covered_lines": 0, "num_statements": 8, "percent_covered": 0.0, "percent_covered_display": "0", "missing_lines": 8, "excluded_lines": 0}, "missing_lines": [1, 2, 4, 5, 10, 12, 13, 14], "excluded_lines": [], "functions": {"BuildRunStep.validate": {"executed_lines": [], "summary": {"covered_lines": 0, "num_statements": 3, "percent_covered": 0.0, "percent_covered_display": "0", "missing_lines": 3, "excluded_lines": 0}, "missing_lines": [12, 13, 14], "excluded_lines": []}, "": {"executed_lines": [], "summary": {"covered_lines": 0, "num_statements": 5, "percent_covered": 0.0, "percent_covered_display": "0", "missing_lines": 5, "excluded_lines": 0}, "missing_lines": [1, 2, 4, 5, 10], "excluded_lines": []}}, "classes": {"BuildRunStep": {"executed_lines": [], "summary": {"covered_lines": 0, "num_statements": 3, "percent_covered": 0.0, "percent_covered_display": "0", "missing_lines": 3, "excluded_lines": 0}, "missing_lines": [12, 13, 14], "excluded_lines": []}, "": {"executed_lines": [], "summary": {"covered_lines": 0, "num_statements": 5, "percent_covered": 0.0, "percent_covered_display": "0", "missing_lines": 5, "excluded_lines": 0}, "missing_lines": [1, 2, 4, 5, 10], "excluded_lines": []}}}, "src/env/step/run_step_copy.py": {"executed_lines": [], "summary": {"covered_lines": 0, "num_statements": 14, "percent_covered": 0.0, "percent_covered_display": "0", "missing_lines": 14, "excluded_lines": 0}, "missing_lines": [1, 2, 4, 5, 10, 11, 12, 13, 14, 15, 17, 18, 19, 21], "excluded_lines": [], "functions": {"CopyRunStep.validate": {"executed_lines": [], "summary": {"covered_lines": 0, "num_statements": 3, "percent_covered": 0.0, "percent_covered_display": "0", "missing_lines": 3, "excluded_lines": 0}, "missing_lines": [11, 12, 13], "excluded_lines": []}, "CopyRunStep.src": {"executed_lines": [], "summary": {"covered_lines": 0, "num_statements": 1, "percent_covered": 0.0, "percent_covered_display": "0", "missing_lines": 1, "excluded_lines": 0}, "missing_lines": [17], "excluded_lines": []}, "CopyRunStep.dst": {"executed_lines": [], "summary": {"covered_lines": 0, "num_statements": 1, "percent_covered": 0.0, "percent_covered_display": "0", "missing_lines": 1, "excluded_lines": 0}, "missing_lines": [21], "excluded_lines": []}, "": {"executed_lines": [], "summary": {"covered_lines": 0, "num_statements": 9, "percent_covered": 0.0, "percent_covered_display": "0", "missing_lines": 9, "excluded_lines": 0}, "missing_lines": [1, 2, 4, 5, 10, 14, 15, 18, 19], "excluded_lines": []}}, "classes": {"CopyRunStep": {"executed_lines": [], "summary": {"covered_lines": 0, "num_statements": 5, "percent_covered": 0.0, "percent_covered_display": "0", "missing_lines": 5, "excluded_lines": 0}, "missing_lines": [11, 12, 13, 17, 21], "excluded_lines": []}, "": {"executed_lines": [], "summary": {"covered_lines": 0, "num_statements": 9, "percent_covered": 0.0, "percent_covered_display": "0", "missing_lines": 9, "excluded_lines": 0}, "missing_lines": [1, 2, 4, 5, 10, 14, 15, 18, 19], "excluded_lines": []}}}, "src/env/step/run_step_factory.py": {"executed_lines": [], "summary": {"covered_lines": 0, "num_statements": 15, "percent_covered": 0.0, "percent_covered_display": "0", "missing_lines": 15, "excluded_lines": 0}, "missing_lines": [1, 2, 4, 5, 6, 7, 8, 9, 10, 12, 13, 15, 16, 24, 25], "excluded_lines": [], "functions": {"RunStepFactory.from_dict": {"executed_lines": [], "summary": {"covered_lines": 0, "num_statements": 10, "percent_covered": 0.0, "percent_covered_display": "0", "missing_lines": 10, "excluded_lines": 0}, "missing_lines": [7, 8, 9, 10, 12, 13, 15, 16, 24, 25], "excluded_lines": []}, "": {"executed_lines": [], "summary": {"covered_lines": 0, "num_statements": 5, "percent_covered": 0.0, "percent_covered_display": "0", "missing_lines": 5, "excluded_lines": 0}, "missing_lines": [1, 2, 4, 5, 6], "excluded_lines": []}}, "classes": {"RunStepFactory": {"executed_lines": [], "summary": {"covered_lines": 0, "num_statements": 10, "percent_covered": 0.0, "percent_covered_display": "0", "missing_lines": 10, "excluded_lines": 0}, "missing_lines": [7, 8, 9, 10, 12, 13, 15, 16, 24, 25], "excluded_lines": []}, "": {"executed_lines": [], "summary": {"covered_lines": 0, "num_statements": 5, "percent_covered": 0.0, "percent_covered_display": "0", "missing_lines": 5, "excluded_lines": 0}, "missing_lines": [1, 2, 4, 5, 6], "excluded_lines": []}}}, "src/env/step/run_step_mkdir.py": {"executed_lines": [], "summary": {"covered_lines": 0, "num_statements": 11, "percent_covered": 0.0, "percent_covered_display": "0", "missing_lines": 11, "excluded_lines": 0}, "missing_lines": [1, 2, 4, 5, 10, 11, 12, 13, 14, 15, 17], "excluded_lines": [], "functions": {"MkdirRunStep.validate": {"executed_lines": [], "summary": {"covered_lines": 0, "num_statements": 3, "percent_covered": 0.0, "percent_covered_display": "0", "missing_lines": 3, "excluded_lines": 0}, "missing_lines": [11, 12, 13], "excluded_lines": []}, "MkdirRunStep.target": {"executed_lines": [], "summary": {"covered_lines": 0, "num_statements": 1, "percent_covered": 0.0, "percent_covered_display": "0", "missing_lines": 1, "excluded_lines": 0}, "missing_lines": [17], "excluded_lines": []}, "": {"executed_lines": [], "summary": {"covered_lines": 0, "num_statements": 7, "percent_covered": 0.0, "percent_covered_display": "0", "missing_lines": 7, "excluded_lines": 0}, "missing_lines": [1, 2, 4, 5, 10, 14, 15], "excluded_lines": []}}, "classes": {"MkdirRunStep": {"executed_lines": [], "summary": {"covered_lines": 0, "num_statements": 4, "percent_covered": 0.0, "percent_covered_display": "0", "missing_lines": 4, "excluded_lines": 0}, "missing_lines": [11, 12, 13, 17], "excluded_lines": []}, "": {"executed_lines": [], "summary": {"covered_lines": 0, "num_statements": 7, "percent_covered": 0.0, "percent_covered_display": "0", "missing_lines": 7, "excluded_lines": 0}, "missing_lines": [1, 2, 4, 5, 10, 14, 15], "excluded_lines": []}}}, "src/env/step/run_step_move.py": {"executed_lines": [], "summary": {"covered_lines": 0, "num_statements": 14, "percent_covered": 0.0, "percent_covered_display": "0", "missing_lines": 14, "excluded_lines": 0}, "missing_lines": [1, 2, 4, 5, 10, 11, 12, 13, 14, 15, 16, 17, 18, 19], "excluded_lines": [], "functions": {"MoveRunStep.validate": {"executed_lines": [], "summary": {"covered_lines": 0, "num_statements": 3, "percent_covered": 0.0, "percent_covered_display": "0", "missing_lines": 3, "excluded_lines": 0}, "missing_lines": [11, 12, 13], "excluded_lines": []}, "MoveRunStep.src": {"executed_lines": [], "summary": {"covered_lines": 0, "num_statements": 1, "percent_covered": 0.0, "percent_covered_display": "0", "missing_lines": 1, "excluded_lines": 0}, "missing_lines": [16], "excluded_lines": []}, "MoveRunStep.dst": {"executed_lines": [], "summary": {"covered_lines": 0, "num_statements": 1, "percent_covered": 0.0, "percent_covered_display": "0", "missing_lines": 1, "excluded_lines": 0}, "missing_lines": [19], "excluded_lines": []}, "": {"executed_lines": [], "summary": {"covered_lines": 0, "num_statements": 9, "percent_covered": 0.0, "percent_covered_display": "0", "missing_lines": 9, "excluded_lines": 0}, "missing_lines": [1, 2, 4, 5, 10, 14, 15, 17, 18], "excluded_lines": []}}, "classes": {"MoveRunStep": {"executed_lines": [], "summary": {"covered_lines": 0, "num_statements": 5, "percent_covered": 0.0, "percent_covered_display": "0", "missing_lines": 5, "excluded_lines": 0}, "missing_lines": [11, 12, 13, 16, 19], "excluded_lines": []}, "": {"executed_lines": [], "summary": {"covered_lines": 0, "num_statements": 9, "percent_covered": 0.0, "percent_covered_display": "0", "missing_lines": 9, "excluded_lines": 0}, "missing_lines": [1, 2, 4, 5, 10, 14, 15, 17, 18], "excluded_lines": []}}}, "src/env/step/run_step_movetree.py": {"executed_lines": [], "summary": {"covered_lines": 0, "num_statements": 14, "percent_covered": 0.0, "percent_covered_display": "0", "missing_lines": 14, "excluded_lines": 0}, "missing_lines": [1, 2, 4, 5, 10, 11, 12, 13, 14, 15, 16, 17, 18, 19], "excluded_lines": [], "functions": {"MoveTreeRunStep.validate": {"executed_lines": [], "summary": {"covered_lines": 0, "num_statements": 3, "percent_covered": 0.0, "percent_covered_display": "0", "missing_lines": 3, "excluded_lines": 0}, "missing_lines": [11, 12, 13], "excluded_lines": []}, "MoveTreeRunStep.src": {"executed_lines": [], "summary": {"covered_lines": 0, "num_statements": 1, "percent_covered": 0.0, "percent_covered_display": "0", "missing_lines": 1, "excluded_lines": 0}, "missing_lines": [16], "excluded_lines": []}, "MoveTreeRunStep.dst": {"executed_lines": [], "summary": {"covered_lines": 0, "num_statements": 1, "percent_covered": 0.0, "percent_covered_display": "0", "missing_lines": 1, "excluded_lines": 0}, "missing_lines": [19], "excluded_lines": []}, "": {"executed_lines": [], "summary": {"covered_lines": 0, "num_statements": 9, "percent_covered": 0.0, "percent_covered_display": "0", "missing_lines": 9, "excluded_lines": 0}, "missing_lines": [1, 2, 4, 5, 10, 14, 15, 17, 18], "excluded_lines": []}}, "classes": {"MoveTreeRunStep": {"executed_lines": [], "summary": {"covered_lines": 0, "num_statements": 5, "percent_covered": 0.0, "percent_covered_display": "0", "missing_lines": 5, "excluded_lines": 0}, "missing_lines": [11, 12, 13, 16, 19], "excluded_lines": []}, "": {"executed_lines": [], "summary": {"covered_lines": 0, "num_statements": 9, "percent_covered": 0.0, "percent_covered_display": "0", "missing_lines": 9, "excluded_lines": 0}, "missing_lines": [1, 2, 4, 5, 10, 14, 15, 17, 18], "excluded_lines": []}}}, "src/env/step/run_step_oj.py": {"executed_lines": [], "summary": {"covered_lines": 0, "num_statements": 13, "percent_covered": 0.0, "percent_covered_display": "0", "missing_lines": 13, "excluded_lines": 0}, "missing_lines": [1, 2, 4, 5, 9, 10, 11, 19, 20, 21, 23, 24, 25], "excluded_lines": [], "functions": {"OjRunStep.from_dict": {"executed_lines": [], "summary": {"covered_lines": 0, "num_statements": 1, "percent_covered": 0.0, "percent_covered_display": "0", "missing_lines": 1, "excluded_lines": 0}, "missing_lines": [11], "excluded_lines": []}, "OjRunStep.validate": {"executed_lines": [], "summary": {"covered_lines": 0, "num_statements": 3, "percent_covered": 0.0, "percent_covered_display": "0", "missing_lines": 3, "excluded_lines": 0}, "missing_lines": [20, 21, 23], "excluded_lines": []}, "OjRunStep.__repr__": {"executed_lines": [], "summary": {"covered_lines": 0, "num_statements": 1, "percent_covered": 0.0, "percent_covered_display": "0", "missing_lines": 1, "excluded_lines": 0}, "missing_lines": [25], "excluded_lines": []}, "": {"executed_lines": [], "summary": {"covered_lines": 0, "num_statements": 8, "percent_covered": 0.0, "percent_covered_display": "0", "missing_lines": 8, "excluded_lines": 0}, "missing_lines": [1, 2, 4, 5, 9, 10, 19, 24], "excluded_lines": []}}, "classes": {"OjRunStep": {"executed_lines": [], "summary": {"covered_lines": 0, "num_statements": 5, "percent_covered": 0.0, "percent_covered_display": "0", "missing_lines": 5, "excluded_lines": 0}, "missing_lines": [11, 20, 21, 23, 25], "excluded_lines": []}, "": {"executed_lines": [], "summary": {"covered_lines": 0, "num_statements": 8, "percent_covered": 0.0, "percent_covered_display": "0", "missing_lines": 8, "excluded_lines": 0}, "missing_lines": [1, 2, 4, 5, 9, 10, 19, 24], "excluded_lines": []}}}, "src/env/step/run_step_python.py": {"executed_lines": [], "summary": {"covered_lines": 0, "num_statements": 11, "percent_covered": 0.0, "percent_covered_display": "0", "missing_lines": 11, "excluded_lines": 0}, "missing_lines": [1, 2, 4, 5, 10, 11, 12, 20, 21, 22, 23], "excluded_lines": [], "functions": {"PythonRunStep.from_dict": {"executed_lines": [], "summary": {"covered_lines": 0, "num_statements": 1, "percent_covered": 0.0, "percent_covered_display": "0", "missing_lines": 1, "excluded_lines": 0}, "missing_lines": [12], "excluded_lines": []}, "PythonRunStep.validate": {"executed_lines": [], "summary": {"covered_lines": 0, "num_statements": 3, "percent_covered": 0.0, "percent_covered_display": "0", "missing_lines": 3, "excluded_lines": 0}, "missing_lines": [21, 22, 23], "excluded_lines": []}, "": {"executed_lines": [], "summary": {"covered_lines": 0, "num_statements": 7, "percent_covered": 0.0, "percent_covered_display": "0", "missing_lines": 7, "excluded_lines": 0}, "missing_lines": [1, 2, 4, 5, 10, 11, 20], "excluded_lines": []}}, "classes": {"PythonRunStep": {"executed_lines": [], "summary": {"covered_lines": 0, "num_statements": 4, "percent_covered": 0.0, "percent_covered_display": "0", "missing_lines": 4, "excluded_lines": 0}, "missing_lines": [12, 21, 22, 23], "excluded_lines": []}, "": {"executed_lines": [], "summary": {"covered_lines": 0, "num_statements": 7, "percent_covered": 0.0, "percent_covered_display": "0", "missing_lines": 7, "excluded_lines": 0}, "missing_lines": [1, 2, 4, 5, 10, 11, 20], "excluded_lines": []}}}, "src/env/step/run_step_registry.py": {"executed_lines": [], "summary": {"covered_lines": 0, "num_statements": 8, "percent_covered": 0.0, "percent_covered_display": "0", "missing_lines": 8, "excluded_lines": 0}, "missing_lines": [1, 2, 4, 6, 7, 8, 9, 10], "excluded_lines": [], "functions": {"register_run_step_type": {"executed_lines": [], "summary": {"covered_lines": 0, "num_statements": 2, "percent_covered": 0.0, "percent_covered_display": "0", "missing_lines": 2, "excluded_lines": 0}, "missing_lines": [7, 10], "excluded_lines": []}, "register_run_step_type.decorator": {"executed_lines": [], "summary": {"covered_lines": 0, "num_statements": 2, "percent_covered": 0.0, "percent_covered_display": "0", "missing_lines": 2, "excluded_lines": 0}, "missing_lines": [8, 9], "excluded_lines": []}, "": {"executed_lines": [], "summary": {"covered_lines": 0, "num_statements": 4, "percent_covered": 0.0, "percent_covered_display": "0", "missing_lines": 4, "excluded_lines": 0}, "missing_lines": [1, 2, 4, 6], "excluded_lines": []}}, "classes": {"": {"executed_lines": [], "summary": {"covered_lines": 0, "num_statements": 8, "percent_covered": 0.0, "percent_covered_display": "0", "missing_lines": 8, "excluded_lines": 0}, "missing_lines": [1, 2, 4, 6, 7, 8, 9, 10], "excluded_lines": []}}}, "src/env/step/run_step_remove.py": {"executed_lines": [], "summary": {"covered_lines": 0, "num_statements": 11, "percent_covered": 0.0, "percent_covered_display": "0", "missing_lines": 11, "excluded_lines": 0}, "missing_lines": [1, 2, 4, 5, 10, 11, 12, 13, 14, 15, 17], "excluded_lines": [], "functions": {"RemoveRunStep.validate": {"executed_lines": [], "summary": {"covered_lines": 0, "num_statements": 3, "percent_covered": 0.0, "percent_covered_display": "0", "missing_lines": 3, "excluded_lines": 0}, "missing_lines": [11, 12, 13], "excluded_lines": []}, "RemoveRunStep.target": {"executed_lines": [], "summary": {"covered_lines": 0, "num_statements": 1, "percent_covered": 0.0, "percent_covered_display": "0", "missing_lines": 1, "excluded_lines": 0}, "missing_lines": [17], "excluded_lines": []}, "": {"executed_lines": [], "summary": {"covered_lines": 0, "num_statements": 7, "percent_covered": 0.0, "percent_covered_display": "0", "missing_lines": 7, "excluded_lines": 0}, "missing_lines": [1, 2, 4, 5, 10, 14, 15], "excluded_lines": []}}, "classes": {"RemoveRunStep": {"executed_lines": [], "summary": {"covered_lines": 0, "num_statements": 4, "percent_covered": 0.0, "percent_covered_display": "0", "missing_lines": 4, "excluded_lines": 0}, "missing_lines": [11, 12, 13, 17], "excluded_lines": []}, "": {"executed_lines": [], "summary": {"covered_lines": 0, "num_statements": 7, "percent_covered": 0.0, "percent_covered_display": "0", "missing_lines": 7, "excluded_lines": 0}, "missing_lines": [1, 2, 4, 5, 10, 14, 15], "excluded_lines": []}}}, "src/env/step/run_step_rmtree.py": {"executed_lines": [], "summary": {"covered_lines": 0, "num_statements": 11, "percent_covered": 0.0, "percent_covered_display": "0", "missing_lines": 11, "excluded_lines": 0}, "missing_lines": [1, 2, 4, 5, 10, 11, 12, 13, 14, 15, 17], "excluded_lines": [], "functions": {"RmtreeRunStep.validate": {"executed_lines": [], "summary": {"covered_lines": 0, "num_statements": 3, "percent_covered": 0.0, "percent_covered_display": "0", "missing_lines": 3, "excluded_lines": 0}, "missing_lines": [11, 12, 13], "excluded_lines": []}, "RmtreeRunStep.target": {"executed_lines": [], "summary": {"covered_lines": 0, "num_statements": 1, "percent_covered": 0.0, "percent_covered_display": "0", "missing_lines": 1, "excluded_lines": 0}, "missing_lines": [17], "excluded_lines": []}, "": {"executed_lines": [], "summary": {"covered_lines": 0, "num_statements": 7, "percent_covered": 0.0, "percent_covered_display": "0", "missing_lines": 7, "excluded_lines": 0}, "missing_lines": [1, 2, 4, 5, 10, 14, 15], "excluded_lines": []}}, "classes": {"RmtreeRunStep": {"executed_lines": [], "summary": {"covered_lines": 0, "num_statements": 4, "percent_covered": 0.0, "percent_covered_display": "0", "missing_lines": 4, "excluded_lines": 0}, "missing_lines": [11, 12, 13, 17], "excluded_lines": []}, "": {"executed_lines": [], "summary": {"covered_lines": 0, "num_statements": 7, "percent_covered": 0.0, "percent_covered_display": "0", "missing_lines": 7, "excluded_lines": 0}, "missing_lines": [1, 2, 4, 5, 10, 14, 15], "excluded_lines": []}}}, "src/env/step/run_step_shell.py": {"executed_lines": [], "summary": {"covered_lines": 0, "num_statements": 11, "percent_covered": 0.0, "percent_covered_display": "0", "missing_lines": 11, "excluded_lines": 0}, "missing_lines": [1, 2, 4, 5, 9, 10, 11, 19, 20, 21, 22], "excluded_lines": [], "functions": {"ShellRunStep.from_dict": {"executed_lines": [], "summary": {"covered_lines": 0, "num_statements": 1, "percent_covered": 0.0, "percent_covered_display": "0", "missing_lines": 1, "excluded_lines": 0}, "missing_lines": [11], "excluded_lines": []}, "ShellRunStep.validate": {"executed_lines": [], "summary": {"covered_lines": 0, "num_statements": 3, "percent_covered": 0.0, "percent_covered_display": "0", "missing_lines": 3, "excluded_lines": 0}, "missing_lines": [20, 21, 22], "excluded_lines": []}, "": {"executed_lines": [], "summary": {"covered_lines": 0, "num_statements": 7, "percent_covered": 0.0, "percent_covered_display": "0", "missing_lines": 7, "excluded_lines": 0}, "missing_lines": [1, 2, 4, 5, 9, 10, 19], "excluded_lines": []}}, "classes": {"ShellRunStep": {"executed_lines": [], "summary": {"covered_lines": 0, "num_statements": 4, "percent_covered": 0.0, "percent_covered_display": "0", "missing_lines": 4, "excluded_lines": 0}, "missing_lines": [11, 20, 21, 22], "excluded_lines": []}, "": {"executed_lines": [], "summary": {"covered_lines": 0, "num_statements": 7, "percent_covered": 0.0, "percent_covered_display": "0", "missing_lines": 7, "excluded_lines": 0}, "missing_lines": [1, 2, 4, 5, 9, 10, 19], "excluded_lines": []}}}, "src/env/step/run_step_touch.py": {"executed_lines": [], "summary": {"covered_lines": 0, "num_statements": 11, "percent_covered": 0.0, "percent_covered_display": "0", "missing_lines": 11, "excluded_lines": 0}, "missing_lines": [1, 2, 4, 5, 10, 11, 12, 13, 14, 15, 17], "excluded_lines": [], "functions": {"TouchRunStep.validate": {"executed_lines": [], "summary": {"covered_lines": 0, "num_statements": 3, "percent_covered": 0.0, "percent_covered_display": "0", "missing_lines": 3, "excluded_lines": 0}, "missing_lines": [11, 12, 13], "excluded_lines": []}, "TouchRunStep.target": {"executed_lines": [], "summary": {"covered_lines": 0, "num_statements": 1, "percent_covered": 0.0, "percent_covered_display": "0", "missing_lines": 1, "excluded_lines": 0}, "missing_lines": [17], "excluded_lines": []}, "": {"executed_lines": [], "summary": {"covered_lines": 0, "num_statements": 7, "percent_covered": 0.0, "percent_covered_display": "0", "missing_lines": 7, "excluded_lines": 0}, "missing_lines": [1, 2, 4, 5, 10, 14, 15], "excluded_lines": []}}, "classes": {"TouchRunStep": {"executed_lines": [], "summary": {"covered_lines": 0, "num_statements": 4, "percent_covered": 0.0, "percent_covered_display": "0", "missing_lines": 4, "excluded_lines": 0}, "missing_lines": [11, 12, 13, 17], "excluded_lines": []}, "": {"executed_lines": [], "summary": {"covered_lines": 0, "num_statements": 7, "percent_covered": 0.0, "percent_covered_display": "0", "missing_lines": 7, "excluded_lines": 0}, "missing_lines": [1, 2, 4, 5, 10, 14, 15], "excluded_lines": []}}}, "src/env/step/run_steps.py": {"executed_lines": [], "summary": {"covered_lines": 0, "num_statements": 19, "percent_covered": 0.0, "percent_covered_display": "0", "missing_lines": 19, "excluded_lines": 0}, "missing_lines": [1, 2, 3, 5, 10, 11, 13, 14, 15, 17, 18, 20, 21, 23, 24, 26, 27, 28, 29], "excluded_lines": [], "functions": {"RunSteps.__init__": {"executed_lines": [], "summary": {"covered_lines": 0, "num_statements": 1, "percent_covered": 0.0, "percent_covered_display": "0", "missing_lines": 1, "excluded_lines": 0}, "missing_lines": [11], "excluded_lines": []}, "RunSteps.from_list": {"executed_lines": [], "summary": {"covered_lines": 0, "num_statements": 1, "percent_covered": 0.0, "percent_covered_display": "0", "missing_lines": 1, "excluded_lines": 0}, "missing_lines": [15], "excluded_lines": []}, "RunSteps.__iter__": {"executed_lines": [], "summary": {"covered_lines": 0, "num_statements": 1, "percent_covered": 0.0, "percent_covered_display": "0", "missing_lines": 1, "excluded_lines": 0}, "missing_lines": [18], "excluded_lines": []}, "RunSteps.__getitem__": {"executed_lines": [], "summary": {"covered_lines": 0, "num_statements": 1, "percent_covered": 0.0, "percent_covered_display": "0", "missing_lines": 1, "excluded_lines": 0}, "missing_lines": [21], "excluded_lines": []}, "RunSteps.__len__": {"executed_lines": [], "summary": {"covered_lines": 0, "num_statements": 1, "percent_covered": 0.0, "percent_covered_display": "0", "missing_lines": 1, "excluded_lines": 0}, "missing_lines": [24], "excluded_lines": []}, "RunSteps.validate_all": {"executed_lines": [], "summary": {"covered_lines": 0, "num_statements": 3, "percent_covered": 0.0, "percent_covered_display": "0", "missing_lines": 3, "excluded_lines": 0}, "missing_lines": [27, 28, 29], "excluded_lines": []}, "": {"executed_lines": [], "summary": {"covered_lines": 0, "num_statements": 11, "percent_covered": 0.0, "percent_covered_display": "0", "missing_lines": 11, "excluded_lines": 0}, "missing_lines": [1, 2, 3, 5, 10, 13, 14, 17, 20, 23, 26], "excluded_lines": []}}, "classes": {"RunSteps": {"executed_lines": [], "summary": {"covered_lines": 0, "num_statements": 8, "percent_covered": 0.0, "percent_covered_display": "0", "missing_lines": 8, "excluded_lines": 0}, "missing_lines": [11, 15, 18, 21, 24, 27, 28, 29], "excluded_lines": []}, "": {"executed_lines": [], "summary": {"covered_lines": 0, "num_statements": 11, "percent_covered": 0.0, "percent_covered_display": "0", "missing_lines": 11, "excluded_lines": 0}, "missing_lines": [1, 2, 3, 5, 10, 13, 14, 17, 20, 23, 26], "excluded_lines": []}}}, "src/env_core/__init__.py": {"executed_lines": [1, 8, 9, 11], "summary": {"covered_lines": 3, "num_statements": 3, "percent_covered": 100.0, "percent_covered_display": "100", "missing_lines": 0, "excluded_lines": 0}, "missing_lines": [], "excluded_lines": [], "functions": {"": {"executed_lines": [1, 8, 9, 11], "summary": {"covered_lines": 3, "num_statements": 3, "percent_covered": 100.0, "percent_covered_display": "100", "missing_lines": 0, "excluded_lines": 0}, "missing_lines": [], "excluded_lines": []}}, "classes": {"": {"executed_lines": [1, 8, 9, 11], "summary": {"covered_lines": 3, "num_statements": 3, "percent_covered": 100.0, "percent_covered_display": "100", "missing_lines": 0, "excluded_lines": 0}, "missing_lines": [], "excluded_lines": []}}}, "src/env_core/step/__init__.py": {"executed_lines": [1, 15, 16, 23, 28, 32, 39], "summary": {"covered_lines": 6, "num_statements": 6, "percent_covered": 100.0, "percent_covered_display": "100", "missing_lines": 0, "excluded_lines": 0}, "missing_lines": [], "excluded_lines": [], "functions": {"": {"executed_lines": [1, 15, 16, 23, 28, 32, 39], "summary": {"covered_lines": 6, "num_statements": 6, "percent_covered": 100.0, "percent_covered_display": "100", "missing_lines": 0, "excluded_lines": 0}, "missing_lines": [], "excluded_lines": []}}, "classes": {"": {"executed_lines": [1, 15, 16, 23, 28, 32, 39], "summary": {"covered_lines": 6, "num_statements": 6, "percent_covered": 100.0, "percent_covered_display": "100", "missing_lines": 0, "excluded_lines": 0}, "missing_lines": [], "excluded_lines": []}}}, "src/env_core/step/core.py": {"executed_lines": [1, 4, 5, 8, 38, 85, 110, 131, 168, 179, 180, 182, 209], "summary": {"covered_lines": 12, "num_statements": 86, "percent_covered": 13.953488372093023, "percent_covered_display": "14", "missing_lines": 74, "excluded_lines": 0}, "missing_lines": [22, 23, 24, 26, 27, 28, 29, 30, 31, 32, 33, 35, 52, 53, 54, 56, 57, 58, 59, 61, 62, 63, 66, 69, 70, 72, 73, 75, 96, 97, 99, 101, 102, 103, 104, 105, 107, 120, 122, 124, 125, 126, 128, 141, 144, 145, 146, 149, 150, 151, 152, 153, 155, 156, 157, 158, 159, 161, 162, 163, 165, 183, 185, 187, 188, 190, 191, 192, 195, 196, 197, 204, 206, 207], "excluded_lines": [], "functions": {"generate_steps_from_json": {"executed_lines": [], "summary": {"covered_lines": 0, "num_statements": 12, "percent_covered": 0.0, "percent_covered_display": "0", "missing_lines": 12, "excluded_lines": 0}, "missing_lines": [22, 23, 24, 26, 27, 28, 29, 30, 31, 32, 33, 35], "excluded_lines": []}, "create_step_from_json": {"executed_lines": [], "summary": {"covered_lines": 0, "num_statements": 16, "percent_covered": 0.0, "percent_covered_display": "0", "missing_lines": 16, "excluded_lines": 0}, "missing_lines": [52, 53, 54, 56, 57, 58, 59, 61, 62, 63, 66, 69, 70, 72, 73, 75], "excluded_lines": []}, "format_template": {"executed_lines": [], "summary": {"covered_lines": 0, "num_statements": 9, "percent_covered": 0.0, "percent_covered_display": "0", "missing_lines": 9, "excluded_lines": 0}, "missing_lines": [96, 97, 99, 101, 102, 103, 104, 105, 107], "excluded_lines": []}, "validate_step_sequence": {"executed_lines": [], "summary": {"covered_lines": 0, "num_statements": 6, "percent_covered": 0.0, "percent_covered_display": "0", "missing_lines": 6, "excluded_lines": 0}, "missing_lines": [120, 122, 124, 125, 126, 128], "excluded_lines": []}, "validate_single_step": {"executed_lines": [], "summary": {"covered_lines": 0, "num_statements": 18, "percent_covered": 0.0, "percent_covered_display": "0", "missing_lines": 18, "excluded_lines": 0}, "missing_lines": [141, 144, 145, 146, 149, 150, 151, 152, 153, 155, 156, 157, 158, 159, 161, 162, 163, 165], "excluded_lines": []}, "optimize_step_sequence": {"executed_lines": [179, 180, 182, 209], "summary": {"covered_lines": 4, "num_statements": 17, "percent_covered": 23.529411764705884, "percent_covered_display": "24", "missing_lines": 13, "excluded_lines": 0}, "missing_lines": [183, 185, 187, 188, 190, 191, 192, 195, 196, 197, 204, 206, 207], "excluded_lines": []}, "": {"executed_lines": [1, 4, 5, 8, 38, 85, 110, 131, 168], "summary": {"covered_lines": 8, "num_statements": 8, "percent_covered": 100.0, "percent_covered_display": "100", "missing_li
[...]
23], "summary": {"covered_lines": 13, "num_statements": 13, "percent_covered": 100.0, "percent_covered_display": "100", "missing_lines": 0, "excluded_lines": 0}, "missing_lines": [], "excluded_lines": []}, "validate_workflow_plan_pure": {"executed_lines": [232, 235, 236, 237, 240, 241, 244, 248, 251, 252, 253, 255], "summary": {"covered_lines": 12, "num_statements": 12, "percent_covered": 100.0, "percent_covered_display": "100", "missing_lines": 0, "excluded_lines": 0}, "missing_lines": [], "excluded_lines": []}, "has_circular_dependencies_pure": {"executed_lines": [267, 268, 271, 272, 273, 274, 277, 279, 296, 297, 298, 299, 301], "summary": {"covered_lines": 13, "num_statements": 13, "percent_covered": 100.0, "percent_covered_display": "100", "missing_lines": 0, "excluded_lines": 0}, "missing_lines": [], "excluded_lines": []}, "has_circular_dependencies_pure.has_cycle_from": {"executed_lines": [280, 281, 282, 285, 288, 289, 290, 292, 293], "summary": {"covered_lines": 9, "num_statements": 10, "percent_covered": 90.0, "percent_covered_display": "90", "missing_lines": 1, "excluded_lines": 0}, "missing_lines": [283], "excluded_lines": []}, "optimize_workflow_plan_pure": {"executed_lines": [313, 314, 317, 318, 320, 321, 322, 323, 324, 326], "summary": {"covered_lines": 10, "num_statements": 10, "percent_covered": 100.0, "percent_covered_display": "100", "missing_lines": 0, "excluded_lines": 0}, "missing_lines": [], "excluded_lines": []}, "": {"executed_lines": [1, 4, 5, 6, 7, 8, 11, 12, 13, 14, 15, 16, 17, 18, 21, 22, 23, 27, 28, 29, 30, 31, 34, 35, 36, 37, 38, 39, 40, 43, 73, 155, 184, 226, 258, 304], "summary": {"covered_lines": 32, "num_statements": 32, "percent_covered": 100.0, "percent_covered_display": "100", "missing_lines": 0, "excluded_lines": 0}, "missing_lines": [], "excluded_lines": []}}, "classes": {"WorkflowConfig": {"executed_lines": [], "summary": {"covered_lines": 0, "num_statements": 0, "percent_covered": 100.0, "percent_covered_display": "100", "missing_lines": 0, "excluded_lines": 0}, "missing_lines": [], "excluded_lines": []}, "WorkflowPlan": {"executed_lines": [], "summary": {"covered_lines": 0, "num_statements": 0, "percent_covered": 100.0, "percent_covered_display": "100", "missing_lines": 0, "excluded_lines": 0}, "missing_lines": [], "excluded_lines": []}, "WorkflowTask": {"executed_lines": [], "summary": {"covered_lines": 0, "num_statements": 0, "percent_covered": 100.0, "percent_covered_display": "100", "missing_lines": 0, "excluded_lines": 0}, "missing_lines": [], "excluded_lines": []}, "": {"executed_lines": [1, 4, 5, 6, 7, 8, 11, 12, 13, 14, 15, 16, 17, 18, 21, 22, 23, 27, 28, 29, 30, 31, 34, 35, 36, 37, 38, 39, 40, 43, 51, 52, 54, 55, 56, 58, 59, 60, 62, 64, 73, 86, 102, 108, 110, 111, 120, 121, 123, 124, 130, 133, 139, 140, 146, 155, 162, 164, 166, 171, 173, 181, 184, 191, 193, 195, 196, 197, 199, 200, 201, 203, 206, 212, 221, 223, 226, 232, 235, 236, 237, 240, 241, 244, 248, 251, 252, 253, 255, 258, 267, 268, 271, 272, 273, 274, 277, 279, 280, 281, 282, 285, 288, 289, 290, 292, 293, 296, 297, 298, 299, 301, 304, 313, 314, 317, 318, 320, 321, 322, 323, 324, 326], "summary": {"covered_lines": 119, "num_statements": 120, "percent_covered": 99.16666666666667, "percent_covered_display": "99", "missing_lines": 1, "excluded_lines": 0}, "missing_lines": [283], "excluded_lines": []}}}, "src/pure_functions/workflow_facade.py": {"executed_lines": [], "summary": {"covered_lines": 0, "num_statements": 50, "percent_covered": 0.0, "percent_covered_display": "0", "missing_lines": 50, "excluded_lines": 0}, "missing_lines": [4, 5, 9, 13, 18, 19, 22, 30, 31, 46, 59, 60, 61, 62, 63, 66, 67, 83, 88, 91, 92, 93, 95, 97, 99, 101, 102, 112, 115, 124, 125, 127, 128, 139, 152, 153, 154, 155, 163, 166, 169, 170, 171, 172, 180, 183, 195, 217, 227, 229], "excluded_lines": [], "functions": {"PureWorkflowFacade.build_workflow_from_context": {"executed_lines": [], "summary": {"covered_lines": 0, "num_statements": 16, "percent_covered": 0.0, "percent_covered_display": "0", "missing_lines": 16, "excluded_lines": 0}, "missing_lines": [46, 59, 60, 61, 62, 63, 66, 67, 83, 88, 91, 92, 93, 95, 97, 99], "excluded_lines": []}, "PureWorkflowFacade.validate_execution_context": {"executed_lines": [], "summary": {"covered_lines": 0, "num_statements": 4, "percent_covered": 0.0, "percent_covered_display": "0", "missing_lines": 4, "excluded_lines": 0}, "missing_lines": [112, 115, 124, 125], "excluded_lines": []}, "PureWorkflowFacade.plan_workflow_from_context": {"executed_lines": [], "summary": {"covered_lines": 0, "num_statements": 12, "percent_covered": 0.0, "percent_covered_display": "0", "missing_lines": 12, "excluded_lines": 0}, "missing_lines": [139, 152, 153, 154, 155, 163, 166, 169, 170, 171, 172, 180], "excluded_lines": []}, "create_test_execution_data": {"executed_lines": [], "summary": {"covered_lines": 0, "num_statements": 1, "percent_covered": 0.0, "percent_covered_display": "0", "missing_lines": 1, "excluded_lines": 0}, "missing_lines": [195], "excluded_lines": []}, "create_test_step_context_data": {"executed_lines": [], "summary": {"covered_lines": 0, "num_statements": 2, "percent_covered": 0.0, "percent_covered_display": "0", "missing_lines": 2, "excluded_lines": 0}, "missing_lines": [227, 229], "excluded_lines": []}, "": {"executed_lines": [], "summary": {"covered_lines": 0, "num_statements": 15, "percent_covered": 0.0, "percent_covered_display": "0", "missing_lines": 15, "excluded_lines": 0}, "missing_lines": [4, 5, 9, 13, 18, 19, 22, 30, 31, 101, 102, 127, 128, 183, 217], "excluded_lines": []}}, "classes": {"PureWorkflowFacade": {"executed_lines": [], "summary": {"covered_lines": 0, "num_statements": 32, "percent_covered": 0.0, "percent_covered_display": "0", "missing_lines": 32, "excluded_lines": 0}, "missing_lines": [46, 59, 60, 61, 62, 63, 66, 67, 83, 88, 91, 92, 93, 95, 97, 99, 112, 115, 124, 125, 139, 152, 153, 154, 155, 163, 166, 169, 170, 171, 172, 180], "excluded_lines": []}, "": {"executed_lines": [], "summary": {"covered_lines": 0, "num_statements": 18, "percent_covered": 0.0, "percent_covered_display": "0", "missing_lines": 18, "excluded_lines": 0}, "missing_lines": [4, 5, 9, 13, 18, 19, 22, 30, 31, 101, 102, 127, 128, 183, 195, 217, 227, 229], "excluded_lines": []}}}, "src/utils/__init__.py": {"executed_lines": [1], "summary": {"covered_lines": 0, "num_statements": 0, "percent_covered": 100.0, "percent_covered_display": "100", "missing_lines": 0, "excluded_lines": 0}, "missing_lines": [], "excluded_lines": [], "functions": {"": {"executed_lines": [1], "summary": {"covered_lines": 0, "num_statements": 0, "percent_covered": 100.0, "percent_covered_display": "100", "missing_lines": 0, "excluded_lines": 0}, "missing_lines": [], "excluded_lines": []}}, "classes": {"": {"executed_lines": [1], "summary": {"covered_lines": 0, "num_statements": 0, "percent_covered": 100.0, "percent_covered_display": "100", "missing_lines": 0, "excluded_lines": 0}, "missing_lines": [], "excluded_lines": []}}}, "src/utils/debug_logger.py": {"executed_lines": [1, 4, 5, 8, 11, 12, 13, 14, 15, 18, 19, 23, 30, 31, 32, 33, 36, 55, 57, 72, 83, 99, 107, 116, 148, 168, 172, 176], "summary": {"covered_lines": 25, "num_statements": 116, "percent_covered": 21.551724137931036, "percent_covered_display": "22", "missing_lines": 91, "excluded_lines": 0}, "missing_lines": [59, 60, 62, 63, 66, 67, 69, 70, 74, 75, 77, 78, 79, 80, 81, 85, 86, 88, 89, 90, 92, 93, 95, 96, 97, 101, 102, 104, 105, 109, 110, 112, 113, 114, 119, 121, 122, 123, 125, 126, 127, 128, 129, 130, 131, 132, 134, 135, 136, 137, 138, 141, 142, 143, 145, 146, 150, 151, 152, 153, 154, 155, 156, 157, 158, 159, 160, 161, 162, 163, 164, 166, 170, 174, 178, 180, 181, 183, 184, 186, 187, 190, 191, 192, 194, 195, 197, 200, 201, 202, 203], "excluded_lines": [], "functions": {"DebugLogger.__init__": {"executed_lines": [30, 31, 32, 33, 36, 55], "summary": {"covered_lines": 6, "num_statements": 6, "percent_covered": 100.0, "percent_covered_display": "100", "missing_lines": 0, "excluded_lines": 0}, "missing_lines": [], "excluded_lines": []}, "DebugLogger.log_step_start": {"executed_lines": [], "summary": {"covered_lines": 0, "num_statements": 8, "percent_covered": 0.0, "percent_covered_display": "0", "missing_lines": 8, "excluded_lines": 0}, "missing_lines": [59, 60, 62, 63, 66, 67, 69, 70], "excluded_lines": []}, "DebugLogger.log_step_success": {"executed_lines": [], "summary": {"covered_lines": 0, "num_statements": 7, "percent_covered": 0.0, "percent_covered_display": "0", "missing_lines": 7, "excluded_lines": 0}, "missing_lines": [74, 75, 77, 78, 79, 80, 81], "excluded_lines": []}, "DebugLogger.log_step_failure": {"executed_lines": [], "summary": {"covered_lines": 0, "num_statements": 10, "percent_covered": 0.0, "percent_covered_display": "0", "missing_lines": 10, "excluded_lines": 0}, "missing_lines": [85, 86, 88, 89, 90, 92, 93, 95, 96, 97], "excluded_lines": []}, "DebugLogger.log_preparation_start": {"executed_lines": [], "summary": {"covered_lines": 0, "num_statements": 4, "percent_covered": 0.0, "percent_covered_display": "0", "missing_lines": 4, "excluded_lines": 0}, "missing_lines": [101, 102, 104, 105], "excluded_lines": []}, "DebugLogger.log_workflow_start": {"executed_lines": [], "summary": {"covered_lines": 0, "num_statements": 5, "percent_covered": 0.0, "percent_covered_display": "0", "missing_lines": 5, "excluded_lines": 0}, "missing_lines": [109, 110, 112, 113, 114], "excluded_lines": []}, "DebugLogger._log_step_details": {"executed_lines": [], "summary": {"covered_lines": 0, "num_statements": 22, "percent_covered": 0.0, "percent_covered_display": "0", "missing_lines": 22, "excluded_lines": 0}, "missing_lines": [119, 121, 122, 123, 125, 126, 127, 128, 129, 130, 131, 132, 134, 135, 136, 137, 138, 141, 142, 143, 145, 146], "excluded_lines": []}, "DebugLogger._get_type_icon": {"executed_lines": [], "summary": {"covered_lines": 0, "num_statements": 16, "percent_covered": 0.0, "percent_covered_display": "0", "missing_lines": 16, "excluded_lines": 0}, "missing_lines": [150, 151, 152, 153, 154, 155, 156, 157, 158, 159, 160, 161, 162, 163, 164, 166], "excluded_lines": []}, "DebugLogger.is_enabled": {"executed_lines": [], "summary": {"covered_lines": 0, "num_statements": 1, "percent_covered": 0.0, "percent_covered_display": "0", "missing_lines": 1, "excluded_lines": 0}, "missing_lines": [170], "excluded_lines": []}, "DebugLogger.get_level": {"executed_lines": [], "summary": {"covered_lines": 0, "num_statements": 1, "percent_covered": 0.0, "percent_covered_display": "0", "missing_lines": 1, "excluded_lines": 0}, "missing_lines": [174], "excluded_lines": []}, "DebugLogger._format_command": {"executed_lines": [], "summary": {"covered_lines": 0, "num_statements": 17, "percent_covered": 0.0, "percent_covered_display": "0", "missing_lines": 17, "excluded_lines": 0}, "missing_lines": [178, 180, 181, 183, 184, 186, 187, 190, 191, 192, 194, 195, 197, 200, 201, 202, 203], "excluded_lines": []}, "": {"executed_lines": [1, 4, 5, 8, 11, 12, 13, 14, 15, 18, 19, 23, 57, 72, 83, 99, 107, 116, 148, 168, 172, 176], "summary": {"covered_lines": 19, "num_statements": 19, "percent_covered": 100.0, "percent_covered_display": "100", "missing_lines": 0, "excluded_lines": 0}, "missing_lines": [], "excluded_lines": []}}, "classes": {"DebugLevel": {"executed_lines": [], "summary": {"covered_lines": 0, "num_statements": 0, "percent_covered": 100.0, "percent_covered_display": "100", "missing_lines": 0, "excluded_lines": 0}, "missing_lines": [], "excluded_lines": []}, "DebugLogger": {"executed_lines": [30, 31, 32, 33, 36, 55], "summary": {"covered_lines": 6, "num_statements": 97, "percent_covered": 6.185567010309279, "percent_covered_display": "6", "missing_lines": 91, "excluded_lines": 0}, "missing_lines": [59, 60, 62, 63, 66, 67, 69, 70, 74, 75, 77, 78, 79, 80, 81, 85, 86, 88, 89, 90, 92, 93, 95, 96, 97, 101, 102, 104, 105, 109, 110, 112, 113, 114, 119, 121, 122, 123, 125, 126, 127, 128, 129, 130, 131, 132, 134, 135, 136, 137, 138, 141, 142, 143, 145, 146, 150, 151, 152, 153, 154, 155, 156, 157, 158, 159, 160, 161, 162, 163, 164, 166, 170, 174, 178, 180, 181, 183, 184, 186, 187, 190, 191, 192, 194, 195, 197, 200, 201, 202, 203], "excluded_lines": []}, "": {"executed_lines": [1, 4, 5, 8, 11, 12, 13, 14, 15, 18, 19, 23, 57, 72, 83, 99, 107, 116, 148, 168, 172, 176], "summary": {"covered_lines": 19, "num_statements": 19, "percent_covered": 100.0, "percent_covered_display": "100", "missing_lines": 0, "excluded_lines": 0}, "missing_lines": [], "excluded_lines": []}}}, "src/utils/validation.py": {"executed_lines": [1, 6, 7, 8, 11, 32, 33, 34, 35, 36, 37, 38, 39, 40, 42, 43, 46, 47, 50, 51, 53, 56, 66, 67, 69, 70, 73, 74, 75, 77, 80, 90, 91, 94, 95, 96, 98, 101, 111, 112, 113, 116, 117, 118, 121, 122, 125, 126, 128, 131, 142, 143, 146, 159, 160, 162, 165, 166, 168, 169, 170, 172, 175, 176, 178, 179, 180, 182, 185, 196, 197, 199], "summary": {"covered_lines": 71, "num_statements": 71, "percent_covered": 100.0, "percent_covered_display": "100", "missing_lines": 0, "excluded_lines": 0}, "missing_lines": [], "excluded_lines": [], "functions": {"validate_execution_context": {"executed_lines": [32, 33, 34, 35, 36, 37, 38, 39, 40, 42, 43, 46, 47, 50, 51, 53], "summary": {"covered_lines": 16, "num_statements": 16, "percent_covered": 100.0, "percent_covered_display": "100", "missing_lines": 0, "excluded_lines": 0}, "missing_lines": [], "excluded_lines": []}, "validate_file_path": {"executed_lines": [66, 67, 69, 70, 73, 74, 75, 77], "summary": {"covered_lines": 8, "num_statements": 8, "percent_covered": 100.0, "percent_covered_display": "100", "missing_lines": 0, "excluded_lines": 0}, "missing_lines": [], "excluded_lines": []}, "validate_docker_image_name": {"executed_lines": [90, 91, 94, 95, 96, 98], "summary": {"covered_lines": 6, "num_statements": 6, "percent_covered": 100.0, "percent_covered_display": "100", "missing_lines": 0, "excluded_lines": 0}, "missing_lines": [], "excluded_lines": []}, "validate_step_config": {"executed_lines": [111, 112, 113, 116, 117, 118, 121, 122, 125, 126, 128], "summary": {"covered_lines": 11, "num_statements": 11, "percent_covered": 100.0, "percent_covered_display": "100", "missing_lines": 0, "excluded_lines": 0}, "missing_lines": [], "excluded_lines": []}, "validate_config_keys": {"executed_lines": [142, 143], "summary": {"covered_lines": 2, "num_statements": 2, "percent_covered": 100.0, "percent_covered_display": "100", "missing_lines": 0, "excluded_lines": 0}, "missing_lines": [], "excluded_lines": []}, "validate_environment_setup": {"executed_lines": [159, 160, 162, 165, 166, 168, 169, 170, 172, 175, 176, 178, 179, 180, 182], "summary": {"covered_lines": 15, "num_statements": 15, "percent_covered": 100.0, "percent_covered_display": "100", "missing_lines": 0, "excluded_lines": 0}, "missing_lines": [], "excluded_lines": []}, "is_script_file": {"executed_lines": [196, 197, 199], "summary": {"covered_lines": 3, "num_statements": 3, "percent_covered": 100.0, "percent_covered_display": "100", "missing_lines": 0, "excluded_lines": 0}, "missing_lines": [], "excluded_lines": []}, "": {"executed_lines": [1, 6, 7, 8, 11, 56, 80, 101, 131, 146, 185], "summary": {"covered_lines": 10, "num_statements": 10, "percent_covered": 100.0, "percent_covered_display": "100", "missing_lines": 0, "excluded_lines": 0}, "missing_lines": [], "excluded_lines": []}}, "classes": {"": {"executed_lines": [1, 6, 7, 8, 11, 32, 33, 34, 35, 36, 37, 38, 39, 40, 42, 43, 46, 47, 50, 51, 53, 56, 66, 67, 69, 70, 73, 74, 75, 77, 80, 90, 91, 94, 95, 96, 98, 101, 111, 112, 113, 116, 117, 118, 121, 122, 125, 126, 128, 131, 142, 143, 146, 159, 160, 162, 165, 166, 168, 169, 170, 172, 175, 176, 178, 179, 180, 182, 185, 196, 197, 199], "summary": {"covered_lines": 71, "num_statements": 71, "percent_covered": 100.0, "percent_covered_display": "100", "missing_lines": 0, "excluded_lines": 0}, "missing_lines": [], "excluded_lines": []}}}, "src/workflow_execution_service.py": {"executed_lines": [1, 5, 6, 8, 9, 10, 11, 12, 13, 14, 15, 16, 19, 20, 21, 22, 23, 24, 25, 26, 29, 30, 35, 43, 44, 45, 47, 59, 60, 61, 70, 76, 77, 86, 87, 90, 91, 100, 103, 104, 106, 107, 109, 111, 114, 115, 117, 118, 119, 120, 122, 132, 133, 136, 139, 142, 145, 146, 147, 148, 150, 151, 154, 160, 162, 165, 166, 169, 171, 179, 181, 182, 184, 185, 186, 188, 191, 193, 195, 197, 199, 200, 202, 203, 204, 205, 206, 207, 217, 224, 226, 227, 230, 231, 233, 235], "summary": {"covered_lines": 93, "num_statements": 104, "percent_covered": 89.42307692307692, "percent_covered_display": "89", "missing_lines": 11, "excluded_lines": 0}, "missing_lines": [123, 140, 155, 156, 157, 158, 208, 209, 210, 212, 214], "excluded_lines": [], "functions": {"WorkflowExecutionService.__init__": {"executed_lines": [43, 44, 45], "summary": {"covered_lines": 3, "num_statements": 3, "percent_covered": 100.0, "percent_covered_display": "100", "missing_lines": 0, "excluded_lines": 0}, "missing_lines": [], "excluded_lines": []}, "WorkflowExecutionService.execute_workflow": {"executed_lines": [59, 60, 61, 70, 76, 77, 86, 87, 90, 91, 100, 103, 104, 106, 107, 109, 111, 114, 115, 117, 118, 119, 120, 122, 132, 133, 136, 139, 142, 145, 146, 147, 148, 150, 151, 154, 160, 162, 165, 166, 169, 171], "summary": {"covered_lines": 42, "num_statements": 48, "percent_covered": 87.5, "percent_covered_display": "88", "missing_lines": 6, "excluded_lines": 0}, "missing_lines": [123, 140, 155, 156, 157, 158], "excluded_lines": []}, "WorkflowExecutionService._get_workflow_steps": {"executed_lines": [181, 182, 184, 185, 186, 188, 191], "summary": {"covered_lines": 7, "num_statements": 7, "percent_covered": 100.0, "percent_covered_display": "100", "missing_lines": 0, "excluded_lines": 0}, "missing_lines": [], "excluded_lines": []}, "WorkflowExecutionService._create_workflow_tasks": {"executed_lines": [195, 197, 199, 200, 202, 203, 204, 205, 206, 207, 217, 224, 226, 227, 230, 231, 233, 235], "summary": {"covered_lines": 18, "num_statements": 23, "percent_covered": 78.26086956521739, "percent_covered_display": "78", "missing_lines": 5, "excluded_lines": 0}, "missing_lines": [208, 209, 210, 212, 214], "excluded_lines": []}, "": {"executed_lines": [1, 5, 6, 8, 9, 10, 11, 12, 13, 14, 15, 16, 19, 20, 21, 22, 23, 24, 25, 26, 29, 30, 35, 47, 179, 193], "summary": {"covered_lines": 23, "num_statements": 23, "percent_covered": 100.0, "percent_covered_display": "100", "missing_lines": 0, "excluded_lines": 0}, "missing_lines": [], "excluded_lines": []}}, "classes": {"WorkflowExecutionResult": {"executed_lines": [], "summary": {"covered_lines": 0, "num_statements": 0, "percent_covered": 100.0, "percent_covered_display": "100", "missing_lines": 0, "excluded_lines": 0}, "missing_lines": [], "excluded_lines": []}, "WorkflowExecutionService": {"executed_lines": [43, 44, 45, 59, 60, 61, 70, 76, 77, 86, 87, 90, 91, 100, 103, 104, 106, 107, 109, 111, 114, 115, 117, 118, 119, 120, 122, 132, 133, 136, 139, 142, 145, 146, 147, 148, 150, 151, 154, 160, 162, 165, 166, 169, 171, 181, 182, 184, 185, 186, 188, 191, 195, 197, 199, 200, 202, 203, 204, 205, 206, 207, 217, 224, 226, 227, 230, 231, 233, 235], "summary": {"covered_lines": 70, "num_statements": 81, "percent_covered": 86.41975308641975, "percent_covered_display": "86", "missing_lines": 11, "excluded_lines": 0}, "missing_lines": [123, 140, 155, 156, 157, 158, 208, 209, 210, 212, 214], "excluded_lines": []}, "": {"executed_lines": [1, 5, 6, 8, 9, 10, 11, 12, 13, 14, 15, 16, 19, 20, 21, 22, 23, 24, 25, 26, 29, 30, 35, 47, 179, 193], "summary": {"covered_lines": 23, "num_statements": 23, "percent_covered": 100.0, "percent_covered_display": "100", "missing_lines": 0, "excluded_lines": 0}, "missing_lines": [], "excluded_lines": []}}}}, "totals": {"covered_lines": 3958, "num_statements": 6064, "percent_covered": 65.27044854881267, "percent_covered_display": "65", "missing_lines": 2106, "excluded_lines": 0}}