⠋ 構文チェック...✅ 構文チェック
⠋ インポート解決チェック...✅ インポート解決チェック
⠋ クイックスモークテスト...✅ クイックスモークテスト
⠋ Ruff自動修正...✅ Ruff自動修正
⠋ コード品質チェック (ruff)...✅ コード品質チェック (ruff)
⠋ 汎用名チェック...⠙ 汎用名チェック...✅ 汎用名チェック
⠋ 実用的品質チェック...⠙ 実用的品質チェック...⠹ 実用的品質チェック...✅ 実用的品質チェック
⠋ アーキテクチャ品質チェック...⠙ アーキテクチャ品質チェック...✅ アーキテクチャ品質チェック
⠋ 未使用コード検出...⠙ 未使用コード検出...⠹ 未使用コード検出...✅ 未使用コード検出
⠋ 命名規則チェック...⠙ 命名規則チェック...✅ 命名規則チェック
⠋ dict.get()使用チェック...✅ dict.get()使用チェック
🧪 テスト実行🧪 テスト実行: test_init_system_providers                                            🧪 テスト実行: test_init_mock_providers                                              🧪 テスト実行: test_get_file_provider_system                                         🧪 テスト実行: test_get_file_provider_mock                                           🧪 テスト実行: test_get_time_provider_system                                         🧪 テスト実行: test_get_time_provider_mock                                           🧪 テスト実行: test_get_environment_provider_system                                  🧪 テスト実行: test_get_environment_provider_mock                                    🧪 テスト実行: test_get_working_directory_provider_s...                              🧪 テスト実行: test_get_working_directory_provider_mock                              🧪 テスト実行: test_get_registry_provider_system                                     🧪 テスト実行: test_get_registry_provider_mock                                       🧪 テスト実行: test_get_config_manager_system                                        🧪 テスト実行: test_get_config_manager_mock                                          🧪 テスト実行: test_reset_providers                                                  🧪 テスト実行: test_initialize_providers_function                                    🧪 テスト実行: test_get_provider_factory_function                                    🧪 テスト実行: test_convenience_functions                                            🧪 テスト実行: test_provider_singleton_behavior                                      🧪 テスト実行: test_system_providers_initialization_...                              🧪 テスト実行: test_mock_providers_initialization_paths                              🧪 テスト実行: test_simple_output_data_creation                                      🧪 テスト実行: test_simple_output_data_with_stdout                                   🧪 テスト実行: test_simple_output_data_with_stderr                                   🧪 テスト実行: test_simple_output_data_with_both                                     🧪 テスト実行: test_simple_output_data_immutable                                     🧪 テスト実行: test_extract_output_data_with_stdout                                  🧪 テスト実行: test_extract_output_data_with_stderr                                  🧪 テスト実行: test_extract_output_data_with_both                                    🧪 テスト実行: test_extract_output_data_no_attributes                                🧪 テスト実行: test_extract_output_data_partial_attr...                              🧪 テスト実行: test_should_show_output_true                                          🧪 テスト実行: test_should_show_output_false                                         🧪 テスト実行: test_should_show_output_no_attribute                                  🧪 テスト実行: test_should_show_output_none_value                                    🧪 テスト実行: test_should_show_output_truthy_value                                  🧪 テスト実行: test_should_show_output_falsy_value                                   🧪 テスト実行: test_format_output_content_stdout_only                                🧪 テスト実行: test_format_output_content_stderr_only                                🧪 テスト実行: test_format_output_content_both                                       🧪 テスト実行: test_format_output_content_neither                                    🧪 テスト実行: test_format_output_content_empty_strings                              🧪 テスト実行: test_format_output_content_multiline                                  🧪 テスト実行: test_decide_output_action_show_with_c...                              🧪 テスト実行: test_decide_output_action_no_show                                     🧪 テスト実行: test_decide_output_action_show_no_con...                              🧪 テスト実行: test_decide_output_action_show_empty_...                              🧪 テスト実行: test_decide_output_action_show_with_s...                              🧪 テスト実行: test_decide_output_action_show_with_both                              🧪 テスト実行: test_decide_output_action_whitespace_...                              🧪 テスト実行: test_full_workflow_with_output                                        🧪 テスト実行: test_full_workflow_no_output                                          🧪 テスト実行: test_full_workflow_error_case                                         🧪 テスト実行: test_init                                                             🧪 テスト実行: test_run_success                                                      🧪 テスト実行: test_run_value_error                                                  🧪 テスト実行: test_run_file_not_found_error                                         🧪 テスト実行: test_run_json_decode_error                                            🧪 テスト実行: test_run_general_exception                                            🧪 テスト実行: test_execute_workflow                                                 🧪 テスト実行: test_handle_general_exception_composi...                              🧪 テスト実行: test_handle_general_exception_composi...                              🧪 テスト実行: test_handle_general_exception_other_e...                              🧪 テスト実行: test_handle_general_exception_composi...                              🧪 テスト実行: test_main_without_parameters                                          🧪 テスト実行: test_main_with_parameters                                             🧪 テスト実行: test_main_with_partial_parameters                                     🧪 テスト実行: test_execute_requests_success                                         🧪 テスト実行: test_execute_requests_failure_not_all...                              🧪 テスト実行: test_execute_requests_failure_allowed                                 🧪 テスト実行: test_execute_requests_no_success_attr...                              🧪 テスト実行: test_execute_requests_no_allow_failur...                              🧪 テスト実行: test_execute_requests_mixed_success_a...                              🧪 テスト実行: test_check_failure_success                                            🧪 テスト実行: test_check_failure_allowed_failure                                    🧪 テスト実行: test_check_failure_not_allowed_failure                                🧪 テスト実行: test_check_failure_default_allow_failure                              🧪 テスト実行: test_check_failure_no_success_attribute                               🧪 テスト実行: test_execute_requests_empty_list                                      🧪 テスト実行: test_execute_requests_single_request                                  🧪 テスト実行: test_cph_sh_basic[args0]                                              🧪 テスト実行: test_cph_sh_basic[args1]                                              🧪 テスト実行: test_cph_sh_basic[args2]                                              🧪 テスト実行: test_cph_sh_basic[args3]                                              🧪 テスト実行: test_cph_sh_basic[args4]                                              🧪 テスト実行: test_cph_sh_basic[args5]                                              🧪 テスト実行: test_cph_sh_submit[args0]                                             🧪 テスト実行: test_cph_sh_submit[args1]                                             🧪 テスト実行: test_cph_sh_submit[args2]                                             🧪 テスト実行: test_cph_sh_submit[args3]                                             🧪 テスト実行: test_init                                                             🧪 テスト実行: test_execute_sequential                                               🧪 テスト実行: test_execute_with_failure                                             🧪 テスト実行: test_execute_with_allowed_failure                                     🧪 テスト実行: test_make_composite_request_single                                    🧪 テスト実行: test_make_composite_request_multiple                                  🧪 テスト実行: test_count_leaf_requests                                              🧪 テスト実行: test_repr                                                             🧪 テスト実行: test_requests_property                                                🧪 テスト実行: test_empty_composite                                                  🧪 テスト実行: test_debug_tag                                                        🧪 テスト実行: test_nested_composite_execution                                       🧪 テスト実行: test_basic_config_resolution                                          🧪 テスト実行: test_hierarchical_config_resolution                                   🧪 テスト実行: test_config_resolution_with_defaults                                  🧪 テスト実行: test_list_config_resolution                                           🧪 テスト実行: test_config_priority_resolution                                       🧪 テスト実行: test_config_type_safety_enforcement                                   🧪 テスト実行: test_config_caching_performance                                       🧪 テスト実行: test_complex_nested_resolution                                        🧪 テスト実行: test_config_validation_and_error_hand...                              🧪 テスト実行: test_configuration_resolver_method_eq...                              🧪 テスト実行: test_execution_config_resolution_inte...                              🧪 テスト実行: test_multi_language_config_resolution                                 🧪 テスト実行: test_alias_resolution_functionality                                   🧪 テスト実行: test_resolver_methods_coverage                                        🧪 テスト実行: test_performance_comparison_simulation                                🧪 テスト実行: test_error_handling_compatibility                                     🧪 テスト実行: test_initialization_performance                                       🧪 テスト実行: test_config_resolution_performance                                    🧪 テスト実行: test_template_expansion_performance                                   🧪 テスト実行: test_execution_config_creation_perfor...                              🧪 テスト実行: test_memory_usage_simulation                                          🧪 テスト実行: test_concurrent_access_simulation                                     🧪 テスト実行: test_performance_target_verification                                  🧪 テスト実行: test_simulated_legacy_vs_new_comparison                               🧪 テスト実行: test_basic_variable_expansion                                         🧪 テスト実行: test_path_template_expansion                                          🧪 テスト実行: test_command_template_expansion                                       🧪 テスト実行: test_nested_template_expansion                                        🧪 テスト実行: test_template_expansion_with_context                                  🧪 テスト実行: test_template_validation_functionality                                🧪 テスト実行: test_template_caching_performance                                     🧪 テスト実行: test_multiple_template_types                                          🧪 テスト実行: test_execution_config_template_integr...                              🧪 テスト実行: test_file_pattern_template_expansion                                  🧪 テスト実行: test_template_error_handling                                          🧪 テスト実行: test_template_expansion_vs_original_e...                              🧪 テスト実行: test_template_expansion_methods_coverage                              🧪 テスト実行: test_template_functionality_comparison                                🧪 テスト実行: test_load_json_file_success                                           🧪 テスト実行: test_load_json_file_not_found                                         🧪 テスト実行: test_load_and_merge_configs                                           🧪 テスト実行: test_load_system_configs_integration                                  🧪 テスト実行: test_load_env_configs_integration                                     🧪 テスト実行: test_config_merging_priority                                          🧪 テスト実行: test_deep_merge_functionality                                         🧪 テスト実行: test_get_available_languages                                          🧪 テスト実行: test_resolve_config_str                                               🧪 テスト実行: test_resolve_config_int                                               🧪 テスト実行: test_resolve_config_bool                                              🧪 テスト実行: test_resolve_config_nested_path                                       🧪 テスト実行: test_resolve_config_with_default                                      🧪 テスト実行: test_resolve_config_type_error                                        🧪 テスト実行: test_resolve_config_key_error                                         🧪 テスト実行: test_resolve_template_typed_basic                                     🧪 テスト実行: test_resolve_template_to_path                                         🧪 テスト実行: test_create_execution_config                                          🧪 テスト実行: test_create_execution_config_with_def...                              🧪 テスト実行: test_caching_behavior                                                 🧪 テスト実行: test_execution_config_caching                                         🧪 テスト実行: test_convert_to_type_str                                              🧪 テスト実行: test_convert_to_type_int                                              🧪 テスト実行: test_convert_to_type_bool                                             🧪 テスト実行: test_convert_to_type_path                                             🧪 テスト実行: test_typed_execution_configuration_cr...                              🧪 テスト実行: test_full_workflow_with_real_files                                    🧪 テスト実行: test_command_initialization                                           🧪 テスト実行: test_command_with_aliases                                             🧪 テスト実行: test_command_with_custom_description                                  🧪 テスト実行: test_command_properties                                               🧪 テスト実行: test_validate_success                                                 🧪 テスト実行: test_validate_failure                                                 🧪 テスト実行: test_get_steps                                                        🧪 テスト実行: test_matches_exact_name                                               🧪 テスト実行: test_matches_alias                                                    🧪 テスト実行: test_matches_case_sensitive                                           🧪 テスト実行: test_matches_empty_aliases                                            🧪 テスト実行: test_abstract_methods_required                                        🧪 テスト実行: test_command_inheritance                                              🧪 テスト実行: test_aliases_property_immutable                                       🧪 テスト実行: test_multiple_commands_different_names                                🧪 テスト実行: test_command_with_complex_aliases                                     🧪 テスト実行: test_custom_validation_success                                        🧪 テスト実行: test_custom_validation_missing_key                                    🧪 テスト実行: test_custom_validation_wrong_type                                     🧪 テスト実行: test_custom_get_steps                                                 🧪 テスト実行: test_validate_env_json_valid_basic                                    🧪 テスト実行: test_validate_env_json_valid_with_shared                              🧪 テスト実行: test_validate_env_json_multiple_langu...                              🧪 テスト実行: test_validate_env_json_with_reserved_...                              🧪 テスト実行: test_validate_env_json_invalid_root_n...                              🧪 テスト実行: test_validate_env_json_invalid_root_list                              🧪 テスト実行: test_validate_env_json_invalid_no_lan...                              🧪 テスト実行: test_validate_env_json_invalid_empty_...                              🧪 テスト実行: test_validate_env_json_invalid_langua...                              🧪 テスト実行: test_validate_env_json_invalid_langua...                              🧪 テスト実行: test_validate_env_json_invalid_langua...                              🧪 テスト実行: test_validate_env_json_mixed_valid_in...                              🧪 テスト実行: test_validate_env_json_path_in_error_...                              🧪 テスト実行: test_validate_env_json_special_langua...                              🧪 テスト実行: test_validate_env_json_case_sensitivity                               🧪 テスト実行: test_validate_execution_context_success                               🧪 テスト実行: test_validate_execution_context_failure                               🧪 テスト実行: test_validate_required_fields_success                                 🧪 テスト実行: test_validate_required_fields_no_lang...                              🧪 テスト実行: test_validate_required_fields_empty_l...                              🧪 テスト実行: test_validate_required_fields_no_env_...                              🧪 テスト実行: test_validate_required_fields_empty_e...                              🧪 テスト実行: test_validate_required_fields_languag...                              🧪 テスト実行: test_validate_required_fields_complex...                              🧪 テスト実行: test_static_methods                                                   🧪 テスト実行: test_validate_execution_context_with_...                              🧪 テスト実行: test_validate_required_fields_languag...                              🧪 テスト実行: test_validate_required_fields_boolean...                              🧪 テスト実行: test_validate_required_fields_zero_la...                              🧪 テスト実行: test_validate_required_fields_dict_fa...                              🧪 テスト実行: test_get_docker_names_without_dockerfile                              🧪 テスト実行: test_get_docker_names_with_dockerfile                                 🧪 テスト実行: test_get_docker_names_empty_dockerfile                                🧪 テスト実行: test_validate_execution_context_data_...                              🧪 テスト実行: test_validate_execution_context_data_...                              🧪 テスト実行: test_validate_execution_context_data_...                              🧪 テスト実行: test_validate_execution_context_data_...                              🧪 テスト実行: test_validate_execution_context_data_...                              🧪 テスト実行: test_validate_execution_context_data_...                              🧪 テスト実行: test_get_steps_from_resolver_success                                  🧪 テスト実行: test_get_steps_from_resolver_no_steps                                 🧪 テスト実行: test_base_composite_request_set_name                                  🧪 テスト実行: test_base_composite_request_repr                                      🧪 テスト実行: test_make_composite_request_single                                    🧪 テスト実行: test_make_composite_request_multiple                                  🧪 テスト実行: test_count_leaf_requests_nested                                       🧪 テスト実行: test_operation_type                                                   🧪 テスト実行: test_register_and_resolve                                             🧪 テスト実行: test_resolve_unregistered_key                                         🧪 テスト実行: test_create_system_config_loader                                      🧪 テスト実行: test_create_contest_manager                                           🧪 テスト実行: test_configure_production_dependencie...                              🧪 テスト実行: test_configure_test_dependencies_incl...                              🧪 テスト実行: test_factory_dependency_resolution                                    🧪 テスト実行: test_lazy_loading_behavior                                            🧪 テスト実行: test_docker_driver_is_abstract                                        🧪 テスト実行: test_abstract_methods_defined                                         🧪 テスト実行: test_run_container_basic                                              🧪 テスト実行: test_run_container_with_options                                       🧪 テスト実行: test_stop_container                                                   🧪 テスト実行: test_remove_container_basic                                           🧪 テスト実行: test_remove_container_with_force                                      🧪 テスト実行: test_exec_in_container_string_command                                 🧪 テスト実行: test_exec_in_container_list_command                                   🧪 テスト実行: test_exec_in_container_invalid_comman...                              🧪 テスト実行: test_get_logs                                                         🧪 テスト実行: test_build_success                                                    🧪 テスト実行: test_build_without_dockerfile_text                                    🧪 テスト実行: test_build_with_options                                               🧪 テスト実行: test_image_ls                                                         🧪 テスト実行: test_image_rm                                                         🧪 テスト実行: test_ps_basic                                                         🧪 テスト実行: test_ps_with_all_flag                                                 🧪 テスト実行: test_ps_names_only                                                    🧪 テスト実行: test_inspect_basic                                                    🧪 テスト実行: test_inspect_with_type                                                🧪 テスト実行: test_cp_to_container                                                  🧪 テスト実行: test_cp_from_container                                                🧪 テスト実行: test_full_container_lifecycle                                         🧪 テスト実行: test_command_execution_failure                                        🧪 テスト実行: test_shell_request_exception                                          🧪 テスト実行: test_exec_with_complex_command                                        🧪 テスト実行: test_ps_names_only_empty_output                                       🧪 テスト実行: test_build_with_minimal_dockerfile                                    🧪 テスト実行: test_all_operations_with_show_output_...                              🧪 テスト実行: test_init                                                             🧪 テスト実行: test_lazy_loading_properties                                          🧪 テスト実行: test_run_container_success_with_tracking                              🧪 テスト実行: test_run_container_success_no_contain...                              🧪 テスト実行: test_run_container_success_no_name                                    🧪 テスト実行: test_run_container_failure                                            🧪 テスト実行: test_run_container_tracking_exception                                 🧪 テスト実行: test_stop_container_success                                           🧪 テスト実行: test_stop_container_failure                                           🧪 テスト実行: test_stop_container_tracking_exception                                🧪 テスト実行: test_remove_container_success                                         🧪 テスト実行: test_remove_container_failure                                         🧪 テスト実行: test_build_success_with_image_id                                      🧪 テスト実行: test_build_success_no_image_id                                        🧪 テスト実行: test_build_failure                                                    🧪 テスト実行: test_build_no_tag                                                     🧪 テスト実行: test_build_tracking_exception                                         🧪 テスト実行: test_image_rm_success_with_tag                                        🧪 テスト実行: test_image_rm_success_no_tag                                          🧪 テスト実行: test_image_rm_failure                                                 🧪 テスト実行: test_image_rm_tracking_exception                                      🧪 テスト実行: test_dockerrequest_with_mockdriver                                    🧪 テスト実行: test_dockerresult_methods                                             🧪 テスト実行: test_dockerrequest_no_driver                                          🧪 テスト実行: test_build_docker_cmd_basic                                           🧪 テスト実行: test_build_docker_cmd_no_options                                      🧪 テスト実行: test_build_docker_cmd_short_option                                    🧪 テスト実行: test_build_docker_cmd_long_option                                     🧪 テスト実行: test_parse_image_tag_with_tag                                         🧪 テスト実行: test_parse_image_tag_without_tag                                      🧪 テスト実行: test_copy_step_requires_destination_d...                              🧪 テスト実行: test_copy_step_destination_directory_...                              🧪 テスト実行: test_copy_step_destination_is_current...                              🧪 テスト実行: test_move_step_requires_destination_d...                              🧪 テスト実行: test_movetree_step_requires_destinati...                              🧪 テスト実行: test_touch_step_requires_parent_direc...                              🧪 テスト実行: test_touch_step_parent_directory_exists                               🧪 テスト実行: test_working_directory_creation                                       🧪 テスト実行: test_working_directory_exists                                         🧪 テスト実行: test_complex_step_multiple_preparations                               🧪 テスト実行: test_no_preparation_needed                                            🧪 テスト実行: test_shell_command_no_preparation                                     🧪 テスト実行: test_edge_case_current_directory_copy                                 🧪 テスト実行: test_mkdir_tracking                                                   🧪 テスト実行: test_touch_tracking                                                   🧪 テスト実行: test_copy_tracking                                                    🧪 テスト実行: test_move_tracking                                                    🧪 テスト実行: test_movetree_tracking                                                🧪 テスト実行: test_rmtree_tracking                                                  🧪 テスト実行: test_remove_tracking                                                  🧪 テスト実行: test_no_tracking_for_non_resource_steps                               🧪 テスト実行: test_mkdir_with_parent_directory                                      🧪 テスト実行: test_touch_creates_parent_directories                                 🧪 テスト実行: test_simple_dependency_resolution                                     🧪 テスト実行: test_complex_dependency_resolution                                    🧪 テスト実行: test_no_dependencies_needed                                           🧪 テスト実行: test_directory_reuse_optimization                                     🧪 テスト実行: test_empty_steps_list                                                 🧪 テスト実行: test_success_path                                                     🧪 テスト実行: test_generation_failure                                               🧪 テスト実行: test_validation_failure                                               🧪 テスト実行: test_optimize_workflow_steps                                          🧪 テスト実行: test_create_step_context_all_attributes                               🧪 テスト実行: test_create_step_context_missing_attr...                              🧪 テスト実行: test_validate_with_errors                                             🧪 テスト実行: test_validate_with_warnings_only                                      🧪 テスト実行: test_validate_empty_requests                                          🧪 テスト実行: test_validate_success                                                 🧪 テスト実行: test_debug_successful_generation                                      🧪 テスト実行: test_debug_failed_generation                                          🧪 テスト実行: test_resolve_wildcard_match                                           🧪 テスト実行: test_resolve_python_match                                             🧪 テスト実行: test_resolve_java_docker                                              🧪 テスト実行: test_resolve_local                                                    🧪 テスト実行: test_resolve_alias                                                    🧪 テスト実行: test_resolve_not_found                                                🧪 テスト実行: test_resolve_neighbor_match                                           🧪 テスト実行: test_resolve_multiple_matches                                         🧪 テスト実行: test_resolve_multiple_matches_with_alias                              🧪 テスト実行: test_resolve_empty_path                                               🧪 テスト実行: test_resolve_multiple_aliases                                         🧪 テスト実行: test_resolve_list_node                                                🧪 テスト実行: test_resolve_parent_alias                                             🧪 テスト実行: test_resolve_circular_reference                                       🧪 テスト実行: test_resolve_aliases_and_other_keys                                   🧪 テスト実行: test_resolve_values                                                   🧪 テスト実行: test_resolve_deep_nested_path                                         🧪 テスト実行: test_resolve_with_special_keys                                        🧪 テスト実行: test_resolve_empty_aliases                                            🧪 テスト実行: test_resolve_same_name_multi_level                                    🧪 テスト実行: test_resolve_tuple_path                                               🧪 テスト実行: test_confignode_properties_and_repr                                   🧪 テスト実行: test_from_dict_invalid_type                                           🧪 テスト実行: test_resolve_invalid_path_type                                        🧪 テスト実行: test_add_edge_invalid_type                                            🧪 テスト実行: test_aliases_invalid_type                                             🧪 テスト実行: test_confignode_lt_invalid_type                                       🧪 テスト実行: test_add_edge_self_reference                                          🧪 テスト実行: test_add_edge_duplicate                                               🧪 テスト実行: test_value_dict_not_destroyed                                         🧪 テスト実行: test_add_edge_parent_and_next_nodes                                   🧪 テスト実行: test_repr_circular_reference                                          🧪 テスト実行: test_resolve_path_with_empty_and_dupl...                              🧪 テスト実行: test_large_nested_dict                                                🧪 テスト実行: test_next_nodes_with_key_star_and_non...                              🧪 テスト実行: test_repr_with_self_and_cycle                                         🧪 テスト実行: test_parent_property                                                  🧪 テスト実行: test_matches_with_duplicate_aliases                                   🧪 テスト実行: test_from_dict_aliases_none                                           🧪 テスト実行: test_add_edge_self_multiple                                           🧪 テスト実行: test_value_property_various_types                                     🧪 テスト実行: test_find_nearest_key_node_basic                                      🧪 テスト実行: test_find_nearest_key_node_deep                                       🧪 テスト実行: test_find_nearest_key_node_multiple                                   🧪 テスト実行: test_create_config_root_invalid_input                                 🧪 テスト実行: test_create_config_root_aliases_inval...                              🧪 テスト実行: test_create_config_root_with_aliases_...                              🧪 テスト実行: test_create_config_root_skip_aliases_key                              🧪 テスト実行: test_create_config_root_with_list_values                              🧪 テスト実行: test_create_config_root_complex_neste...                              🧪 テスト実行: test_resolve_by_match_desc_invalid_pa...                              🧪 テスト実行: test_resolve_formatted_string_no_plac...                              🧪 テスト実行: test_resolve_formatted_string_with_in...                              🧪 テスト実行: test_resolve_formatted_string_partial...                              🧪 テスト実行: test_resolve_formatted_string_complex...                              🧪 テスト実行: test_resolve_formatted_string_circula...                              🧪 テスト実行: test_resolve_formatted_string_value_i...                              🧪 テスト実行: test_resolve_formatted_string_missing...                              🧪 テスト実行: test_resolve_format_string_simple_str...                              🧪 テスト実行: test_resolve_format_string_dict_with_...                              🧪 テスト実行: test_resolve_format_string_non_string...                              🧪 テスト実行: test_resolve_format_string_with_place...                              🧪 テスト実行: test_resolve_format_string_dict_value...                              🧪 テスト実行: test_resolve_format_string_complex_na...                              🧪 テスト実行: test_resolve_format_string_value_type...                              🧪 テスト実行: test_resolve_format_string_no_missing...                              🧪 テスト実行: test_resolve_by_match_desc_empty_path                                 🧪 テスト実行: test_resolve_by_match_desc_no_matches                                 🧪 テスト実行: test_resolve_by_match_desc_partial_ma...                              🧪 テスト実行: test_resolve_by_match_desc_multiple_p...                              🧪 テスト実行: test_resolve_by_match_desc_visited_no...                              🧪 テスト実行: test_resolve_by_match_desc_ranking_sy...                              🧪 テスト実行: test_resolve_by_match_desc_path_progr...                              🧪 テスト実行: test_resolve_best_no_results                                          🧪 テスト実行: test_resolve_best_single_result                                       🧪 テスト実行: test_resolve_best_multiple_results                                    🧪 テスト実行: test_resolve_values_empty_results                                     🧪 テスト実行: test_resolve_values_multiple_matches                                  🧪 テスト実行: test_format_utils_integration                                         🧪 テスト実行: test_deque_operations_in_bfs                                          🧪 テスト実行: test_missing_keys_list_operations                                     🧪 テスト実行: test_node_value_none_handling                                         🧪 テスト実行: test_large_config_tree_performance                                    🧪 テスト実行: test_deep_nesting_limits                                              🧪 テスト実行: test_file_write_and_read_with_mock                                    🧪 テスト実行: test_file_request_fail_with_mock                                      🧪 テスト実行: test_file_request_double_execute_raises                               🧪 テスト実行: test_file_request_unknown_operation                                   🧪 テスト実行: test_move_and_copy_impl                                               🧪 テスト実行: test_exists_and_create_impl                                           🧪 テスト実行: test_copytree_and_rmtree_impl                                         🧪 テスト実行: test_remove_impl                                                      🧪 テスト実行: test_open                                                             🧪 テスト実行: test_docker_cp_raises                                                 🧪 テスト実行: test_hash_file                                                        🧪 テスト実行: test_exists_file                                                      🧪 テスト実行: test_exists_directory                                                 🧪 テスト実行: test_not_exists                                                       🧪 テスト実行: test_is_file                                                          🧪 テスト実行: test_is_dir                                                           🧪 テスト実行: test_iterdir_success                                                  🧪 テスト実行: test_iterdir_empty_directory                                          🧪 テスト実行: test_iterdir_permission_error                                         🧪 テスト実行: test_iterdir_os_error                                                 🧪 テスト実行: test_mkdir_basic                                                      🧪 テスト実行: test_mkdir_with_parents                                               🧪 テスト実行: test_mkdir_exist_ok                                                   🧪 テスト実行: test_mkdir_exists_raises                                              🧪 テスト実行: test_complex_scenario                                                 🧪 テスト実行: test_copy_file_not_implemented                                        🧪 テスト実行: test_move_file_not_implemented                                        🧪 テスト実行: test_delete_file_not_implemented                                      🧪 テスト実行: test_create_directory_not_implemented                                 🧪 テスト実行: test_basic_logging_methods                                            🧪 テスト実行: test_step_workflow_methods                                            🧪 テスト実行: test_correlation_logging                                              🧪 テスト実行: test_environment_logging                                              🧪 テスト実行: test_logger_interface_compatibility                                   🧪 テスト実行: test_execute_with_query_request                                       🧪 テスト実行: test_execute_with_command_request                                     🧪 テスト実行: test_execute_with_unsupported_request                                 🧪 テスト実行: test_validate_with_query_request                                      🧪 テスト実行: test_validate_with_command_request                                    🧪 テスト実行: test_validate_with_invalid_request                                    🧪 テスト実行: test_init_default_path                                                🧪 テスト実行: test_init_custom_path                                                 🧪 テスト実行: test_get_connection                                                   🧪 テスト実行: test_execute_query                                                    🧪 テスト実行: test_execute_command                                                  🧪 テスト実行: test_begin_transaction_success                                        🧪 テスト実行: test_begin_transaction_rollback_on_error                              🧪 テスト実行: test_get_repository_cached                                            🧪 テスト実行: test_get_repository_different_classes                                 🧪 テスト実行: test_initialize                                                       🧪 テスト実行: test_cleanup                                                          🧪 テスト実行: test_save_execution_history                                           🧪 テスト実行: test_get_execution_history_empty                                      🧪 テスト実行: test_get_execution_history_with_data                                  🧪 テスト実行: test_get_execution_history_with_inval...                              🧪 テスト実行: test_save_session_context                                             🧪 テスト実行: test_load_session_context_none                                        🧪 テスト実行: test_load_session_context_with_data                                   🧪 テスト実行: test_save_user_specified_values                                       🧪 テスト実行: test_get_user_specified_values_empty                                  🧪 テスト実行: test_get_user_specified_values_with_data                              🧪 テスト実行: test_clear_session                                                    🧪 テスト実行: test_execution_history_creation                                       🧪 テスト実行: test_session_context_creation                                         🧪 テスト実行: test_init_with_default_path                                           🧪 テスト実行: test_init_with_custom_path                                            🧪 テスト実行: test_load_previous_values_nonexistent_db                              🧪 テスト実行: test_load_previous_values_empty_db                                    🧪 テスト実行: test_save_and_load_current_values                                     🧪 テスト実行: test_save_current_values_nonexistent_db                               🧪 テスト実行: test_save_current_values_overwrite                                    🧪 テスト実行: test_get_config_value_existing                                        🧪 テスト実行: test_get_config_value_nonexistent                                     🧪 テスト実行: test_get_config_value_invalid_json                                    🧪 テスト実行: test_save_config_value                                                🧪 テスト実行: test_get_available_config_keys_empty                                  🧪 テスト実行: test_get_available_config_keys_with_data                              🧪 テスト実行: test_get_available_config_keys_nonexi...                              🧪 テスト実行: test_load_previous_values_with_sql_error                              🧪 テスト実行: test_save_current_values_with_sql_error                               🧪 テスト実行: test_get_available_config_keys_with_s...                              🧪 テスト実行: test_config_manager_initialization                                    🧪 テスト実行: test_file_loader_basic_functionality                                  🧪 テスト実行: test_config_manager_load_from_files                                   🧪 テスト実行: test_execution_config_creation                                        🧪 テスト実行: test_template_string_resolution                                       🧪 テスト実行: test_type_safety                                                      🧪 テスト実行: test_caching_functionality                                            🧪 テスト実行: test_execution_config_properties                                      🧪 テスト実行: test_error_handling                                                   🧪 テスト実行: test_multiple_languages_support                                       🧪 テスト実行: test_shell_request_with_logger                                        🧪 テスト実行: test_shell_request_error_logging                                      🧪 テスト実行: test_file_request_with_logger                                         🧪 テスト実行: test_retry_decorator_with_logger                                      🧪 テスト実行: test_workflow_execution_service_logge...                              🧪 テスト実行: test_parse_empty_args                                                 🧪 テスト実行: test_parse_single_arg                                                 🧪 テスト実行: test_parse_multiple_args                                              🧪 テスト実行: test_parse_with_flags                                                 🧪 テスト実行: test_parse_long_args                                                  🧪 テスト実行: test_parse_special_characters                                         🧪 テスト実行: test_available_languages_detection                                    🧪 テスト実行: test_real_config_loading_python                                       🧪 テスト実行: test_real_config_loading_cpp                                          🧪 テスト実行: test_real_config_loading_rust                                         🧪 テスト実行: test_execution_config_creation_real                                   🧪 テスト実行: test_user_input_parser_integration_real                               🧪 テスト実行: test_create_new_execution_context_real                                🧪 テスト実行: test_command_specific_configurations                                  🧪 テスト実行: test_shared_configuration_loading                                     🧪 テスト実行: test_template_resolution_with_real_paths                              🧪 テスト実行: test_file_patterns_and_extensions                                     🧪 テスト実行: test_backwards_compatibility_verifica...                              🧪 テスト実行: test_error_resilience_real_config                                     🧪 テスト実行: test_create_and_exists                                                🧪 テスト実行: test_behavior_verification                                            🧪 テスト実行: test_file_exists_setup                                                🧪 テスト実行: test_move_and_copy_impl                                               🧪 テスト実行: test_copy_impl_file_not_found                                         🧪 テスト実行: test_copytree_and_rmtree_impl                                         🧪 テスト実行: test_remove_impl                                                      🧪 テスト実行: test_open_read_and_write                                              🧪 テスト実行: test_open_unsupported_mode                                            🧪 テスト実行: test_docker_cp_and_hash_file                                          🧪 テスト実行: test_operation_type_values                                            🧪 テスト実行: test_operation_type_auto_values                                       🧪 テスト実行: test_file_operation_values                                            🧪 テスト実行: test_file_operation_count                                             🧪 テスト実行: test_directory_name_values                                            🧪 テスト実行: test_directory_name_count                                             🧪 テスト実行: test_file_pattern_values                                              🧪 テスト実行: test_file_pattern_count                                               🧪 テスト実行: test_preparation_action_values                                        🧪 テスト実行: test_preparation_action_count                                         🧪 テスト実行: test_no_duplicate_values_across_enums                                 🧪 テスト実行: test_enum_accessibility                                               🧪 テスト実行: test_init_with_message_only                                           🧪 テスト実行: test_init_with_result                                                 🧪 テスト実行: test_init_with_original_exception                                     🧪 テスト実行: test_init_with_all_parameters                                         🧪 テスト実行: test_inheritance                                                      🧪 テスト実行: test_raise_and_catch                                                  🧪 テスト実行: test_exception_chaining                                               🧪 テスト実行: test_empty_message                                                    🧪 テスト実行: test_complex_result_object                                            🧪 テスト実行: test_error_code_values                                                🧪 テスト実行: test_get_suggestion_known_error                                       🧪 テスト実行: test_get_suggestion_unknown_error                                     🧪 テスト実行: test_get_recovery_actions_known_error                                 🧪 テスト実行: test_get_recovery_actions_unknown_error                               🧪 テスト実行: test_classify_file_not_found                                          🧪 テスト実行: test_classify_permission_denied_file                                  🧪 テスト実行: test_classify_command_not_found                                       🧪 テスト実行: test_classify_timeout_error                                           🧪 テスト実行: test_classify_docker_error                                            🧪 テスト実行: test_classify_python_syntax_error                                     🧪 テスト実行: test_classify_python_module_not_found                                 🧪 テスト実行: test_classify_unknown_error                                           🧪 テスト実行: test_execution_status_values                                          🧪 テスト実行: test_execution_status_enum_members                                    🧪 テスト実行: test_test_status_alias                                                🧪 テスト実行: test_minimal_execution_result                                         🧪 テスト実行: test_full_execution_result                                            🧪 テスト実行: test_execution_result_immutable                                       🧪 テスト実行: test_execution_result_equality                                        🧪 テスト実行: test_test_result_alias                                                🧪 テスト実行: test_execution_result_with_different_...                              🧪 テスト実行: test_execution_result_str_representation                              🧪 テスト実行: test_execution_time_types                                             🧪 テスト実行: test_exists_file                                                      🧪 テスト実行: test_exists_directory                                                 🧪 テスト実行: test_not_exists                                                       🧪 テスト実行: test_is_file                                                          🧪 テスト実行: test_is_dir                                                           🧪 テスト実行: test_iterdir                                                          🧪 テスト実行: test_iterdir_nonexistent_raises                                       🧪 テスト実行: test_mkdir                                                            🧪 テスト実行: test_mkdir_exist_ok                                                   🧪 テスト実行: test_mkdir_exists_raises                                              🧪 テスト実行: test_copy_file_success                                                🧪 テスト実行: test_copy_file_nonexistent                                            🧪 テスト実行: test_move_file_success                                                🧪 テスト実行: test_move_file_nonexistent                                            🧪 テスト実行: test_delete_file_success                                              🧪 テスト実行: test_delete_file_nonexistent                                          🧪 テスト実行: test_create_directory_success                                         🧪 テスト実行: test_create_directory_exists                                          🧪 テスト実行: test_debug_logging                                                    🧪 テスト実行: test_info_logging                                                     🧪 テスト実行: test_warning_logging                                                  🧪 テスト実行: test_error_logging                                                    🧪 テスト実行: test_critical_logging                                                 🧪 テスト実行: test_logging_with_args                                                🧪 テスト実行: test_logging_with_kwargs                                              🧪 テスト実行: test_multiple_log_levels                                              🧪 テスト実行: test_exports_all_expected_items                                       🧪 テスト実行: test_execution_timing_class_accessible                                🧪 テスト実行: test_timing_functions_accessible                                      🧪 テスト実行: test_imported_items_work_correctly                                    🧪 テスト実行: test_no_unexpected_exports                                            🧪 テスト実行: test_package_structure                                                🧪 テスト実行: test_imports_from_timing_calculator                                   🧪 テスト実行: test_init_with_start_time_only                                        🧪 テスト実行: test_init_with_both_times                                             🧪 テスト実行: test_with_end_time_creates_new_instance                               🧪 テスト実行: test_immutability                                                     🧪 テスト実行: test_start_timing                                                     🧪 テスト実行: test_end_timing                                                       🧪 テスト実行: test_format_execution_timing_running                                  🧪 テスト実行: test_format_execution_timing_millisec...                              🧪 テスト実行: test_format_execution_timing_seconds                                  🧪 テスト実行: test_format_execution_timing_minutes                                  🧪 テスト実行: test_is_execution_timeout_no_duration                                 🧪 テスト実行: test_is_execution_timeout_within_limit                                🧪 テスト実行: test_is_execution_timeout_exceeded                                    🧪 テスト実行: test_is_execution_timeout_exact_limit                                 🧪 テスト実行: test_zero_duration                                                    🧪 テスト実行: test_very_small_duration                                              🧪 テスト実行: test_exactly_one_second                                               🧪 テスト実行: test_exactly_sixty_seconds                                            🧪 テスト実行: test_negative_duration                                                🧪 テスト実行: test_init                                                             🧪 テスト実行: test_set_name                                                         🧪 テスト実行: test_debug_info_enabled                                               🧪 テスト実行: test_debug_info_disabled                                              🧪 テスト実行: test_execute_success                                                  🧪 テスト実行: test_execute_already_executed                                         🧪 テスト実行: test_execute_without_driver_when_requ...                              🧪 テスト実行: test_execute_without_driver_when_not_...                              🧪 テスト実行: test_operation_type_property                                          🧪 テスト実行: test_abstract_methods                                                 🧪 テスト実行: test_debug_info_stack_frame                                           🧪 テスト実行: test_execute_preserves_exception                                      🧪 テスト実行: test_init                                                             🧪 テスト実行: test_env_json_property_with_existing_...                              🧪 テスト実行: test_env_json_property_lazy_loading                                   🧪 テスト実行: test_file_driver_property                                             🧪 テスト実行: test_files_repo_property                                              🧪 テスト実行: test_get_current_contest_state_with_n...                              🧪 テスト実行: test_needs_backup_different_state                                     🧪 テスト実行: test_needs_backup_same_state                                          🧪 テスト実行: test_backup_contest_current_missing_info                              🧪 テスト実行: test_backup_contest_current_success                                   🧪 テスト実行: test_directory_has_content_exists                                     🧪 テスト実行: test_directory_has_content_not_exists                                 🧪 テスト実行: test_ensure_directory_exists                                          🧪 テスト実行: test_move_directory_contents                                          🧪 テスト実行: test_clear_contest_current                                            🧪 テスト実行: test_copy_directory_contents                                          🧪 テスト実行: test_copy_template_structure                                          🧪 テスト実行: test_get_latest_non_null_value_success                                🧪 テスト実行: test_get_latest_non_null_value_fallback                               🧪 テスト実行: test_handle_contest_change_needs_backup                               🧪 テスト実行: test_initialize_contest_current_empty...                              🧪 テスト実行: test_create_container_basic                                           🧪 テスト実行: test_create_container_with_full_config                                🧪 テスト実行: test_update_container_id                                              🧪 テスト実行: test_update_container_status                                          🧪 テスト実行: test_find_container_by_name_existing                                  🧪 テスト実行: test_find_container_by_name_nonexistent                               🧪 テスト実行: test_find_containers_by_status                                        🧪 テスト実行: test_find_containers_by_language                                      🧪 テスト実行: test_get_active_containers                                            🧪 テスト実行: test_mark_container_removed                                           🧪 テスト実行: test_find_unused_containers                                           🧪 テスト実行: test_repository_interface_methods                                     🧪 テスト実行: test_json_field_parsing                                               🧪 テスト実行: test_json_field_parsing_invalid                                       🧪 テスト実行: test_create_or_update_image_new                                       🧪 テスト実行: test_create_or_update_image_update_ex...                              🧪 テスト実行: test_find_image_existing                                              🧪 テスト実行: test_find_image_by_name_only                                          🧪 テスト実行: test_find_image_nonexistent                                           🧪 テスト実行: test_find_images_by_name_prefix                                       🧪 テスト実行: test_find_images_by_status                                            🧪 テスト実行: test_update_image_build_result                                        🧪 テスト実行: test_get_all_images                                                   🧪 テスト実行: test_repository_interface_methods                                     🧪 テスト実行: test_find_unused_images                                               🧪 テスト実行: test_update_last_used                                                 🧪 テスト実行: test_delete_image                                                     🧪 テスト実行: test_get_image_stats                                                  🧪 テスト実行: test_concurrent_image_operations                                      🧪 テスト実行: test_create_operation                                                 🧪 テスト実行: test_create_operation_with_explicit_t...                              🧪 テスト実行: test_create_operation_with_none_details                               🧪 テスト実行: test_find_by_id_existing                                              🧪 テスト実行: test_find_by_id_nonexistent                                           🧪 テスト実行: test_find_all_empty                                                   🧪 テスト実行: test_find_all_with_data                                               🧪 テスト実行: test_find_all_with_pagination                                         🧪 テスト実行: test_find_by_command                                                  🧪 テスト実行: test_find_by_command_with_limit                                       🧪 テスト実行: test_find_by_contest_with_problem                                     🧪 テスト実行: test_find_by_contest_without_problem                                  🧪 テスト実行: test_find_by_language                                                 🧪 テスト実行: test_find_by_language_with_limit                                      🧪 テスト実行: test_get_recent_operations                                            🧪 テスト実行: test_get_statistics_empty                                             🧪 テスト実行: test_get_statistics_with_data                                         🧪 テスト実行: test_update_operation                                                 🧪 テスト実行: test_delete_operation                                                 🧪 テスト実行: test_delete_nonexistent_operation                                     🧪 テスト実行: test_json_details_handling                                            🧪 テスト実行: test_invalid_json_details_handling                                    🧪 テスト実行: test_datetime_handling                                                🧪 テスト実行: test_create_session                                                   🧪 テスト実行: test_create_session_with_explicit_times                               🧪 テスト実行: test_find_by_id_existing                                              🧪 テスト実行: test_find_by_id_nonexistent                                           🧪 テスト実行: test_find_all_empty                                                   🧪 テスト実行: test_find_all_with_data                                               🧪 テスト実行: test_find_all_with_pagination                                         🧪 テスト実行: test_find_active_session_none                                         🧪 テスト実行: test_find_active_session_with_active                                  🧪 テスト実行: test_find_active_session_with_ended_s...                              🧪 テスト実行: test_start_new_session                                                🧪 テスト実行: test_start_new_session_ends_previous                                  🧪 テスト実行: test_end_session                                                      🧪 テスト実行: test_end_session_nonexistent                                          🧪 テスト実行: test_end_session_already_ended                                        🧪 テスト実行: test_update_session_stats                                             🧪 テスト実行: test_update_session_stats_nonexistent                                 🧪 テスト実行: test_get_recent_sessions                                              🧪 テスト実行: test_get_session_statistics_empty                                     🧪 テスト実行: test_get_session_statistics_with_data                                 🧪 テスト実行: test_update_session                                                   🧪 テスト実行: test_delete_session                                                   🧪 テスト実行: test_delete_nonexistent_session                                       🧪 テスト実行: test_datetime_handling                                                🧪 テスト実行: test_session_workflow_complete                                        🧪 テスト実行: test_init                                                             🧪 テスト実行: test_create_with_all_fields                                           🧪 テスト実行: test_create_with_alternative_keys                                     🧪 テスト実行: test_find_by_id                                                       🧪 テスト実行: test_find_all_with_pagination                                         🧪 テスト実行: test_update_success                                                   🧪 テスト実行: test_update_not_found                                                 🧪 テスト実行: test_delete                                                           🧪 テスト実行: test_set_config_new_config                                            🧪 テスト実行: test_set_config_update_existing                                       🧪 テスト実行: test_set_config_none_value                                            🧪 テスト実行: test_get_config_success                                               🧪 テスト実行: test_get_config_not_found                                             🧪 テスト実行: test_get_config_json_decode_error                                     🧪 テスト実行: test_get_config_with_metadata_success                                 🧪 テスト実行: test_get_config_with_metadata_not_found                               🧪 テスト実行: test_get_configs_by_category                                          🧪 テスト実行: test_get_all_configs                                                  🧪 テスト実行: test_get_all_configs_with_metadata                                    🧪 テスト実行: test_delete_config_success                                            🧪 テスト実行: test_delete_config_not_found                                          🧪 テスト実行: test_bulk_set_configs                                                 🧪 テスト実行: test_get_user_specified_configs                                       🧪 テスト実行: test_get_execution_context_summary                                    🧪 テスト実行: test_search_configs                                                   🧪 テスト実行: test_search_configs_with_null_value                                   🧪 テスト実行: test_get_categories                                                   🧪 テスト実行: test_python_request_repr                                              🧪 テスト実行: test_python_request_code_string                                       🧪 テスト実行: test_python_request_script_file                                       🧪 テスト実行: test_python_request_with_cwd                                          🧪 テスト実行: test_python_request_execute_exception                                 🧪 テスト実行: test_python_request_code_string_with_...                              🧪 テスト実行: test_python_request_script_file_with_...                              🧪 テスト実行: test_python_request_with_cwd_with_patch                               🧪 テスト実行: test_python_request_execute_exception...                              🧪 テスト実行: test_is_script_file_true_false                                        🧪 テスト実行: test_run_script_file                                                  🧪 テスト実行: test_run_code_string_success                                          🧪 テスト実行: test_run_code_string_exception                                        🧪 テスト実行: test_docker_result_success_and_to_dict                                🧪 テスト実行: test_docker_result_failure_and_exception                              🧪 テスト実行: test_file_result_success_and_to_dict                                  🧪 テスト実行: test_file_result_failure_and_exception                                🧪 テスト実行: test_operation_result_success_and_fai...                              🧪 テスト実行: test_operation_result_failure_and_raise                               🧪 テスト実行: test_operation_result_exception                                       🧪 テスト実行: test_shell_result_success_and_to_dict                                 🧪 テスト実行: test_shell_result_failure_and_exception                               🧪 テスト実行: test_docker_exec_command_type_validation                              🧪 テスト実行: test_reject_relative_path_traversal                                   🧪 テスト実行: test_reject_absolute_path_traversal                                   🧪 テスト実行: test_reject_dangerous_characters                                      🧪 テスト実行: test_accept_safe_paths                                                🧪 テスト実行: test_unified_factory_docker_exec_uses...                              🧪 テスト実行: test_docker_request_accepts_list_command                              🧪 テスト実行: test_shell_driver_is_abstract                                         🧪 テスト実行: test_abstract_method_execute_shell_co...                              🧪 テスト実行: test_driver_inheritance                                               🧪 テスト実行: test_run_basic_command                                                🧪 テスト実行: test_run_with_cwd                                                     🧪 テスト実行: test_run_with_environment                                             🧪 テスト実行: test_run_with_input_data                                              🧪 テスト実行: test_run_with_timeout                                                 🧪 テスト実行: test_run_with_all_parameters                                          🧪 テスト実行: test_run_command_failure                                              🧪 テスト実行: test_run_shell_utils_exception                                        🧪 テスト実行: test_run_empty_command                                                🧪 テスト実行: test_run_complex_command                                              🧪 テスト実行: test_multiple_sequential_commands                                     🧪 テスト実行: test_command_with_piped_input                                         🧪 テスト実行: test_command_with_large_environment                                   🧪 テスト実行: test_run_with_none_parameters                                         🧪 テスト実行: test_run_with_zero_timeout                                            🧪 テスト実行: test_run_with_empty_environment                                       🧪 テスト実行: test_run_with_empty_input_data                                        🧪 テスト実行: test_run_with_unicode_input                                           🧪 テスト実行: test_run_command_with_special_characters                              🧪 テスト実行: test_run_parameter_types                                              🧪 テスト実行: test_run_preserves_parameter_order                                    🧪 テスト実行: test_shell_request_echo                                               🧪 テスト実行: test_shell_request_fail                                               🧪 テスト実行: test_shell_request_no_driver                                          🧪 テスト実行: test_shell_request_repr                                               🧪 テスト実行: test_shell_request_execute_exception                                  🧪 テスト実行: test_shell_request_with_inputdata_env...                              🧪 テスト実行: test_shell_request_show_output                                        🧪 テスト実行: test_simple_copy_dependency                                           🧪 テスト実行: test_touch_dependency                                                 🧪 テスト実行: test_existing_directory_tracking                                      🧪 テスト実行: test_working_directory_dependency                                     🧪 テスト実行: test_no_dependencies_needed                                           🧪 テスト実行: test_copy_preparation                                                 🧪 テスト実行: test_no_preparation_needed                                            🧪 テスト実行: test_existing_directory_skip                                          🧪 テスト実行: test_consecutive_mkdir_optimization                                   🧪 テスト実行: test_mkdir_with_different_attributes                                  🧪 テスト実行: test_empty_steps_list                                                 🧪 テスト実行: test_copy_file_dependency                                             🧪 テスト実行: test_no_dependencies                                                  🧪 テスト実行: test_temp_workspace_fixture                                           🧪 テスト実行: test_mock_infrastructure_fixture                                      🧪 テスト実行: test_mock_drivers_fixture                                             🧪 テスト実行: test_clean_mock_state_fixture                                         🧪 テスト実行: test_di_container_fixture                                             🧪 テスト実行: test_mock_env_context_fixture                                         🧪 テスト実行: test_main_successful_execution_no_pre...                              🧪 テスト実行: test_main_with_preparation_tasks_success                              🧪 テスト実行: test_main_with_warnings                                               🧪 テスト実行: test_main_execution_failure                                           🧪 テスト実行: test_step_result_display_successful_step                              🧪 テスト実行: test_step_result_display_failed_step_...                              🧪 テスト実行: test_step_result_display_failed_step_...                              🧪 テスト実行: test_step_result_display_long_command...                              🧪 テスト実行: test_step_result_display_file_request...                              🧪 テスト実行: test_step_result_display_exception_ha...                              🧪 テスト実行: test_cli_successful_execution                                         🧪 テスト実行: test_cli_value_error_handling                                         🧪 テスト実行: test_cli_file_not_found_error_handling                                🧪 テスト実行: test_cli_json_decode_error_handling                                   🧪 テスト実行: test_cli_composite_step_failure_handling                              🧪 テスト実行: test_cli_composite_step_failure_witho...                              🧪 テスト実行: test_cli_generic_exception_handling                                   🧪 テスト実行: test_default_max_command_length                                       🧪 テスト実行: test_main_entry_point_imports                                         🧪 テスト実行: test_main_entry_direct_execution                                      🧪 テスト実行: test_main_module_imports                                              🧪 テスト実行: test_calculate_hash_with_content                                      🧪 テスト実行: test_calculate_hash_empty_content                                     🧪 テスト実行: test_calculate_hash_consistent                                        🧪 テスト実行: test_calculate_hash_different_content                                 🧪 テスト実行: test_image_name_without_dockerfile                                    🧪 テスト実行: test_image_name_with_dockerfile                                       🧪 テスト実行: test_image_name_empty_dockerfile                                      🧪 テスト実行: test_container_name_without_dockerfile                                🧪 テスト実行: test_container_name_with_dockerfile                                   🧪 テスト実行: test_container_name_consistency                                       🧪 テスト実行: test_oj_image_name_without_dockerfile                                 🧪 テスト実行: test_oj_image_name_with_dockerfile                                    🧪 テスト実行: test_oj_container_name_without_docker...                              🧪 テスト実行: test_oj_container_name_with_dockerfile                                🧪 テスト実行: test_oj_container_name_consistency                                    🧪 テスト実行: test_naming_consistency_with_dockerfile                               🧪 テスト実行: test_naming_consistency_without_docke...                              🧪 テスト実行: test_oj_naming_consistency_with_docke...                              🧪 テスト実行: test_oj_naming_consistency_without_do...                              🧪 テスト実行: test_format_template_string_basic                                     🧪 テスト実行: test_format_template_string_multiple_...                              🧪 テスト実行: test_format_template_string_missing_keys                              🧪 テスト実行: test_format_template_string_non_string                                🧪 テスト実行: test_extract_missing_template_keys                                    🧪 テスト実行: test_validate_file_path_format_valid                                  🧪 テスト実行: test_validate_file_path_format_absolu...                              🧪 テスト実行: test_validate_file_path_format_relati...                              🧪 テスト実行: test_validate_file_path_format_invali...                              🧪 テスト実行: test_pure_function_deterministic                                      🧪 テスト実行: test_pure_function_no_side_effects                                    🧪 テスト実行: test_pure_function_composability                                      🧪 テスト実行: test_filter_and_transform_items_empty...                              🧪 テスト実行: test_filter_and_transform_items_all_pass                              🧪 テスト実行: test_filter_and_transform_items_none_...                              🧪 テスト実行: test_filter_and_transform_items_some_...                              🧪 テスト実行: test_filter_and_transform_items_compl...                              🧪 テスト実行: test_group_items_by_key_empty_list                                    🧪 テスト実行: test_group_items_by_key_simple_grouping                               🧪 テスト実行: test_group_items_by_key_string_grouping                               🧪 テスト実行: test_group_items_by_key_complex_objects                               🧪 テスト実行: test_group_items_by_key_single_group                                  🧪 テスト実行: test_merge_dictionaries_empty                                         🧪 テスト実行: test_merge_dictionaries_single                                        🧪 テスト実行: test_merge_dictionaries_multiple_no_o...                              🧪 テスト実行: test_merge_dictionaries_with_overlap                                  🧪 テスト実行: test_merge_dictionaries_empty_dicts                                   🧪 テスト実行: test_merge_dictionaries_preserves_ori...                              🧪 テスト実行: test_merge_dictionaries_complex_values                                🧪 テスト実行: test_resolve_path_simple_mode                                         🧪 テスト実行: test_resolve_path_strict_mode_success                                 🧪 テスト実行: test_resolve_path_strict_mode_failure                                 🧪 テスト実行: test_resolve_path_absolute_path                                       🧪 テスト実行: test_resolve_path_exception_simple_mode                               🧪 テスト実行: test_normalize_path_simple_mode                                       🧪 テスト実行: test_normalize_path_strict_mode                                       🧪 テスト実行: test_safe_path_join_simple                                            🧪 テスト実行: test_safe_path_join_with_warnings                                     🧪 テスト実行: test_safe_path_join_empty_paths                                       🧪 テスト実行: test_safe_path_join_empty_paths_strict                                🧪 テスト実行: test_get_relative_path_success                                        🧪 テスト実行: test_get_relative_path_strict_success                                 🧪 テスト実行: test_get_relative_path_failure                                        🧪 テスト実行: test_get_relative_path_strict_failure                                 🧪 テスト実行: test_is_subdirectory_true                                             🧪 テスト実行: test_is_subdirectory_false                                            🧪 テスト実行: test_is_subdirectory_strict_true                                      🧪 テスト実行: test_is_subdirectory_strict_false                                     🧪 テスト実行: test_ensure_parent_dir                                                🧪 テスト実行: test_ensure_parent_dir_existing                                       🧪 テスト実行: test_get_file_extension_simple                                        🧪 テスト実行: test_get_file_extension_no_extension                                  🧪 テスト実行: test_get_file_extension_strict                                        🧪 テスト実行: test_change_extension_simple                                          🧪 テスト実行: test_change_extension_no_dot                                          🧪 テスト実行: test_change_extension_strict                                          🧪 テスト実行: test_change_extension_remove                                          🧪 テスト実行: test_convert_path_exact_workspace                                     🧪 テスト実行: test_convert_path_exact_workspace_path                                🧪 テスト実行: test_convert_path_subpath                                             🧪 テスト実行: test_convert_path_no_match                                            🧪 テスト実行: test_get_docker_mount_path_language_s...                              🧪 テスト実行: test_get_docker_mount_path_global                                     🧪 テスト実行: test_get_docker_mount_path_default                                    🧪 テスト実行: test_get_docker_mount_path_custom_def...                              🧪 テスト実行: test_get_docker_mount_path_none_env                                   🧪 テスト実行: test_path_info_creation                                               🧪 テスト実行: test_path_info_directory                                              🧪 テスト実行: test_path_info_nonexistent                                            🧪 テスト実行: test_result_creation_success                                          🧪 テスト実行: test_result_creation_failure                                          🧪 テスト実行: test_result_immutable                                                 🧪 テスト実行: test_empty_strings                                                    🧪 テスト実行: test_none_values                                                      🧪 テスト実行: test_unicode_paths                                                    🧪 テスト実行: test_very_long_paths                                                  🧪 テスト実行: test_default_config                                                   🧪 テスト実行: test_custom_config                                                    🧪 テスト実行: test_successful_operation                                             🧪 テスト実行: test_retryable_error_with_eventual_su...                              🧪 テスト実行: test_retryable_error_max_attempts_exc...                              🧪 テスト実行: test_non_retryable_error                                              🧪 テスト実行: test_exponential_backoff                                              🧪 テスト実行: test_error_code_based_retry                                           🧪 テスト実行: test_execute_with_retry_success                                       🧪 テスト実行: test_execute_with_retry_failure_then_...                              🧪 テスト実行: test_network_retry_config                                             🧪 テスト実行: test_docker_retry_config                                              🧪 テスト実行: test_command_retry_config                                             🧪 テスト実行: test_to_dict                                                          🧪 テスト実行: test_simple_expansion                                                 🧪 テスト実行: test_no_template_variables                                            🧪 テスト実行: test_empty_template                                                   🧪 テスト実行: test_simple_pattern_expansion                                         🧪 テスト実行: test_directory_extraction_for_movetree                                🧪 テスト実行: test_no_patterns                                                      🧪 テスト実行: test_directory_exists                                                 🧪 テスト実行: test_directory_not_exists                                             🧪 テスト実行: test_negation                                                         🧪 テスト実行: test_invalid_format                                                   🧪 テスト実行: test_no_when_condition                                                🧪 テスト実行: test_template_expansion_in_when                                       🧪 テスト実行: test_file_pattern_in_when                                             🧪 テスト実行: test_simple_step_creation                                             🧪 テスト実行: test_step_with_file_patterns                                          🧪 テスト実行: test_simple_workflow                                                  🧪 テスト実行: test_workflow_with_when_conditions                                    🧪 テスト実行: test_contest_restoration_scenario                                     🧪 テスト実行: test_run_subprocess_echo                                              🧪 テスト実行: test_run_subprocess_input                                             🧪 テスト実行: test_run_subprocess_timeout                                           🧪 テスト実行: test_start_interactive_and_enqueue_ou...                              🧪 テスト実行: test_enforce_timeout                                                  🧪 テスト実行: test_initialization_with_default_path                                 🧪 テスト実行: test_initialization_with_custom_path                                  🧪 テスト実行: test_database_creation                                                🧪 テスト実行: test_connection_context_manager                                       🧪 テスト実行: test_foreign_keys_enabled                                             🧪 テスト実行: test_row_factory_configured                                           🧪 テスト実行: test_transaction_commit_on_success                                    🧪 テスト実行: test_transaction_rollback_on_exception                                🧪 テスト実行: test_migration_execution                                              🧪 テスト実行: test_multiple_connections_same_manager                                🧪 テスト実行: test_connection_isolation                                             🧪 テスト実行: test_large_transaction                                                ❌ テスト実行                                                                        
⚠️  警告:
   失敗したテスト:
     FAILED tests/integration/test_logging_integration.py::test_shell_request_with_logger
     FAILED tests/persistence/test_system_config_repository.py::TestSystemConfigRepository::test_create_with_alternative_keys
     FAILED tests/test_main.py::TestMainFunction::test_main_successful_execution_no_preparation
     FAILED tests/test_main.py::TestMainFunction::test_main_with_preparation_tasks_success
     FAILED tests/test_main.py::TestMainFunction::test_main_with_warnings - KeyErr...
     FAILED tests/test_main.py::TestStepResultDisplayLogic::test_step_result_display_successful_step
     FAILED tests/test_main.py::TestStepResultDisplayLogic::test_step_result_display_failed_step_with_allow_failure
     FAILED tests/test_main.py::TestStepResultDisplayLogic::test_step_result_display_failed_step_critical
     FAILED tests/test_main.py::TestStepResultDisplayLogic::test_step_result_display_long_command_truncation
     FAILED tests/test_main.py::TestStepResultDisplayLogic::test_step_result_display_file_request_detailed_type
     FAILED tests/test_main.py::TestStepResultDisplayLogic::test_step_result_display_exception_handling
     FAILED tests/test_main.py::TestCLIEntryPoint::test_cli_successful_execution
     FAILED tests/workflow/step/test_step_runner.py::TestCreateStep::test_simple_step_creation
     FAILED tests/workflow/step/test_step_runner.py::TestCreateStep::test_step_with_file_patterns
     FAILED tests/workflow/step/test_step_runner.py::TestRunSteps::test_simple_workflow
     FAILED tests/workflow/step/test_step_runner.py::TestRunSteps::test_workflow_with_when_conditions
     FAILED tests/workflow/step/test_step_runner.py::TestIntegrationScenarios::test_contest_restoration_scenario
   カバレッジが低いファイル（80%未満）:
     application/commands/__init__.py: 0%
     infrastructure/drivers/logging/adapters/__init__.py: 0%
     infrastructure/drivers/logging/adapters/application_logger_adapter.py: 0%
     infrastructure/drivers/logging/adapters/workflow_logger_adapter.py: 0%
     workflow/step/step_generation_service.py: 11%
     workflow/workflow_execution_service.py: 16%
     context/user_input_parser/user_input_parser.py: 18%
     context/formatters/context_formatter.py: 23%
     infrastructure/drivers/logging/output_manager.py: 29%
     context/dockerfile_resolver.py: 30%
     infrastructure/drivers/docker/legacy/docker_wrappers.py: 33%
     infrastructure/drivers/logging/color_manager.py: 36%
     application/orchestration/output_manager.py: 39%
     infrastructure/providers/environment_provider.py: 43%
     infrastructure/drivers/logging/mock_output_manager.py: 44%
     ... 他45件
