â ‹ æ§‹æ–‡ãƒã‚§ãƒƒã‚¯...âœ… æ§‹æ–‡ãƒã‚§ãƒƒã‚¯
â ‹ ã‚¤ãƒ³ãƒãƒ¼ãƒˆè§£æ±ºãƒã‚§ãƒƒã‚¯...âœ… ã‚¤ãƒ³ãƒãƒ¼ãƒˆè§£æ±ºãƒã‚§ãƒƒã‚¯
â ‹ ã‚¯ã‚¤ãƒƒã‚¯ã‚¹ãƒ¢ãƒ¼ã‚¯ãƒ†ã‚¹ãƒˆ...âœ… ã‚¯ã‚¤ãƒƒã‚¯ã‚¹ãƒ¢ãƒ¼ã‚¯ãƒ†ã‚¹ãƒˆ
â ‹ Ruffè‡ªå‹•ä¿®æ­£...âœ… Ruffè‡ªå‹•ä¿®æ­£
â ‹ ã‚³ãƒ¼ãƒ‰å“è³ªãƒã‚§ãƒƒã‚¯ (ruff)...âœ… ã‚³ãƒ¼ãƒ‰å“è³ªãƒã‚§ãƒƒã‚¯ (ruff)
â ‹ æ±ç”¨åãƒã‚§ãƒƒã‚¯...â ™ æ±ç”¨åãƒã‚§ãƒƒã‚¯...âœ… æ±ç”¨åãƒã‚§ãƒƒã‚¯
â ‹ å®Ÿç”¨çš„å“è³ªãƒã‚§ãƒƒã‚¯...â ™ å®Ÿç”¨çš„å“è³ªãƒã‚§ãƒƒã‚¯...â ¹ å®Ÿç”¨çš„å“è³ªãƒã‚§ãƒƒã‚¯...âœ… å®Ÿç”¨çš„å“è³ªãƒã‚§ãƒƒã‚¯
â ‹ ã‚¢ãƒ¼ã‚­ãƒ†ã‚¯ãƒãƒ£å“è³ªãƒã‚§ãƒƒã‚¯...â ™ ã‚¢ãƒ¼ã‚­ãƒ†ã‚¯ãƒãƒ£å“è³ªãƒã‚§ãƒƒã‚¯...âœ… ã‚¢ãƒ¼ã‚­ãƒ†ã‚¯ãƒãƒ£å“è³ªãƒã‚§ãƒƒã‚¯
â ‹ æœªä½¿ç”¨ã‚³ãƒ¼ãƒ‰æ¤œå‡º...â ™ æœªä½¿ç”¨ã‚³ãƒ¼ãƒ‰æ¤œå‡º...â ¹ æœªä½¿ç”¨ã‚³ãƒ¼ãƒ‰æ¤œå‡º...âœ… æœªä½¿ç”¨ã‚³ãƒ¼ãƒ‰æ¤œå‡º
â ‹ å‘½åè¦å‰‡ãƒã‚§ãƒƒã‚¯...â ™ å‘½åè¦å‰‡ãƒã‚§ãƒƒã‚¯...âœ… å‘½åè¦å‰‡ãƒã‚§ãƒƒã‚¯
â ‹ dict.get()ä½¿ç”¨ãƒã‚§ãƒƒã‚¯...âœ… dict.get()ä½¿ç”¨ãƒã‚§ãƒƒã‚¯
ğŸ§ª ãƒ†ã‚¹ãƒˆå®Ÿè¡ŒğŸ§ª ãƒ†ã‚¹ãƒˆå®Ÿè¡Œ: test_init_system_providers                                            ğŸ§ª ãƒ†ã‚¹ãƒˆå®Ÿè¡Œ: test_init_mock_providers                                              ğŸ§ª ãƒ†ã‚¹ãƒˆå®Ÿè¡Œ: test_get_file_provider_system                                         ğŸ§ª ãƒ†ã‚¹ãƒˆå®Ÿè¡Œ: test_get_file_provider_mock                                           ğŸ§ª ãƒ†ã‚¹ãƒˆå®Ÿè¡Œ: test_get_time_provider_system                                         ğŸ§ª ãƒ†ã‚¹ãƒˆå®Ÿè¡Œ: test_get_time_provider_mock                                           ğŸ§ª ãƒ†ã‚¹ãƒˆå®Ÿè¡Œ: test_get_environment_provider_system                                  ğŸ§ª ãƒ†ã‚¹ãƒˆå®Ÿè¡Œ: test_get_environment_provider_mock                                    ğŸ§ª ãƒ†ã‚¹ãƒˆå®Ÿè¡Œ: test_get_working_directory_provider_s...                              ğŸ§ª ãƒ†ã‚¹ãƒˆå®Ÿè¡Œ: test_get_working_directory_provider_mock                              ğŸ§ª ãƒ†ã‚¹ãƒˆå®Ÿè¡Œ: test_get_registry_provider_system                                     ğŸ§ª ãƒ†ã‚¹ãƒˆå®Ÿè¡Œ: test_get_registry_provider_mock                                       ğŸ§ª ãƒ†ã‚¹ãƒˆå®Ÿè¡Œ: test_get_config_manager_system                                        ğŸ§ª ãƒ†ã‚¹ãƒˆå®Ÿè¡Œ: test_get_config_manager_mock                                          ğŸ§ª ãƒ†ã‚¹ãƒˆå®Ÿè¡Œ: test_reset_providers                                                  ğŸ§ª ãƒ†ã‚¹ãƒˆå®Ÿè¡Œ: test_initialize_providers_function                                    ğŸ§ª ãƒ†ã‚¹ãƒˆå®Ÿè¡Œ: test_get_provider_factory_function                                    ğŸ§ª ãƒ†ã‚¹ãƒˆå®Ÿè¡Œ: test_convenience_functions                                            ğŸ§ª ãƒ†ã‚¹ãƒˆå®Ÿè¡Œ: test_provider_singleton_behavior                                      ğŸ§ª ãƒ†ã‚¹ãƒˆå®Ÿè¡Œ: test_system_providers_initialization_...                              ğŸ§ª ãƒ†ã‚¹ãƒˆå®Ÿè¡Œ: test_mock_providers_initialization_paths                              ğŸ§ª ãƒ†ã‚¹ãƒˆå®Ÿè¡Œ: test_simple_output_data_creation                                      ğŸ§ª ãƒ†ã‚¹ãƒˆå®Ÿè¡Œ: test_simple_output_data_with_stdout                                   ğŸ§ª ãƒ†ã‚¹ãƒˆå®Ÿè¡Œ: test_simple_output_data_with_stderr                                   ğŸ§ª ãƒ†ã‚¹ãƒˆå®Ÿè¡Œ: test_simple_output_data_with_both                                     ğŸ§ª ãƒ†ã‚¹ãƒˆå®Ÿè¡Œ: test_simple_output_data_immutable                                     ğŸ§ª ãƒ†ã‚¹ãƒˆå®Ÿè¡Œ: test_extract_output_data_with_stdout                                  ğŸ§ª ãƒ†ã‚¹ãƒˆå®Ÿè¡Œ: test_extract_output_data_with_stderr                                  ğŸ§ª ãƒ†ã‚¹ãƒˆå®Ÿè¡Œ: test_extract_output_data_with_both                                    ğŸ§ª ãƒ†ã‚¹ãƒˆå®Ÿè¡Œ: test_extract_output_data_no_attributes                                ğŸ§ª ãƒ†ã‚¹ãƒˆå®Ÿè¡Œ: test_extract_output_data_partial_attr...                              ğŸ§ª ãƒ†ã‚¹ãƒˆå®Ÿè¡Œ: test_should_show_output_true                                          ğŸ§ª ãƒ†ã‚¹ãƒˆå®Ÿè¡Œ: test_should_show_output_false                                         ğŸ§ª ãƒ†ã‚¹ãƒˆå®Ÿè¡Œ: test_should_show_output_no_attribute                                  ğŸ§ª ãƒ†ã‚¹ãƒˆå®Ÿè¡Œ: test_should_show_output_none_value                                    ğŸ§ª ãƒ†ã‚¹ãƒˆå®Ÿè¡Œ: test_should_show_output_truthy_value                                  ğŸ§ª ãƒ†ã‚¹ãƒˆå®Ÿè¡Œ: test_should_show_output_falsy_value                                   ğŸ§ª ãƒ†ã‚¹ãƒˆå®Ÿè¡Œ: test_format_output_content_stdout_only                                ğŸ§ª ãƒ†ã‚¹ãƒˆå®Ÿè¡Œ: test_format_output_content_stderr_only                                ğŸ§ª ãƒ†ã‚¹ãƒˆå®Ÿè¡Œ: test_format_output_content_both                                       ğŸ§ª ãƒ†ã‚¹ãƒˆå®Ÿè¡Œ: test_format_output_content_neither                                    ğŸ§ª ãƒ†ã‚¹ãƒˆå®Ÿè¡Œ: test_format_output_content_empty_strings                              ğŸ§ª ãƒ†ã‚¹ãƒˆå®Ÿè¡Œ: test_format_output_content_multiline                                  ğŸ§ª ãƒ†ã‚¹ãƒˆå®Ÿè¡Œ: test_decide_output_action_show_with_c...                              ğŸ§ª ãƒ†ã‚¹ãƒˆå®Ÿè¡Œ: test_decide_output_action_no_show                                     ğŸ§ª ãƒ†ã‚¹ãƒˆå®Ÿè¡Œ: test_decide_output_action_show_no_con...                              ğŸ§ª ãƒ†ã‚¹ãƒˆå®Ÿè¡Œ: test_decide_output_action_show_empty_...                              ğŸ§ª ãƒ†ã‚¹ãƒˆå®Ÿè¡Œ: test_decide_output_action_show_with_s...                              ğŸ§ª ãƒ†ã‚¹ãƒˆå®Ÿè¡Œ: test_decide_output_action_show_with_both                              ğŸ§ª ãƒ†ã‚¹ãƒˆå®Ÿè¡Œ: test_decide_output_action_whitespace_...                              ğŸ§ª ãƒ†ã‚¹ãƒˆå®Ÿè¡Œ: test_full_workflow_with_output                                        ğŸ§ª ãƒ†ã‚¹ãƒˆå®Ÿè¡Œ: test_full_workflow_no_output                                          ğŸ§ª ãƒ†ã‚¹ãƒˆå®Ÿè¡Œ: test_full_workflow_error_case                                         ğŸ§ª ãƒ†ã‚¹ãƒˆå®Ÿè¡Œ: test_init                                                             ğŸ§ª ãƒ†ã‚¹ãƒˆå®Ÿè¡Œ: test_run_success                                                      ğŸ§ª ãƒ†ã‚¹ãƒˆå®Ÿè¡Œ: test_run_value_error                                                  ğŸ§ª ãƒ†ã‚¹ãƒˆå®Ÿè¡Œ: test_run_file_not_found_error                                         ğŸ§ª ãƒ†ã‚¹ãƒˆå®Ÿè¡Œ: test_run_json_decode_error                                            ğŸ§ª ãƒ†ã‚¹ãƒˆå®Ÿè¡Œ: test_run_general_exception                                            ğŸ§ª ãƒ†ã‚¹ãƒˆå®Ÿè¡Œ: test_execute_workflow                                                 ğŸ§ª ãƒ†ã‚¹ãƒˆå®Ÿè¡Œ: test_handle_general_exception_composi...                              ğŸ§ª ãƒ†ã‚¹ãƒˆå®Ÿè¡Œ: test_handle_general_exception_composi...                              ğŸ§ª ãƒ†ã‚¹ãƒˆå®Ÿè¡Œ: test_handle_general_exception_other_e...                              ğŸ§ª ãƒ†ã‚¹ãƒˆå®Ÿè¡Œ: test_handle_general_exception_composi...                              ğŸ§ª ãƒ†ã‚¹ãƒˆå®Ÿè¡Œ: test_main_without_parameters                                          ğŸ§ª ãƒ†ã‚¹ãƒˆå®Ÿè¡Œ: test_main_with_parameters                                             ğŸ§ª ãƒ†ã‚¹ãƒˆå®Ÿè¡Œ: test_main_with_partial_parameters                                     ğŸ§ª ãƒ†ã‚¹ãƒˆå®Ÿè¡Œ: test_execute_requests_success                                         ğŸ§ª ãƒ†ã‚¹ãƒˆå®Ÿè¡Œ: test_execute_requests_failure_not_all...                              ğŸ§ª ãƒ†ã‚¹ãƒˆå®Ÿè¡Œ: test_execute_requests_failure_allowed                                 ğŸ§ª ãƒ†ã‚¹ãƒˆå®Ÿè¡Œ: test_execute_requests_no_success_attr...                              ğŸ§ª ãƒ†ã‚¹ãƒˆå®Ÿè¡Œ: test_execute_requests_no_allow_failur...                              ğŸ§ª ãƒ†ã‚¹ãƒˆå®Ÿè¡Œ: test_execute_requests_mixed_success_a...                              ğŸ§ª ãƒ†ã‚¹ãƒˆå®Ÿè¡Œ: test_check_failure_success                                            ğŸ§ª ãƒ†ã‚¹ãƒˆå®Ÿè¡Œ: test_check_failure_allowed_failure                                    ğŸ§ª ãƒ†ã‚¹ãƒˆå®Ÿè¡Œ: test_check_failure_not_allowed_failure                                ğŸ§ª ãƒ†ã‚¹ãƒˆå®Ÿè¡Œ: test_check_failure_default_allow_failure                              ğŸ§ª ãƒ†ã‚¹ãƒˆå®Ÿè¡Œ: test_check_failure_no_success_attribute                               ğŸ§ª ãƒ†ã‚¹ãƒˆå®Ÿè¡Œ: test_execute_requests_empty_list                                      ğŸ§ª ãƒ†ã‚¹ãƒˆå®Ÿè¡Œ: test_execute_requests_single_request                                  ğŸ§ª ãƒ†ã‚¹ãƒˆå®Ÿè¡Œ: test_cph_sh_basic[args0]                                              ğŸ§ª ãƒ†ã‚¹ãƒˆå®Ÿè¡Œ: test_cph_sh_basic[args1]                                              ğŸ§ª ãƒ†ã‚¹ãƒˆå®Ÿè¡Œ: test_cph_sh_basic[args2]                                              ğŸ§ª ãƒ†ã‚¹ãƒˆå®Ÿè¡Œ: test_cph_sh_basic[args3]                                              ğŸ§ª ãƒ†ã‚¹ãƒˆå®Ÿè¡Œ: test_cph_sh_basic[args4]                                              ğŸ§ª ãƒ†ã‚¹ãƒˆå®Ÿè¡Œ: test_cph_sh_basic[args5]                                              ğŸ§ª ãƒ†ã‚¹ãƒˆå®Ÿè¡Œ: test_cph_sh_submit[args0]                                             ğŸ§ª ãƒ†ã‚¹ãƒˆå®Ÿè¡Œ: test_cph_sh_submit[args1]                                             ğŸ§ª ãƒ†ã‚¹ãƒˆå®Ÿè¡Œ: test_cph_sh_submit[args2]                                             ğŸ§ª ãƒ†ã‚¹ãƒˆå®Ÿè¡Œ: test_cph_sh_submit[args3]                                             ğŸ§ª ãƒ†ã‚¹ãƒˆå®Ÿè¡Œ: test_init                                                             ğŸ§ª ãƒ†ã‚¹ãƒˆå®Ÿè¡Œ: test_execute_sequential                                               ğŸ§ª ãƒ†ã‚¹ãƒˆå®Ÿè¡Œ: test_execute_with_failure                                             ğŸ§ª ãƒ†ã‚¹ãƒˆå®Ÿè¡Œ: test_execute_with_allowed_failure                                     ğŸ§ª ãƒ†ã‚¹ãƒˆå®Ÿè¡Œ: test_make_composite_request_single                                    ğŸ§ª ãƒ†ã‚¹ãƒˆå®Ÿè¡Œ: test_make_composite_request_multiple                                  ğŸ§ª ãƒ†ã‚¹ãƒˆå®Ÿè¡Œ: test_count_leaf_requests                                              ğŸ§ª ãƒ†ã‚¹ãƒˆå®Ÿè¡Œ: test_repr                                                             ğŸ§ª ãƒ†ã‚¹ãƒˆå®Ÿè¡Œ: test_requests_property                                                ğŸ§ª ãƒ†ã‚¹ãƒˆå®Ÿè¡Œ: test_empty_composite                                                  ğŸ§ª ãƒ†ã‚¹ãƒˆå®Ÿè¡Œ: test_debug_tag                                                        ğŸ§ª ãƒ†ã‚¹ãƒˆå®Ÿè¡Œ: test_nested_composite_execution                                       ğŸ§ª ãƒ†ã‚¹ãƒˆå®Ÿè¡Œ: test_basic_config_resolution                                          ğŸ§ª ãƒ†ã‚¹ãƒˆå®Ÿè¡Œ: test_hierarchical_config_resolution                                   ğŸ§ª ãƒ†ã‚¹ãƒˆå®Ÿè¡Œ: test_config_resolution_with_defaults                                  ğŸ§ª ãƒ†ã‚¹ãƒˆå®Ÿè¡Œ: test_list_config_resolution                                           ğŸ§ª ãƒ†ã‚¹ãƒˆå®Ÿè¡Œ: test_config_priority_resolution                                       ğŸ§ª ãƒ†ã‚¹ãƒˆå®Ÿè¡Œ: test_config_type_safety_enforcement                                   ğŸ§ª ãƒ†ã‚¹ãƒˆå®Ÿè¡Œ: test_config_caching_performance                                       ğŸ§ª ãƒ†ã‚¹ãƒˆå®Ÿè¡Œ: test_complex_nested_resolution                                        ğŸ§ª ãƒ†ã‚¹ãƒˆå®Ÿè¡Œ: test_config_validation_and_error_hand...                              ğŸ§ª ãƒ†ã‚¹ãƒˆå®Ÿè¡Œ: test_configuration_resolver_method_eq...                              ğŸ§ª ãƒ†ã‚¹ãƒˆå®Ÿè¡Œ: test_execution_config_resolution_inte...                              ğŸ§ª ãƒ†ã‚¹ãƒˆå®Ÿè¡Œ: test_multi_language_config_resolution                                 ğŸ§ª ãƒ†ã‚¹ãƒˆå®Ÿè¡Œ: test_alias_resolution_functionality                                   ğŸ§ª ãƒ†ã‚¹ãƒˆå®Ÿè¡Œ: test_resolver_methods_coverage                                        ğŸ§ª ãƒ†ã‚¹ãƒˆå®Ÿè¡Œ: test_performance_comparison_simulation                                ğŸ§ª ãƒ†ã‚¹ãƒˆå®Ÿè¡Œ: test_error_handling_compatibility                                     ğŸ§ª ãƒ†ã‚¹ãƒˆå®Ÿè¡Œ: test_initialization_performance                                       ğŸ§ª ãƒ†ã‚¹ãƒˆå®Ÿè¡Œ: test_config_resolution_performance                                    ğŸ§ª ãƒ†ã‚¹ãƒˆå®Ÿè¡Œ: test_template_expansion_performance                                   ğŸ§ª ãƒ†ã‚¹ãƒˆå®Ÿè¡Œ: test_execution_config_creation_perfor...                              ğŸ§ª ãƒ†ã‚¹ãƒˆå®Ÿè¡Œ: test_memory_usage_simulation                                          ğŸ§ª ãƒ†ã‚¹ãƒˆå®Ÿè¡Œ: test_concurrent_access_simulation                                     ğŸ§ª ãƒ†ã‚¹ãƒˆå®Ÿè¡Œ: test_performance_target_verification                                  ğŸ§ª ãƒ†ã‚¹ãƒˆå®Ÿè¡Œ: test_simulated_legacy_vs_new_comparison                               ğŸ§ª ãƒ†ã‚¹ãƒˆå®Ÿè¡Œ: test_basic_variable_expansion                                         ğŸ§ª ãƒ†ã‚¹ãƒˆå®Ÿè¡Œ: test_path_template_expansion                                          ğŸ§ª ãƒ†ã‚¹ãƒˆå®Ÿè¡Œ: test_command_template_expansion                                       ğŸ§ª ãƒ†ã‚¹ãƒˆå®Ÿè¡Œ: test_nested_template_expansion                                        ğŸ§ª ãƒ†ã‚¹ãƒˆå®Ÿè¡Œ: test_template_expansion_with_context                                  ğŸ§ª ãƒ†ã‚¹ãƒˆå®Ÿè¡Œ: test_template_validation_functionality                                ğŸ§ª ãƒ†ã‚¹ãƒˆå®Ÿè¡Œ: test_template_caching_performance                                     ğŸ§ª ãƒ†ã‚¹ãƒˆå®Ÿè¡Œ: test_multiple_template_types                                          ğŸ§ª ãƒ†ã‚¹ãƒˆå®Ÿè¡Œ: test_execution_config_template_integr...                              ğŸ§ª ãƒ†ã‚¹ãƒˆå®Ÿè¡Œ: test_file_pattern_template_expansion                                  ğŸ§ª ãƒ†ã‚¹ãƒˆå®Ÿè¡Œ: test_template_error_handling                                          ğŸ§ª ãƒ†ã‚¹ãƒˆå®Ÿè¡Œ: test_template_expansion_vs_original_e...                              ğŸ§ª ãƒ†ã‚¹ãƒˆå®Ÿè¡Œ: test_template_expansion_methods_coverage                              ğŸ§ª ãƒ†ã‚¹ãƒˆå®Ÿè¡Œ: test_template_functionality_comparison                                ğŸ§ª ãƒ†ã‚¹ãƒˆå®Ÿè¡Œ: test_load_json_file_success                                           ğŸ§ª ãƒ†ã‚¹ãƒˆå®Ÿè¡Œ: test_load_json_file_not_found                                         ğŸ§ª ãƒ†ã‚¹ãƒˆå®Ÿè¡Œ: test_load_and_merge_configs                                           ğŸ§ª ãƒ†ã‚¹ãƒˆå®Ÿè¡Œ: test_load_system_configs_integration                                  ğŸ§ª ãƒ†ã‚¹ãƒˆå®Ÿè¡Œ: test_load_env_configs_integration                                     ğŸ§ª ãƒ†ã‚¹ãƒˆå®Ÿè¡Œ: test_config_merging_priority                                          ğŸ§ª ãƒ†ã‚¹ãƒˆå®Ÿè¡Œ: test_deep_merge_functionality                                         ğŸ§ª ãƒ†ã‚¹ãƒˆå®Ÿè¡Œ: test_get_available_languages                                          ğŸ§ª ãƒ†ã‚¹ãƒˆå®Ÿè¡Œ: test_resolve_config_str                                               ğŸ§ª ãƒ†ã‚¹ãƒˆå®Ÿè¡Œ: test_resolve_config_int                                               ğŸ§ª ãƒ†ã‚¹ãƒˆå®Ÿè¡Œ: test_resolve_config_bool                                              ğŸ§ª ãƒ†ã‚¹ãƒˆå®Ÿè¡Œ: test_resolve_config_nested_path                                       ğŸ§ª ãƒ†ã‚¹ãƒˆå®Ÿè¡Œ: test_resolve_config_with_default                                      ğŸ§ª ãƒ†ã‚¹ãƒˆå®Ÿè¡Œ: test_resolve_config_type_error                                        ğŸ§ª ãƒ†ã‚¹ãƒˆå®Ÿè¡Œ: test_resolve_config_key_error                                         ğŸ§ª ãƒ†ã‚¹ãƒˆå®Ÿè¡Œ: test_resolve_template_typed_basic                                     ğŸ§ª ãƒ†ã‚¹ãƒˆå®Ÿè¡Œ: test_resolve_template_to_path                                         ğŸ§ª ãƒ†ã‚¹ãƒˆå®Ÿè¡Œ: test_create_execution_config                                          ğŸ§ª ãƒ†ã‚¹ãƒˆå®Ÿè¡Œ: test_create_execution_config_with_def...                              ğŸ§ª ãƒ†ã‚¹ãƒˆå®Ÿè¡Œ: test_caching_behavior                                                 ğŸ§ª ãƒ†ã‚¹ãƒˆå®Ÿè¡Œ: test_execution_config_caching                                         ğŸ§ª ãƒ†ã‚¹ãƒˆå®Ÿè¡Œ: test_convert_to_type_str                                              ğŸ§ª ãƒ†ã‚¹ãƒˆå®Ÿè¡Œ: test_convert_to_type_int                                              ğŸ§ª ãƒ†ã‚¹ãƒˆå®Ÿè¡Œ: test_convert_to_type_bool                                             ğŸ§ª ãƒ†ã‚¹ãƒˆå®Ÿè¡Œ: test_convert_to_type_path                                             ğŸ§ª ãƒ†ã‚¹ãƒˆå®Ÿè¡Œ: test_typed_execution_configuration_cr...                              ğŸ§ª ãƒ†ã‚¹ãƒˆå®Ÿè¡Œ: test_full_workflow_with_real_files                                    ğŸ§ª ãƒ†ã‚¹ãƒˆå®Ÿè¡Œ: test_command_initialization                                           ğŸ§ª ãƒ†ã‚¹ãƒˆå®Ÿè¡Œ: test_command_with_aliases                                             ğŸ§ª ãƒ†ã‚¹ãƒˆå®Ÿè¡Œ: test_command_with_custom_description                                  ğŸ§ª ãƒ†ã‚¹ãƒˆå®Ÿè¡Œ: test_command_properties                                               ğŸ§ª ãƒ†ã‚¹ãƒˆå®Ÿè¡Œ: test_validate_success                                                 ğŸ§ª ãƒ†ã‚¹ãƒˆå®Ÿè¡Œ: test_validate_failure                                                 ğŸ§ª ãƒ†ã‚¹ãƒˆå®Ÿè¡Œ: test_get_steps                                                        ğŸ§ª ãƒ†ã‚¹ãƒˆå®Ÿè¡Œ: test_matches_exact_name                                               ğŸ§ª ãƒ†ã‚¹ãƒˆå®Ÿè¡Œ: test_matches_alias                                                    ğŸ§ª ãƒ†ã‚¹ãƒˆå®Ÿè¡Œ: test_matches_case_sensitive                                           ğŸ§ª ãƒ†ã‚¹ãƒˆå®Ÿè¡Œ: test_matches_empty_aliases                                            ğŸ§ª ãƒ†ã‚¹ãƒˆå®Ÿè¡Œ: test_abstract_methods_required                                        ğŸ§ª ãƒ†ã‚¹ãƒˆå®Ÿè¡Œ: test_command_inheritance                                              ğŸ§ª ãƒ†ã‚¹ãƒˆå®Ÿè¡Œ: test_aliases_property_immutable                                       ğŸ§ª ãƒ†ã‚¹ãƒˆå®Ÿè¡Œ: test_multiple_commands_different_names                                ğŸ§ª ãƒ†ã‚¹ãƒˆå®Ÿè¡Œ: test_command_with_complex_aliases                                     ğŸ§ª ãƒ†ã‚¹ãƒˆå®Ÿè¡Œ: test_custom_validation_success                                        ğŸ§ª ãƒ†ã‚¹ãƒˆå®Ÿè¡Œ: test_custom_validation_missing_key                                    ğŸ§ª ãƒ†ã‚¹ãƒˆå®Ÿè¡Œ: test_custom_validation_wrong_type                                     ğŸ§ª ãƒ†ã‚¹ãƒˆå®Ÿè¡Œ: test_custom_get_steps                                                 ğŸ§ª ãƒ†ã‚¹ãƒˆå®Ÿè¡Œ: test_validate_env_json_valid_basic                                    ğŸ§ª ãƒ†ã‚¹ãƒˆå®Ÿè¡Œ: test_validate_env_json_valid_with_shared                              ğŸ§ª ãƒ†ã‚¹ãƒˆå®Ÿè¡Œ: test_validate_env_json_multiple_langu...                              ğŸ§ª ãƒ†ã‚¹ãƒˆå®Ÿè¡Œ: test_validate_env_json_with_reserved_...                              ğŸ§ª ãƒ†ã‚¹ãƒˆå®Ÿè¡Œ: test_validate_env_json_invalid_root_n...                              ğŸ§ª ãƒ†ã‚¹ãƒˆå®Ÿè¡Œ: test_validate_env_json_invalid_root_list                              ğŸ§ª ãƒ†ã‚¹ãƒˆå®Ÿè¡Œ: test_validate_env_json_invalid_no_lan...                              ğŸ§ª ãƒ†ã‚¹ãƒˆå®Ÿè¡Œ: test_validate_env_json_invalid_empty_...                              ğŸ§ª ãƒ†ã‚¹ãƒˆå®Ÿè¡Œ: test_validate_env_json_invalid_langua...                              ğŸ§ª ãƒ†ã‚¹ãƒˆå®Ÿè¡Œ: test_validate_env_json_invalid_langua...                              ğŸ§ª ãƒ†ã‚¹ãƒˆå®Ÿè¡Œ: test_validate_env_json_invalid_langua...                              ğŸ§ª ãƒ†ã‚¹ãƒˆå®Ÿè¡Œ: test_validate_env_json_mixed_valid_in...                              ğŸ§ª ãƒ†ã‚¹ãƒˆå®Ÿè¡Œ: test_validate_env_json_path_in_error_...                              ğŸ§ª ãƒ†ã‚¹ãƒˆå®Ÿè¡Œ: test_validate_env_json_special_langua...                              ğŸ§ª ãƒ†ã‚¹ãƒˆå®Ÿè¡Œ: test_validate_env_json_case_sensitivity                               ğŸ§ª ãƒ†ã‚¹ãƒˆå®Ÿè¡Œ: test_validate_execution_context_success                               ğŸ§ª ãƒ†ã‚¹ãƒˆå®Ÿè¡Œ: test_validate_execution_context_failure                               ğŸ§ª ãƒ†ã‚¹ãƒˆå®Ÿè¡Œ: test_validate_required_fields_success                                 ğŸ§ª ãƒ†ã‚¹ãƒˆå®Ÿè¡Œ: test_validate_required_fields_no_lang...                              ğŸ§ª ãƒ†ã‚¹ãƒˆå®Ÿè¡Œ: test_validate_required_fields_empty_l...                              ğŸ§ª ãƒ†ã‚¹ãƒˆå®Ÿè¡Œ: test_validate_required_fields_no_env_...                              ğŸ§ª ãƒ†ã‚¹ãƒˆå®Ÿè¡Œ: test_validate_required_fields_empty_e...                              ğŸ§ª ãƒ†ã‚¹ãƒˆå®Ÿè¡Œ: test_validate_required_fields_languag...                              ğŸ§ª ãƒ†ã‚¹ãƒˆå®Ÿè¡Œ: test_validate_required_fields_complex...                              ğŸ§ª ãƒ†ã‚¹ãƒˆå®Ÿè¡Œ: test_static_methods                                                   ğŸ§ª ãƒ†ã‚¹ãƒˆå®Ÿè¡Œ: test_validate_execution_context_with_...                              ğŸ§ª ãƒ†ã‚¹ãƒˆå®Ÿè¡Œ: test_validate_required_fields_languag...                              ğŸ§ª ãƒ†ã‚¹ãƒˆå®Ÿè¡Œ: test_validate_required_fields_boolean...                              ğŸ§ª ãƒ†ã‚¹ãƒˆå®Ÿè¡Œ: test_validate_required_fields_zero_la...                              ğŸ§ª ãƒ†ã‚¹ãƒˆå®Ÿè¡Œ: test_validate_required_fields_dict_fa...                              ğŸ§ª ãƒ†ã‚¹ãƒˆå®Ÿè¡Œ: test_get_docker_names_without_dockerfile                              ğŸ§ª ãƒ†ã‚¹ãƒˆå®Ÿè¡Œ: test_get_docker_names_with_dockerfile                                 ğŸ§ª ãƒ†ã‚¹ãƒˆå®Ÿè¡Œ: test_get_docker_names_empty_dockerfile                                ğŸ§ª ãƒ†ã‚¹ãƒˆå®Ÿè¡Œ: test_validate_execution_context_data_...                              ğŸ§ª ãƒ†ã‚¹ãƒˆå®Ÿè¡Œ: test_validate_execution_context_data_...                              ğŸ§ª ãƒ†ã‚¹ãƒˆå®Ÿè¡Œ: test_validate_execution_context_data_...                              ğŸ§ª ãƒ†ã‚¹ãƒˆå®Ÿè¡Œ: test_validate_execution_context_data_...                              ğŸ§ª ãƒ†ã‚¹ãƒˆå®Ÿè¡Œ: test_validate_execution_context_data_...                              ğŸ§ª ãƒ†ã‚¹ãƒˆå®Ÿè¡Œ: test_validate_execution_context_data_...                              ğŸ§ª ãƒ†ã‚¹ãƒˆå®Ÿè¡Œ: test_get_steps_from_resolver_success                                  ğŸ§ª ãƒ†ã‚¹ãƒˆå®Ÿè¡Œ: test_get_steps_from_resolver_no_steps                                 ğŸ§ª ãƒ†ã‚¹ãƒˆå®Ÿè¡Œ: test_base_composite_request_set_name                                  ğŸ§ª ãƒ†ã‚¹ãƒˆå®Ÿè¡Œ: test_base_composite_request_repr                                      ğŸ§ª ãƒ†ã‚¹ãƒˆå®Ÿè¡Œ: test_make_composite_request_single                                    ğŸ§ª ãƒ†ã‚¹ãƒˆå®Ÿè¡Œ: test_make_composite_request_multiple                                  ğŸ§ª ãƒ†ã‚¹ãƒˆå®Ÿè¡Œ: test_count_leaf_requests_nested                                       ğŸ§ª ãƒ†ã‚¹ãƒˆå®Ÿè¡Œ: test_operation_type                                                   ğŸ§ª ãƒ†ã‚¹ãƒˆå®Ÿè¡Œ: test_register_and_resolve                                             ğŸ§ª ãƒ†ã‚¹ãƒˆå®Ÿè¡Œ: test_resolve_unregistered_key                                         ğŸ§ª ãƒ†ã‚¹ãƒˆå®Ÿè¡Œ: test_create_system_config_loader                                      ğŸ§ª ãƒ†ã‚¹ãƒˆå®Ÿè¡Œ: test_create_contest_manager                                           ğŸ§ª ãƒ†ã‚¹ãƒˆå®Ÿè¡Œ: test_configure_production_dependencie...                              ğŸ§ª ãƒ†ã‚¹ãƒˆå®Ÿè¡Œ: test_configure_test_dependencies_incl...                              ğŸ§ª ãƒ†ã‚¹ãƒˆå®Ÿè¡Œ: test_factory_dependency_resolution                                    ğŸ§ª ãƒ†ã‚¹ãƒˆå®Ÿè¡Œ: test_lazy_loading_behavior                                            ğŸ§ª ãƒ†ã‚¹ãƒˆå®Ÿè¡Œ: test_docker_driver_is_abstract                                        ğŸ§ª ãƒ†ã‚¹ãƒˆå®Ÿè¡Œ: test_abstract_methods_defined                                         ğŸ§ª ãƒ†ã‚¹ãƒˆå®Ÿè¡Œ: test_run_container_basic                                              ğŸ§ª ãƒ†ã‚¹ãƒˆå®Ÿè¡Œ: test_run_container_with_options                                       ğŸ§ª ãƒ†ã‚¹ãƒˆå®Ÿè¡Œ: test_stop_container                                                   ğŸ§ª ãƒ†ã‚¹ãƒˆå®Ÿè¡Œ: test_remove_container_basic                                           ğŸ§ª ãƒ†ã‚¹ãƒˆå®Ÿè¡Œ: test_remove_container_with_force                                      ğŸ§ª ãƒ†ã‚¹ãƒˆå®Ÿè¡Œ: test_exec_in_container_string_command                                 ğŸ§ª ãƒ†ã‚¹ãƒˆå®Ÿè¡Œ: test_exec_in_container_list_command                                   ğŸ§ª ãƒ†ã‚¹ãƒˆå®Ÿè¡Œ: test_exec_in_container_invalid_comman...                              ğŸ§ª ãƒ†ã‚¹ãƒˆå®Ÿè¡Œ: test_get_logs                                                         ğŸ§ª ãƒ†ã‚¹ãƒˆå®Ÿè¡Œ: test_build_success                                                    ğŸ§ª ãƒ†ã‚¹ãƒˆå®Ÿè¡Œ: test_build_without_dockerfile_text                                    ğŸ§ª ãƒ†ã‚¹ãƒˆå®Ÿè¡Œ: test_build_with_options                                               ğŸ§ª ãƒ†ã‚¹ãƒˆå®Ÿè¡Œ: test_image_ls                                                         ğŸ§ª ãƒ†ã‚¹ãƒˆå®Ÿè¡Œ: test_image_rm                                                         ğŸ§ª ãƒ†ã‚¹ãƒˆå®Ÿè¡Œ: test_ps_basic                                                         ğŸ§ª ãƒ†ã‚¹ãƒˆå®Ÿè¡Œ: test_ps_with_all_flag                                                 ğŸ§ª ãƒ†ã‚¹ãƒˆå®Ÿè¡Œ: test_ps_names_only                                                    ğŸ§ª ãƒ†ã‚¹ãƒˆå®Ÿè¡Œ: test_inspect_basic                                                    ğŸ§ª ãƒ†ã‚¹ãƒˆå®Ÿè¡Œ: test_inspect_with_type                                                ğŸ§ª ãƒ†ã‚¹ãƒˆå®Ÿè¡Œ: test_cp_to_container                                                  ğŸ§ª ãƒ†ã‚¹ãƒˆå®Ÿè¡Œ: test_cp_from_container                                                ğŸ§ª ãƒ†ã‚¹ãƒˆå®Ÿè¡Œ: test_full_container_lifecycle                                         ğŸ§ª ãƒ†ã‚¹ãƒˆå®Ÿè¡Œ: test_command_execution_failure                                        ğŸ§ª ãƒ†ã‚¹ãƒˆå®Ÿè¡Œ: test_shell_request_exception                                          ğŸ§ª ãƒ†ã‚¹ãƒˆå®Ÿè¡Œ: test_exec_with_complex_command                                        ğŸ§ª ãƒ†ã‚¹ãƒˆå®Ÿè¡Œ: test_ps_names_only_empty_output                                       ğŸ§ª ãƒ†ã‚¹ãƒˆå®Ÿè¡Œ: test_build_with_minimal_dockerfile                                    ğŸ§ª ãƒ†ã‚¹ãƒˆå®Ÿè¡Œ: test_all_operations_with_show_output_...                              ğŸ§ª ãƒ†ã‚¹ãƒˆå®Ÿè¡Œ: test_init                                                             ğŸ§ª ãƒ†ã‚¹ãƒˆå®Ÿè¡Œ: test_lazy_loading_properties                                          ğŸ§ª ãƒ†ã‚¹ãƒˆå®Ÿè¡Œ: test_run_container_success_with_tracking                              ğŸ§ª ãƒ†ã‚¹ãƒˆå®Ÿè¡Œ: test_run_container_success_no_contain...                              ğŸ§ª ãƒ†ã‚¹ãƒˆå®Ÿè¡Œ: test_run_container_success_no_name                                    ğŸ§ª ãƒ†ã‚¹ãƒˆå®Ÿè¡Œ: test_run_container_failure                                            ğŸ§ª ãƒ†ã‚¹ãƒˆå®Ÿè¡Œ: test_run_container_tracking_exception                                 ğŸ§ª ãƒ†ã‚¹ãƒˆå®Ÿè¡Œ: test_stop_container_success                                           ğŸ§ª ãƒ†ã‚¹ãƒˆå®Ÿè¡Œ: test_stop_container_failure                                           ğŸ§ª ãƒ†ã‚¹ãƒˆå®Ÿè¡Œ: test_stop_container_tracking_exception                                ğŸ§ª ãƒ†ã‚¹ãƒˆå®Ÿè¡Œ: test_remove_container_success                                         ğŸ§ª ãƒ†ã‚¹ãƒˆå®Ÿè¡Œ: test_remove_container_failure                                         ğŸ§ª ãƒ†ã‚¹ãƒˆå®Ÿè¡Œ: test_build_success_with_image_id                                      ğŸ§ª ãƒ†ã‚¹ãƒˆå®Ÿè¡Œ: test_build_success_no_image_id                                        ğŸ§ª ãƒ†ã‚¹ãƒˆå®Ÿè¡Œ: test_build_failure                                                    ğŸ§ª ãƒ†ã‚¹ãƒˆå®Ÿè¡Œ: test_build_no_tag                                                     ğŸ§ª ãƒ†ã‚¹ãƒˆå®Ÿè¡Œ: test_build_tracking_exception                                         ğŸ§ª ãƒ†ã‚¹ãƒˆå®Ÿè¡Œ: test_image_rm_success_with_tag                                        ğŸ§ª ãƒ†ã‚¹ãƒˆå®Ÿè¡Œ: test_image_rm_success_no_tag                                          ğŸ§ª ãƒ†ã‚¹ãƒˆå®Ÿè¡Œ: test_image_rm_failure                                                 ğŸ§ª ãƒ†ã‚¹ãƒˆå®Ÿè¡Œ: test_image_rm_tracking_exception                                      ğŸ§ª ãƒ†ã‚¹ãƒˆå®Ÿè¡Œ: test_dockerrequest_with_mockdriver                                    ğŸ§ª ãƒ†ã‚¹ãƒˆå®Ÿè¡Œ: test_dockerresult_methods                                             ğŸ§ª ãƒ†ã‚¹ãƒˆå®Ÿè¡Œ: test_dockerrequest_no_driver                                          ğŸ§ª ãƒ†ã‚¹ãƒˆå®Ÿè¡Œ: test_build_docker_cmd_basic                                           ğŸ§ª ãƒ†ã‚¹ãƒˆå®Ÿè¡Œ: test_build_docker_cmd_no_options                                      ğŸ§ª ãƒ†ã‚¹ãƒˆå®Ÿè¡Œ: test_build_docker_cmd_short_option                                    ğŸ§ª ãƒ†ã‚¹ãƒˆå®Ÿè¡Œ: test_build_docker_cmd_long_option                                     ğŸ§ª ãƒ†ã‚¹ãƒˆå®Ÿè¡Œ: test_parse_image_tag_with_tag                                         ğŸ§ª ãƒ†ã‚¹ãƒˆå®Ÿè¡Œ: test_parse_image_tag_without_tag                                      ğŸ§ª ãƒ†ã‚¹ãƒˆå®Ÿè¡Œ: test_copy_step_requires_destination_d...                              ğŸ§ª ãƒ†ã‚¹ãƒˆå®Ÿè¡Œ: test_copy_step_destination_directory_...                              ğŸ§ª ãƒ†ã‚¹ãƒˆå®Ÿè¡Œ: test_copy_step_destination_is_current...                              ğŸ§ª ãƒ†ã‚¹ãƒˆå®Ÿè¡Œ: test_move_step_requires_destination_d...                              ğŸ§ª ãƒ†ã‚¹ãƒˆå®Ÿè¡Œ: test_movetree_step_requires_destinati...                              ğŸ§ª ãƒ†ã‚¹ãƒˆå®Ÿè¡Œ: test_touch_step_requires_parent_direc...                              ğŸ§ª ãƒ†ã‚¹ãƒˆå®Ÿè¡Œ: test_touch_step_parent_directory_exists                               ğŸ§ª ãƒ†ã‚¹ãƒˆå®Ÿè¡Œ: test_working_directory_creation                                       ğŸ§ª ãƒ†ã‚¹ãƒˆå®Ÿè¡Œ: test_working_directory_exists                                         ğŸ§ª ãƒ†ã‚¹ãƒˆå®Ÿè¡Œ: test_complex_step_multiple_preparations                               ğŸ§ª ãƒ†ã‚¹ãƒˆå®Ÿè¡Œ: test_no_preparation_needed                                            ğŸ§ª ãƒ†ã‚¹ãƒˆå®Ÿè¡Œ: test_shell_command_no_preparation                                     ğŸ§ª ãƒ†ã‚¹ãƒˆå®Ÿè¡Œ: test_edge_case_current_directory_copy                                 ğŸ§ª ãƒ†ã‚¹ãƒˆå®Ÿè¡Œ: test_mkdir_tracking                                                   ğŸ§ª ãƒ†ã‚¹ãƒˆå®Ÿè¡Œ: test_touch_tracking                                                   ğŸ§ª ãƒ†ã‚¹ãƒˆå®Ÿè¡Œ: test_copy_tracking                                                    ğŸ§ª ãƒ†ã‚¹ãƒˆå®Ÿè¡Œ: test_move_tracking                                                    ğŸ§ª ãƒ†ã‚¹ãƒˆå®Ÿè¡Œ: test_movetree_tracking                                                ğŸ§ª ãƒ†ã‚¹ãƒˆå®Ÿè¡Œ: test_rmtree_tracking                                                  ğŸ§ª ãƒ†ã‚¹ãƒˆå®Ÿè¡Œ: test_remove_tracking                                                  ğŸ§ª ãƒ†ã‚¹ãƒˆå®Ÿè¡Œ: test_no_tracking_for_non_resource_steps                               ğŸ§ª ãƒ†ã‚¹ãƒˆå®Ÿè¡Œ: test_mkdir_with_parent_directory                                      ğŸ§ª ãƒ†ã‚¹ãƒˆå®Ÿè¡Œ: test_touch_creates_parent_directories                                 ğŸ§ª ãƒ†ã‚¹ãƒˆå®Ÿè¡Œ: test_simple_dependency_resolution                                     ğŸ§ª ãƒ†ã‚¹ãƒˆå®Ÿè¡Œ: test_complex_dependency_resolution                                    ğŸ§ª ãƒ†ã‚¹ãƒˆå®Ÿè¡Œ: test_no_dependencies_needed                                           ğŸ§ª ãƒ†ã‚¹ãƒˆå®Ÿè¡Œ: test_directory_reuse_optimization                                     ğŸ§ª ãƒ†ã‚¹ãƒˆå®Ÿè¡Œ: test_empty_steps_list                                                 ğŸ§ª ãƒ†ã‚¹ãƒˆå®Ÿè¡Œ: test_success_path                                                     ğŸ§ª ãƒ†ã‚¹ãƒˆå®Ÿè¡Œ: test_generation_failure                                               ğŸ§ª ãƒ†ã‚¹ãƒˆå®Ÿè¡Œ: test_validation_failure                                               ğŸ§ª ãƒ†ã‚¹ãƒˆå®Ÿè¡Œ: test_optimize_workflow_steps                                          ğŸ§ª ãƒ†ã‚¹ãƒˆå®Ÿè¡Œ: test_create_step_context_all_attributes                               ğŸ§ª ãƒ†ã‚¹ãƒˆå®Ÿè¡Œ: test_create_step_context_missing_attr...                              ğŸ§ª ãƒ†ã‚¹ãƒˆå®Ÿè¡Œ: test_validate_with_errors                                             ğŸ§ª ãƒ†ã‚¹ãƒˆå®Ÿè¡Œ: test_validate_with_warnings_only                                      ğŸ§ª ãƒ†ã‚¹ãƒˆå®Ÿè¡Œ: test_validate_empty_requests                                          ğŸ§ª ãƒ†ã‚¹ãƒˆå®Ÿè¡Œ: test_validate_success                                                 ğŸ§ª ãƒ†ã‚¹ãƒˆå®Ÿè¡Œ: test_debug_successful_generation                                      ğŸ§ª ãƒ†ã‚¹ãƒˆå®Ÿè¡Œ: test_debug_failed_generation                                          ğŸ§ª ãƒ†ã‚¹ãƒˆå®Ÿè¡Œ: test_resolve_wildcard_match                                           ğŸ§ª ãƒ†ã‚¹ãƒˆå®Ÿè¡Œ: test_resolve_python_match                                             ğŸ§ª ãƒ†ã‚¹ãƒˆå®Ÿè¡Œ: test_resolve_java_docker                                              ğŸ§ª ãƒ†ã‚¹ãƒˆå®Ÿè¡Œ: test_resolve_local                                                    ğŸ§ª ãƒ†ã‚¹ãƒˆå®Ÿè¡Œ: test_resolve_alias                                                    ğŸ§ª ãƒ†ã‚¹ãƒˆå®Ÿè¡Œ: test_resolve_not_found                                                ğŸ§ª ãƒ†ã‚¹ãƒˆå®Ÿè¡Œ: test_resolve_neighbor_match                                           ğŸ§ª ãƒ†ã‚¹ãƒˆå®Ÿè¡Œ: test_resolve_multiple_matches                                         ğŸ§ª ãƒ†ã‚¹ãƒˆå®Ÿè¡Œ: test_resolve_multiple_matches_with_alias                              ğŸ§ª ãƒ†ã‚¹ãƒˆå®Ÿè¡Œ: test_resolve_empty_path                                               ğŸ§ª ãƒ†ã‚¹ãƒˆå®Ÿè¡Œ: test_resolve_multiple_aliases                                         ğŸ§ª ãƒ†ã‚¹ãƒˆå®Ÿè¡Œ: test_resolve_list_node                                                ğŸ§ª ãƒ†ã‚¹ãƒˆå®Ÿè¡Œ: test_resolve_parent_alias                                             ğŸ§ª ãƒ†ã‚¹ãƒˆå®Ÿè¡Œ: test_resolve_circular_reference                                       ğŸ§ª ãƒ†ã‚¹ãƒˆå®Ÿè¡Œ: test_resolve_aliases_and_other_keys                                   ğŸ§ª ãƒ†ã‚¹ãƒˆå®Ÿè¡Œ: test_resolve_values                                                   ğŸ§ª ãƒ†ã‚¹ãƒˆå®Ÿè¡Œ: test_resolve_deep_nested_path                                         ğŸ§ª ãƒ†ã‚¹ãƒˆå®Ÿè¡Œ: test_resolve_with_special_keys                                        ğŸ§ª ãƒ†ã‚¹ãƒˆå®Ÿè¡Œ: test_resolve_empty_aliases                                            ğŸ§ª ãƒ†ã‚¹ãƒˆå®Ÿè¡Œ: test_resolve_same_name_multi_level                                    ğŸ§ª ãƒ†ã‚¹ãƒˆå®Ÿè¡Œ: test_resolve_tuple_path                                               ğŸ§ª ãƒ†ã‚¹ãƒˆå®Ÿè¡Œ: test_confignode_properties_and_repr                                   ğŸ§ª ãƒ†ã‚¹ãƒˆå®Ÿè¡Œ: test_from_dict_invalid_type                                           ğŸ§ª ãƒ†ã‚¹ãƒˆå®Ÿè¡Œ: test_resolve_invalid_path_type                                        ğŸ§ª ãƒ†ã‚¹ãƒˆå®Ÿè¡Œ: test_add_edge_invalid_type                                            ğŸ§ª ãƒ†ã‚¹ãƒˆå®Ÿè¡Œ: test_aliases_invalid_type                                             ğŸ§ª ãƒ†ã‚¹ãƒˆå®Ÿè¡Œ: test_confignode_lt_invalid_type                                       ğŸ§ª ãƒ†ã‚¹ãƒˆå®Ÿè¡Œ: test_add_edge_self_reference                                          ğŸ§ª ãƒ†ã‚¹ãƒˆå®Ÿè¡Œ: test_add_edge_duplicate                                               ğŸ§ª ãƒ†ã‚¹ãƒˆå®Ÿè¡Œ: test_value_dict_not_destroyed                                         ğŸ§ª ãƒ†ã‚¹ãƒˆå®Ÿè¡Œ: test_add_edge_parent_and_next_nodes                                   ğŸ§ª ãƒ†ã‚¹ãƒˆå®Ÿè¡Œ: test_repr_circular_reference                                          ğŸ§ª ãƒ†ã‚¹ãƒˆå®Ÿè¡Œ: test_resolve_path_with_empty_and_dupl...                              ğŸ§ª ãƒ†ã‚¹ãƒˆå®Ÿè¡Œ: test_large_nested_dict                                                ğŸ§ª ãƒ†ã‚¹ãƒˆå®Ÿè¡Œ: test_next_nodes_with_key_star_and_non...                              ğŸ§ª ãƒ†ã‚¹ãƒˆå®Ÿè¡Œ: test_repr_with_self_and_cycle                                         ğŸ§ª ãƒ†ã‚¹ãƒˆå®Ÿè¡Œ: test_parent_property                                                  ğŸ§ª ãƒ†ã‚¹ãƒˆå®Ÿè¡Œ: test_matches_with_duplicate_aliases                                   ğŸ§ª ãƒ†ã‚¹ãƒˆå®Ÿè¡Œ: test_from_dict_aliases_none                                           ğŸ§ª ãƒ†ã‚¹ãƒˆå®Ÿè¡Œ: test_add_edge_self_multiple                                           ğŸ§ª ãƒ†ã‚¹ãƒˆå®Ÿè¡Œ: test_value_property_various_types                                     ğŸ§ª ãƒ†ã‚¹ãƒˆå®Ÿè¡Œ: test_find_nearest_key_node_basic                                      ğŸ§ª ãƒ†ã‚¹ãƒˆå®Ÿè¡Œ: test_find_nearest_key_node_deep                                       ğŸ§ª ãƒ†ã‚¹ãƒˆå®Ÿè¡Œ: test_find_nearest_key_node_multiple                                   ğŸ§ª ãƒ†ã‚¹ãƒˆå®Ÿè¡Œ: test_create_config_root_invalid_input                                 ğŸ§ª ãƒ†ã‚¹ãƒˆå®Ÿè¡Œ: test_create_config_root_aliases_inval...                              ğŸ§ª ãƒ†ã‚¹ãƒˆå®Ÿè¡Œ: test_create_config_root_with_aliases_...                              ğŸ§ª ãƒ†ã‚¹ãƒˆå®Ÿè¡Œ: test_create_config_root_skip_aliases_key                              ğŸ§ª ãƒ†ã‚¹ãƒˆå®Ÿè¡Œ: test_create_config_root_with_list_values                              ğŸ§ª ãƒ†ã‚¹ãƒˆå®Ÿè¡Œ: test_create_config_root_complex_neste...                              ğŸ§ª ãƒ†ã‚¹ãƒˆå®Ÿè¡Œ: test_resolve_by_match_desc_invalid_pa...                              ğŸ§ª ãƒ†ã‚¹ãƒˆå®Ÿè¡Œ: test_resolve_formatted_string_no_plac...                              ğŸ§ª ãƒ†ã‚¹ãƒˆå®Ÿè¡Œ: test_resolve_formatted_string_with_in...                              ğŸ§ª ãƒ†ã‚¹ãƒˆå®Ÿè¡Œ: test_resolve_formatted_string_partial...                              ğŸ§ª ãƒ†ã‚¹ãƒˆå®Ÿè¡Œ: test_resolve_formatted_string_complex...                              ğŸ§ª ãƒ†ã‚¹ãƒˆå®Ÿè¡Œ: test_resolve_formatted_string_circula...                              ğŸ§ª ãƒ†ã‚¹ãƒˆå®Ÿè¡Œ: test_resolve_formatted_string_value_i...                              ğŸ§ª ãƒ†ã‚¹ãƒˆå®Ÿè¡Œ: test_resolve_formatted_string_missing...                              ğŸ§ª ãƒ†ã‚¹ãƒˆå®Ÿè¡Œ: test_resolve_format_string_simple_str...                              ğŸ§ª ãƒ†ã‚¹ãƒˆå®Ÿè¡Œ: test_resolve_format_string_dict_with_...                              ğŸ§ª ãƒ†ã‚¹ãƒˆå®Ÿè¡Œ: test_resolve_format_string_non_string...                              ğŸ§ª ãƒ†ã‚¹ãƒˆå®Ÿè¡Œ: test_resolve_format_string_with_place...                              ğŸ§ª ãƒ†ã‚¹ãƒˆå®Ÿè¡Œ: test_resolve_format_string_dict_value...                              ğŸ§ª ãƒ†ã‚¹ãƒˆå®Ÿè¡Œ: test_resolve_format_string_complex_na...                              ğŸ§ª ãƒ†ã‚¹ãƒˆå®Ÿè¡Œ: test_resolve_format_string_value_type...                              ğŸ§ª ãƒ†ã‚¹ãƒˆå®Ÿè¡Œ: test_resolve_format_string_no_missing...                              ğŸ§ª ãƒ†ã‚¹ãƒˆå®Ÿè¡Œ: test_resolve_by_match_desc_empty_path                                 ğŸ§ª ãƒ†ã‚¹ãƒˆå®Ÿè¡Œ: test_resolve_by_match_desc_no_matches                                 ğŸ§ª ãƒ†ã‚¹ãƒˆå®Ÿè¡Œ: test_resolve_by_match_desc_partial_ma...                              ğŸ§ª ãƒ†ã‚¹ãƒˆå®Ÿè¡Œ: test_resolve_by_match_desc_multiple_p...                              ğŸ§ª ãƒ†ã‚¹ãƒˆå®Ÿè¡Œ: test_resolve_by_match_desc_visited_no...                              ğŸ§ª ãƒ†ã‚¹ãƒˆå®Ÿè¡Œ: test_resolve_by_match_desc_ranking_sy...                              ğŸ§ª ãƒ†ã‚¹ãƒˆå®Ÿè¡Œ: test_resolve_by_match_desc_path_progr...                              ğŸ§ª ãƒ†ã‚¹ãƒˆå®Ÿè¡Œ: test_resolve_best_no_results                                          ğŸ§ª ãƒ†ã‚¹ãƒˆå®Ÿè¡Œ: test_resolve_best_single_result                                       ğŸ§ª ãƒ†ã‚¹ãƒˆå®Ÿè¡Œ: test_resolve_best_multiple_results                                    ğŸ§ª ãƒ†ã‚¹ãƒˆå®Ÿè¡Œ: test_resolve_values_empty_results                                     ğŸ§ª ãƒ†ã‚¹ãƒˆå®Ÿè¡Œ: test_resolve_values_multiple_matches                                  ğŸ§ª ãƒ†ã‚¹ãƒˆå®Ÿè¡Œ: test_format_utils_integration                                         ğŸ§ª ãƒ†ã‚¹ãƒˆå®Ÿè¡Œ: test_deque_operations_in_bfs                                          ğŸ§ª ãƒ†ã‚¹ãƒˆå®Ÿè¡Œ: test_missing_keys_list_operations                                     ğŸ§ª ãƒ†ã‚¹ãƒˆå®Ÿè¡Œ: test_node_value_none_handling                                         ğŸ§ª ãƒ†ã‚¹ãƒˆå®Ÿè¡Œ: test_large_config_tree_performance                                    ğŸ§ª ãƒ†ã‚¹ãƒˆå®Ÿè¡Œ: test_deep_nesting_limits                                              ğŸ§ª ãƒ†ã‚¹ãƒˆå®Ÿè¡Œ: test_file_write_and_read_with_mock                                    ğŸ§ª ãƒ†ã‚¹ãƒˆå®Ÿè¡Œ: test_file_request_fail_with_mock                                      ğŸ§ª ãƒ†ã‚¹ãƒˆå®Ÿè¡Œ: test_file_request_double_execute_raises                               ğŸ§ª ãƒ†ã‚¹ãƒˆå®Ÿè¡Œ: test_file_request_unknown_operation                                   ğŸ§ª ãƒ†ã‚¹ãƒˆå®Ÿè¡Œ: test_move_and_copy_impl                                               ğŸ§ª ãƒ†ã‚¹ãƒˆå®Ÿè¡Œ: test_exists_and_create_impl                                           ğŸ§ª ãƒ†ã‚¹ãƒˆå®Ÿè¡Œ: test_copytree_and_rmtree_impl                                         ğŸ§ª ãƒ†ã‚¹ãƒˆå®Ÿè¡Œ: test_remove_impl                                                      ğŸ§ª ãƒ†ã‚¹ãƒˆå®Ÿè¡Œ: test_open                                                             ğŸ§ª ãƒ†ã‚¹ãƒˆå®Ÿè¡Œ: test_docker_cp_raises                                                 ğŸ§ª ãƒ†ã‚¹ãƒˆå®Ÿè¡Œ: test_hash_file                                                        ğŸ§ª ãƒ†ã‚¹ãƒˆå®Ÿè¡Œ: test_exists_file                                                      ğŸ§ª ãƒ†ã‚¹ãƒˆå®Ÿè¡Œ: test_exists_directory                                                 ğŸ§ª ãƒ†ã‚¹ãƒˆå®Ÿè¡Œ: test_not_exists                                                       ğŸ§ª ãƒ†ã‚¹ãƒˆå®Ÿè¡Œ: test_is_file                                                          ğŸ§ª ãƒ†ã‚¹ãƒˆå®Ÿè¡Œ: test_is_dir                                                           ğŸ§ª ãƒ†ã‚¹ãƒˆå®Ÿè¡Œ: test_iterdir_success                                                  ğŸ§ª ãƒ†ã‚¹ãƒˆå®Ÿè¡Œ: test_iterdir_empty_directory                                          ğŸ§ª ãƒ†ã‚¹ãƒˆå®Ÿè¡Œ: test_iterdir_permission_error                                         ğŸ§ª ãƒ†ã‚¹ãƒˆå®Ÿè¡Œ: test_iterdir_os_error                                                 ğŸ§ª ãƒ†ã‚¹ãƒˆå®Ÿè¡Œ: test_mkdir_basic                                                      ğŸ§ª ãƒ†ã‚¹ãƒˆå®Ÿè¡Œ: test_mkdir_with_parents                                               ğŸ§ª ãƒ†ã‚¹ãƒˆå®Ÿè¡Œ: test_mkdir_exist_ok                                                   ğŸ§ª ãƒ†ã‚¹ãƒˆå®Ÿè¡Œ: test_mkdir_exists_raises                                              ğŸ§ª ãƒ†ã‚¹ãƒˆå®Ÿè¡Œ: test_complex_scenario                                                 ğŸ§ª ãƒ†ã‚¹ãƒˆå®Ÿè¡Œ: test_copy_file_not_implemented                                        ğŸ§ª ãƒ†ã‚¹ãƒˆå®Ÿè¡Œ: test_move_file_not_implemented                                        ğŸ§ª ãƒ†ã‚¹ãƒˆå®Ÿè¡Œ: test_delete_file_not_implemented                                      ğŸ§ª ãƒ†ã‚¹ãƒˆå®Ÿè¡Œ: test_create_directory_not_implemented                                 ğŸ§ª ãƒ†ã‚¹ãƒˆå®Ÿè¡Œ: test_basic_logging_methods                                            ğŸ§ª ãƒ†ã‚¹ãƒˆå®Ÿè¡Œ: test_step_workflow_methods                                            ğŸ§ª ãƒ†ã‚¹ãƒˆå®Ÿè¡Œ: test_correlation_logging                                              ğŸ§ª ãƒ†ã‚¹ãƒˆå®Ÿè¡Œ: test_environment_logging                                              ğŸ§ª ãƒ†ã‚¹ãƒˆå®Ÿè¡Œ: test_logger_interface_compatibility                                   ğŸ§ª ãƒ†ã‚¹ãƒˆå®Ÿè¡Œ: test_execute_with_query_request                                       ğŸ§ª ãƒ†ã‚¹ãƒˆå®Ÿè¡Œ: test_execute_with_command_request                                     ğŸ§ª ãƒ†ã‚¹ãƒˆå®Ÿè¡Œ: test_execute_with_unsupported_request                                 ğŸ§ª ãƒ†ã‚¹ãƒˆå®Ÿè¡Œ: test_validate_with_query_request                                      ğŸ§ª ãƒ†ã‚¹ãƒˆå®Ÿè¡Œ: test_validate_with_command_request                                    ğŸ§ª ãƒ†ã‚¹ãƒˆå®Ÿè¡Œ: test_validate_with_invalid_request                                    ğŸ§ª ãƒ†ã‚¹ãƒˆå®Ÿè¡Œ: test_init_default_path                                                ğŸ§ª ãƒ†ã‚¹ãƒˆå®Ÿè¡Œ: test_init_custom_path                                                 ğŸ§ª ãƒ†ã‚¹ãƒˆå®Ÿè¡Œ: test_get_connection                                                   ğŸ§ª ãƒ†ã‚¹ãƒˆå®Ÿè¡Œ: test_execute_query                                                    ğŸ§ª ãƒ†ã‚¹ãƒˆå®Ÿè¡Œ: test_execute_command                                                  ğŸ§ª ãƒ†ã‚¹ãƒˆå®Ÿè¡Œ: test_begin_transaction_success                                        ğŸ§ª ãƒ†ã‚¹ãƒˆå®Ÿè¡Œ: test_begin_transaction_rollback_on_error                              ğŸ§ª ãƒ†ã‚¹ãƒˆå®Ÿè¡Œ: test_get_repository_cached                                            ğŸ§ª ãƒ†ã‚¹ãƒˆå®Ÿè¡Œ: test_get_repository_different_classes                                 ğŸ§ª ãƒ†ã‚¹ãƒˆå®Ÿè¡Œ: test_initialize                                                       ğŸ§ª ãƒ†ã‚¹ãƒˆå®Ÿè¡Œ: test_cleanup                                                          ğŸ§ª ãƒ†ã‚¹ãƒˆå®Ÿè¡Œ: test_save_execution_history                                           ğŸ§ª ãƒ†ã‚¹ãƒˆå®Ÿè¡Œ: test_get_execution_history_empty                                      ğŸ§ª ãƒ†ã‚¹ãƒˆå®Ÿè¡Œ: test_get_execution_history_with_data                                  ğŸ§ª ãƒ†ã‚¹ãƒˆå®Ÿè¡Œ: test_get_execution_history_with_inval...                              ğŸ§ª ãƒ†ã‚¹ãƒˆå®Ÿè¡Œ: test_save_session_context                                             ğŸ§ª ãƒ†ã‚¹ãƒˆå®Ÿè¡Œ: test_load_session_context_none                                        ğŸ§ª ãƒ†ã‚¹ãƒˆå®Ÿè¡Œ: test_load_session_context_with_data                                   ğŸ§ª ãƒ†ã‚¹ãƒˆå®Ÿè¡Œ: test_save_user_specified_values                                       ğŸ§ª ãƒ†ã‚¹ãƒˆå®Ÿè¡Œ: test_get_user_specified_values_empty                                  ğŸ§ª ãƒ†ã‚¹ãƒˆå®Ÿè¡Œ: test_get_user_specified_values_with_data                              ğŸ§ª ãƒ†ã‚¹ãƒˆå®Ÿè¡Œ: test_clear_session                                                    ğŸ§ª ãƒ†ã‚¹ãƒˆå®Ÿè¡Œ: test_execution_history_creation                                       ğŸ§ª ãƒ†ã‚¹ãƒˆå®Ÿè¡Œ: test_session_context_creation                                         ğŸ§ª ãƒ†ã‚¹ãƒˆå®Ÿè¡Œ: test_init_with_default_path                                           ğŸ§ª ãƒ†ã‚¹ãƒˆå®Ÿè¡Œ: test_init_with_custom_path                                            ğŸ§ª ãƒ†ã‚¹ãƒˆå®Ÿè¡Œ: test_load_previous_values_nonexistent_db                              ğŸ§ª ãƒ†ã‚¹ãƒˆå®Ÿè¡Œ: test_load_previous_values_empty_db                                    ğŸ§ª ãƒ†ã‚¹ãƒˆå®Ÿè¡Œ: test_save_and_load_current_values                                     ğŸ§ª ãƒ†ã‚¹ãƒˆå®Ÿè¡Œ: test_save_current_values_nonexistent_db                               ğŸ§ª ãƒ†ã‚¹ãƒˆå®Ÿè¡Œ: test_save_current_values_overwrite                                    ğŸ§ª ãƒ†ã‚¹ãƒˆå®Ÿè¡Œ: test_get_config_value_existing                                        ğŸ§ª ãƒ†ã‚¹ãƒˆå®Ÿè¡Œ: test_get_config_value_nonexistent                                     ğŸ§ª ãƒ†ã‚¹ãƒˆå®Ÿè¡Œ: test_get_config_value_invalid_json                                    ğŸ§ª ãƒ†ã‚¹ãƒˆå®Ÿè¡Œ: test_save_config_value                                                ğŸ§ª ãƒ†ã‚¹ãƒˆå®Ÿè¡Œ: test_get_available_config_keys_empty                                  ğŸ§ª ãƒ†ã‚¹ãƒˆå®Ÿè¡Œ: test_get_available_config_keys_with_data                              ğŸ§ª ãƒ†ã‚¹ãƒˆå®Ÿè¡Œ: test_get_available_config_keys_nonexi...                              ğŸ§ª ãƒ†ã‚¹ãƒˆå®Ÿè¡Œ: test_load_previous_values_with_sql_error                              ğŸ§ª ãƒ†ã‚¹ãƒˆå®Ÿè¡Œ: test_save_current_values_with_sql_error                               ğŸ§ª ãƒ†ã‚¹ãƒˆå®Ÿè¡Œ: test_get_available_config_keys_with_s...                              ğŸ§ª ãƒ†ã‚¹ãƒˆå®Ÿè¡Œ: test_config_manager_initialization                                    ğŸ§ª ãƒ†ã‚¹ãƒˆå®Ÿè¡Œ: test_file_loader_basic_functionality                                  ğŸ§ª ãƒ†ã‚¹ãƒˆå®Ÿè¡Œ: test_config_manager_load_from_files                                   ğŸ§ª ãƒ†ã‚¹ãƒˆå®Ÿè¡Œ: test_execution_config_creation                                        ğŸ§ª ãƒ†ã‚¹ãƒˆå®Ÿè¡Œ: test_template_string_resolution                                       ğŸ§ª ãƒ†ã‚¹ãƒˆå®Ÿè¡Œ: test_type_safety                                                      ğŸ§ª ãƒ†ã‚¹ãƒˆå®Ÿè¡Œ: test_caching_functionality                                            ğŸ§ª ãƒ†ã‚¹ãƒˆå®Ÿè¡Œ: test_execution_config_properties                                      ğŸ§ª ãƒ†ã‚¹ãƒˆå®Ÿè¡Œ: test_error_handling                                                   ğŸ§ª ãƒ†ã‚¹ãƒˆå®Ÿè¡Œ: test_multiple_languages_support                                       ğŸ§ª ãƒ†ã‚¹ãƒˆå®Ÿè¡Œ: test_shell_request_with_logger                                        ğŸ§ª ãƒ†ã‚¹ãƒˆå®Ÿè¡Œ: test_shell_request_error_logging                                      ğŸ§ª ãƒ†ã‚¹ãƒˆå®Ÿè¡Œ: test_file_request_with_logger                                         ğŸ§ª ãƒ†ã‚¹ãƒˆå®Ÿè¡Œ: test_retry_decorator_with_logger                                      ğŸ§ª ãƒ†ã‚¹ãƒˆå®Ÿè¡Œ: test_workflow_execution_service_logge...                              ğŸ§ª ãƒ†ã‚¹ãƒˆå®Ÿè¡Œ: test_parse_empty_args                                                 ğŸ§ª ãƒ†ã‚¹ãƒˆå®Ÿè¡Œ: test_parse_single_arg                                                 ğŸ§ª ãƒ†ã‚¹ãƒˆå®Ÿè¡Œ: test_parse_multiple_args                                              ğŸ§ª ãƒ†ã‚¹ãƒˆå®Ÿè¡Œ: test_parse_with_flags                                                 ğŸ§ª ãƒ†ã‚¹ãƒˆå®Ÿè¡Œ: test_parse_long_args                                                  ğŸ§ª ãƒ†ã‚¹ãƒˆå®Ÿè¡Œ: test_parse_special_characters                                         ğŸ§ª ãƒ†ã‚¹ãƒˆå®Ÿè¡Œ: test_available_languages_detection                                    ğŸ§ª ãƒ†ã‚¹ãƒˆå®Ÿè¡Œ: test_real_config_loading_python                                       ğŸ§ª ãƒ†ã‚¹ãƒˆå®Ÿè¡Œ: test_real_config_loading_cpp                                          ğŸ§ª ãƒ†ã‚¹ãƒˆå®Ÿè¡Œ: test_real_config_loading_rust                                         ğŸ§ª ãƒ†ã‚¹ãƒˆå®Ÿè¡Œ: test_execution_config_creation_real                                   ğŸ§ª ãƒ†ã‚¹ãƒˆå®Ÿè¡Œ: test_user_input_parser_integration_real                               ğŸ§ª ãƒ†ã‚¹ãƒˆå®Ÿè¡Œ: test_create_new_execution_context_real                                ğŸ§ª ãƒ†ã‚¹ãƒˆå®Ÿè¡Œ: test_command_specific_configurations                                  ğŸ§ª ãƒ†ã‚¹ãƒˆå®Ÿè¡Œ: test_shared_configuration_loading                                     ğŸ§ª ãƒ†ã‚¹ãƒˆå®Ÿè¡Œ: test_template_resolution_with_real_paths                              ğŸ§ª ãƒ†ã‚¹ãƒˆå®Ÿè¡Œ: test_file_patterns_and_extensions                                     ğŸ§ª ãƒ†ã‚¹ãƒˆå®Ÿè¡Œ: test_backwards_compatibility_verifica...                              ğŸ§ª ãƒ†ã‚¹ãƒˆå®Ÿè¡Œ: test_error_resilience_real_config                                     ğŸ§ª ãƒ†ã‚¹ãƒˆå®Ÿè¡Œ: test_create_and_exists                                                ğŸ§ª ãƒ†ã‚¹ãƒˆå®Ÿè¡Œ: test_behavior_verification                                            ğŸ§ª ãƒ†ã‚¹ãƒˆå®Ÿè¡Œ: test_file_exists_setup                                                ğŸ§ª ãƒ†ã‚¹ãƒˆå®Ÿè¡Œ: test_move_and_copy_impl                                               ğŸ§ª ãƒ†ã‚¹ãƒˆå®Ÿè¡Œ: test_copy_impl_file_not_found                                         ğŸ§ª ãƒ†ã‚¹ãƒˆå®Ÿè¡Œ: test_copytree_and_rmtree_impl                                         ğŸ§ª ãƒ†ã‚¹ãƒˆå®Ÿè¡Œ: test_remove_impl                                                      ğŸ§ª ãƒ†ã‚¹ãƒˆå®Ÿè¡Œ: test_open_read_and_write                                              ğŸ§ª ãƒ†ã‚¹ãƒˆå®Ÿè¡Œ: test_open_unsupported_mode                                            ğŸ§ª ãƒ†ã‚¹ãƒˆå®Ÿè¡Œ: test_docker_cp_and_hash_file                                          ğŸ§ª ãƒ†ã‚¹ãƒˆå®Ÿè¡Œ: test_operation_type_values                                            ğŸ§ª ãƒ†ã‚¹ãƒˆå®Ÿè¡Œ: test_operation_type_auto_values                                       ğŸ§ª ãƒ†ã‚¹ãƒˆå®Ÿè¡Œ: test_file_operation_values                                            ğŸ§ª ãƒ†ã‚¹ãƒˆå®Ÿè¡Œ: test_file_operation_count                                             ğŸ§ª ãƒ†ã‚¹ãƒˆå®Ÿè¡Œ: test_directory_name_values                                            ğŸ§ª ãƒ†ã‚¹ãƒˆå®Ÿè¡Œ: test_directory_name_count                                             ğŸ§ª ãƒ†ã‚¹ãƒˆå®Ÿè¡Œ: test_file_pattern_values                                              ğŸ§ª ãƒ†ã‚¹ãƒˆå®Ÿè¡Œ: test_file_pattern_count                                               ğŸ§ª ãƒ†ã‚¹ãƒˆå®Ÿè¡Œ: test_preparation_action_values                                        ğŸ§ª ãƒ†ã‚¹ãƒˆå®Ÿè¡Œ: test_preparation_action_count                                         ğŸ§ª ãƒ†ã‚¹ãƒˆå®Ÿè¡Œ: test_no_duplicate_values_across_enums                                 ğŸ§ª ãƒ†ã‚¹ãƒˆå®Ÿè¡Œ: test_enum_accessibility                                               ğŸ§ª ãƒ†ã‚¹ãƒˆå®Ÿè¡Œ: test_init_with_message_only                                           ğŸ§ª ãƒ†ã‚¹ãƒˆå®Ÿè¡Œ: test_init_with_result                                                 ğŸ§ª ãƒ†ã‚¹ãƒˆå®Ÿè¡Œ: test_init_with_original_exception                                     ğŸ§ª ãƒ†ã‚¹ãƒˆå®Ÿè¡Œ: test_init_with_all_parameters                                         ğŸ§ª ãƒ†ã‚¹ãƒˆå®Ÿè¡Œ: test_inheritance                                                      ğŸ§ª ãƒ†ã‚¹ãƒˆå®Ÿè¡Œ: test_raise_and_catch                                                  ğŸ§ª ãƒ†ã‚¹ãƒˆå®Ÿè¡Œ: test_exception_chaining                                               ğŸ§ª ãƒ†ã‚¹ãƒˆå®Ÿè¡Œ: test_empty_message                                                    ğŸ§ª ãƒ†ã‚¹ãƒˆå®Ÿè¡Œ: test_complex_result_object                                            ğŸ§ª ãƒ†ã‚¹ãƒˆå®Ÿè¡Œ: test_error_code_values                                                ğŸ§ª ãƒ†ã‚¹ãƒˆå®Ÿè¡Œ: test_get_suggestion_known_error                                       ğŸ§ª ãƒ†ã‚¹ãƒˆå®Ÿè¡Œ: test_get_suggestion_unknown_error                                     ğŸ§ª ãƒ†ã‚¹ãƒˆå®Ÿè¡Œ: test_get_recovery_actions_known_error                                 ğŸ§ª ãƒ†ã‚¹ãƒˆå®Ÿè¡Œ: test_get_recovery_actions_unknown_error                               ğŸ§ª ãƒ†ã‚¹ãƒˆå®Ÿè¡Œ: test_classify_file_not_found                                          ğŸ§ª ãƒ†ã‚¹ãƒˆå®Ÿè¡Œ: test_classify_permission_denied_file                                  ğŸ§ª ãƒ†ã‚¹ãƒˆå®Ÿè¡Œ: test_classify_command_not_found                                       ğŸ§ª ãƒ†ã‚¹ãƒˆå®Ÿè¡Œ: test_classify_timeout_error                                           ğŸ§ª ãƒ†ã‚¹ãƒˆå®Ÿè¡Œ: test_classify_docker_error                                            ğŸ§ª ãƒ†ã‚¹ãƒˆå®Ÿè¡Œ: test_classify_python_syntax_error                                     ğŸ§ª ãƒ†ã‚¹ãƒˆå®Ÿè¡Œ: test_classify_python_module_not_found                                 ğŸ§ª ãƒ†ã‚¹ãƒˆå®Ÿè¡Œ: test_classify_unknown_error                                           ğŸ§ª ãƒ†ã‚¹ãƒˆå®Ÿè¡Œ: test_execution_status_values                                          ğŸ§ª ãƒ†ã‚¹ãƒˆå®Ÿè¡Œ: test_execution_status_enum_members                                    ğŸ§ª ãƒ†ã‚¹ãƒˆå®Ÿè¡Œ: test_test_status_alias                                                ğŸ§ª ãƒ†ã‚¹ãƒˆå®Ÿè¡Œ: test_minimal_execution_result                                         ğŸ§ª ãƒ†ã‚¹ãƒˆå®Ÿè¡Œ: test_full_execution_result                                            ğŸ§ª ãƒ†ã‚¹ãƒˆå®Ÿè¡Œ: test_execution_result_immutable                                       ğŸ§ª ãƒ†ã‚¹ãƒˆå®Ÿè¡Œ: test_execution_result_equality                                        ğŸ§ª ãƒ†ã‚¹ãƒˆå®Ÿè¡Œ: test_test_result_alias                                                ğŸ§ª ãƒ†ã‚¹ãƒˆå®Ÿè¡Œ: test_execution_result_with_different_...                              ğŸ§ª ãƒ†ã‚¹ãƒˆå®Ÿè¡Œ: test_execution_result_str_representation                              ğŸ§ª ãƒ†ã‚¹ãƒˆå®Ÿè¡Œ: test_execution_time_types                                             ğŸ§ª ãƒ†ã‚¹ãƒˆå®Ÿè¡Œ: test_exists_file                                                      ğŸ§ª ãƒ†ã‚¹ãƒˆå®Ÿè¡Œ: test_exists_directory                                                 ğŸ§ª ãƒ†ã‚¹ãƒˆå®Ÿè¡Œ: test_not_exists                                                       ğŸ§ª ãƒ†ã‚¹ãƒˆå®Ÿè¡Œ: test_is_file                                                          ğŸ§ª ãƒ†ã‚¹ãƒˆå®Ÿè¡Œ: test_is_dir                                                           ğŸ§ª ãƒ†ã‚¹ãƒˆå®Ÿè¡Œ: test_iterdir                                                          ğŸ§ª ãƒ†ã‚¹ãƒˆå®Ÿè¡Œ: test_iterdir_nonexistent_raises                                       ğŸ§ª ãƒ†ã‚¹ãƒˆå®Ÿè¡Œ: test_mkdir                                                            ğŸ§ª ãƒ†ã‚¹ãƒˆå®Ÿè¡Œ: test_mkdir_exist_ok                                                   ğŸ§ª ãƒ†ã‚¹ãƒˆå®Ÿè¡Œ: test_mkdir_exists_raises                                              ğŸ§ª ãƒ†ã‚¹ãƒˆå®Ÿè¡Œ: test_copy_file_success                                                ğŸ§ª ãƒ†ã‚¹ãƒˆå®Ÿè¡Œ: test_copy_file_nonexistent                                            ğŸ§ª ãƒ†ã‚¹ãƒˆå®Ÿè¡Œ: test_move_file_success                                                ğŸ§ª ãƒ†ã‚¹ãƒˆå®Ÿè¡Œ: test_move_file_nonexistent                                            ğŸ§ª ãƒ†ã‚¹ãƒˆå®Ÿè¡Œ: test_delete_file_success                                              ğŸ§ª ãƒ†ã‚¹ãƒˆå®Ÿè¡Œ: test_delete_file_nonexistent                                          ğŸ§ª ãƒ†ã‚¹ãƒˆå®Ÿè¡Œ: test_create_directory_success                                         ğŸ§ª ãƒ†ã‚¹ãƒˆå®Ÿè¡Œ: test_create_directory_exists                                          ğŸ§ª ãƒ†ã‚¹ãƒˆå®Ÿè¡Œ: test_debug_logging                                                    ğŸ§ª ãƒ†ã‚¹ãƒˆå®Ÿè¡Œ: test_info_logging                                                     ğŸ§ª ãƒ†ã‚¹ãƒˆå®Ÿè¡Œ: test_warning_logging                                                  ğŸ§ª ãƒ†ã‚¹ãƒˆå®Ÿè¡Œ: test_error_logging                                                    ğŸ§ª ãƒ†ã‚¹ãƒˆå®Ÿè¡Œ: test_critical_logging                                                 ğŸ§ª ãƒ†ã‚¹ãƒˆå®Ÿè¡Œ: test_logging_with_args                                                ğŸ§ª ãƒ†ã‚¹ãƒˆå®Ÿè¡Œ: test_logging_with_kwargs                                              ğŸ§ª ãƒ†ã‚¹ãƒˆå®Ÿè¡Œ: test_multiple_log_levels                                              ğŸ§ª ãƒ†ã‚¹ãƒˆå®Ÿè¡Œ: test_exports_all_expected_items                                       ğŸ§ª ãƒ†ã‚¹ãƒˆå®Ÿè¡Œ: test_execution_timing_class_accessible                                ğŸ§ª ãƒ†ã‚¹ãƒˆå®Ÿè¡Œ: test_timing_functions_accessible                                      ğŸ§ª ãƒ†ã‚¹ãƒˆå®Ÿè¡Œ: test_imported_items_work_correctly                                    ğŸ§ª ãƒ†ã‚¹ãƒˆå®Ÿè¡Œ: test_no_unexpected_exports                                            ğŸ§ª ãƒ†ã‚¹ãƒˆå®Ÿè¡Œ: test_package_structure                                                ğŸ§ª ãƒ†ã‚¹ãƒˆå®Ÿè¡Œ: test_imports_from_timing_calculator                                   ğŸ§ª ãƒ†ã‚¹ãƒˆå®Ÿè¡Œ: test_init_with_start_time_only                                        ğŸ§ª ãƒ†ã‚¹ãƒˆå®Ÿè¡Œ: test_init_with_both_times                                             ğŸ§ª ãƒ†ã‚¹ãƒˆå®Ÿè¡Œ: test_with_end_time_creates_new_instance                               ğŸ§ª ãƒ†ã‚¹ãƒˆå®Ÿè¡Œ: test_immutability                                                     ğŸ§ª ãƒ†ã‚¹ãƒˆå®Ÿè¡Œ: test_start_timing                                                     ğŸ§ª ãƒ†ã‚¹ãƒˆå®Ÿè¡Œ: test_end_timing                                                       ğŸ§ª ãƒ†ã‚¹ãƒˆå®Ÿè¡Œ: test_format_execution_timing_running                                  ğŸ§ª ãƒ†ã‚¹ãƒˆå®Ÿè¡Œ: test_format_execution_timing_millisec...                              ğŸ§ª ãƒ†ã‚¹ãƒˆå®Ÿè¡Œ: test_format_execution_timing_seconds                                  ğŸ§ª ãƒ†ã‚¹ãƒˆå®Ÿè¡Œ: test_format_execution_timing_minutes                                  ğŸ§ª ãƒ†ã‚¹ãƒˆå®Ÿè¡Œ: test_is_execution_timeout_no_duration                                 ğŸ§ª ãƒ†ã‚¹ãƒˆå®Ÿè¡Œ: test_is_execution_timeout_within_limit                                ğŸ§ª ãƒ†ã‚¹ãƒˆå®Ÿè¡Œ: test_is_execution_timeout_exceeded                                    ğŸ§ª ãƒ†ã‚¹ãƒˆå®Ÿè¡Œ: test_is_execution_timeout_exact_limit                                 ğŸ§ª ãƒ†ã‚¹ãƒˆå®Ÿè¡Œ: test_zero_duration                                                    ğŸ§ª ãƒ†ã‚¹ãƒˆå®Ÿè¡Œ: test_very_small_duration                                              ğŸ§ª ãƒ†ã‚¹ãƒˆå®Ÿè¡Œ: test_exactly_one_second                                               ğŸ§ª ãƒ†ã‚¹ãƒˆå®Ÿè¡Œ: test_exactly_sixty_seconds                                            ğŸ§ª ãƒ†ã‚¹ãƒˆå®Ÿè¡Œ: test_negative_duration                                                ğŸ§ª ãƒ†ã‚¹ãƒˆå®Ÿè¡Œ: test_init                                                             ğŸ§ª ãƒ†ã‚¹ãƒˆå®Ÿè¡Œ: test_set_name                                                         ğŸ§ª ãƒ†ã‚¹ãƒˆå®Ÿè¡Œ: test_debug_info_enabled                                               ğŸ§ª ãƒ†ã‚¹ãƒˆå®Ÿè¡Œ: test_debug_info_disabled                                              ğŸ§ª ãƒ†ã‚¹ãƒˆå®Ÿè¡Œ: test_execute_success                                                  ğŸ§ª ãƒ†ã‚¹ãƒˆå®Ÿè¡Œ: test_execute_already_executed                                         ğŸ§ª ãƒ†ã‚¹ãƒˆå®Ÿè¡Œ: test_execute_without_driver_when_requ...                              ğŸ§ª ãƒ†ã‚¹ãƒˆå®Ÿè¡Œ: test_execute_without_driver_when_not_...                              ğŸ§ª ãƒ†ã‚¹ãƒˆå®Ÿè¡Œ: test_operation_type_property                                          ğŸ§ª ãƒ†ã‚¹ãƒˆå®Ÿè¡Œ: test_abstract_methods                                                 ğŸ§ª ãƒ†ã‚¹ãƒˆå®Ÿè¡Œ: test_debug_info_stack_frame                                           ğŸ§ª ãƒ†ã‚¹ãƒˆå®Ÿè¡Œ: test_execute_preserves_exception                                      ğŸ§ª ãƒ†ã‚¹ãƒˆå®Ÿè¡Œ: test_init                                                             ğŸ§ª ãƒ†ã‚¹ãƒˆå®Ÿè¡Œ: test_env_json_property_with_existing_...                              ğŸ§ª ãƒ†ã‚¹ãƒˆå®Ÿè¡Œ: test_env_json_property_lazy_loading                                   ğŸ§ª ãƒ†ã‚¹ãƒˆå®Ÿè¡Œ: test_file_driver_property                                             ğŸ§ª ãƒ†ã‚¹ãƒˆå®Ÿè¡Œ: test_files_repo_property                                              ğŸ§ª ãƒ†ã‚¹ãƒˆå®Ÿè¡Œ: test_get_current_contest_state_with_n...                              ğŸ§ª ãƒ†ã‚¹ãƒˆå®Ÿè¡Œ: test_needs_backup_different_state                                     ğŸ§ª ãƒ†ã‚¹ãƒˆå®Ÿè¡Œ: test_needs_backup_same_state                                          ğŸ§ª ãƒ†ã‚¹ãƒˆå®Ÿè¡Œ: test_backup_contest_current_missing_info                              ğŸ§ª ãƒ†ã‚¹ãƒˆå®Ÿè¡Œ: test_backup_contest_current_success                                   ğŸ§ª ãƒ†ã‚¹ãƒˆå®Ÿè¡Œ: test_directory_has_content_exists                                     ğŸ§ª ãƒ†ã‚¹ãƒˆå®Ÿè¡Œ: test_directory_has_content_not_exists                                 ğŸ§ª ãƒ†ã‚¹ãƒˆå®Ÿè¡Œ: test_ensure_directory_exists                                          ğŸ§ª ãƒ†ã‚¹ãƒˆå®Ÿè¡Œ: test_move_directory_contents                                          ğŸ§ª ãƒ†ã‚¹ãƒˆå®Ÿè¡Œ: test_clear_contest_current                                            ğŸ§ª ãƒ†ã‚¹ãƒˆå®Ÿè¡Œ: test_copy_directory_contents                                          ğŸ§ª ãƒ†ã‚¹ãƒˆå®Ÿè¡Œ: test_copy_template_structure                                          ğŸ§ª ãƒ†ã‚¹ãƒˆå®Ÿè¡Œ: test_get_latest_non_null_value_success                                ğŸ§ª ãƒ†ã‚¹ãƒˆå®Ÿè¡Œ: test_get_latest_non_null_value_fallback                               ğŸ§ª ãƒ†ã‚¹ãƒˆå®Ÿè¡Œ: test_handle_contest_change_needs_backup                               ğŸ§ª ãƒ†ã‚¹ãƒˆå®Ÿè¡Œ: test_initialize_contest_current_empty...                              ğŸ§ª ãƒ†ã‚¹ãƒˆå®Ÿè¡Œ: test_create_container_basic                                           ğŸ§ª ãƒ†ã‚¹ãƒˆå®Ÿè¡Œ: test_create_container_with_full_config                                ğŸ§ª ãƒ†ã‚¹ãƒˆå®Ÿè¡Œ: test_update_container_id                                              ğŸ§ª ãƒ†ã‚¹ãƒˆå®Ÿè¡Œ: test_update_container_status                                          ğŸ§ª ãƒ†ã‚¹ãƒˆå®Ÿè¡Œ: test_find_container_by_name_existing                                  ğŸ§ª ãƒ†ã‚¹ãƒˆå®Ÿè¡Œ: test_find_container_by_name_nonexistent                               ğŸ§ª ãƒ†ã‚¹ãƒˆå®Ÿè¡Œ: test_find_containers_by_status                                        ğŸ§ª ãƒ†ã‚¹ãƒˆå®Ÿè¡Œ: test_find_containers_by_language                                      ğŸ§ª ãƒ†ã‚¹ãƒˆå®Ÿè¡Œ: test_get_active_containers                                            ğŸ§ª ãƒ†ã‚¹ãƒˆå®Ÿè¡Œ: test_mark_container_removed                                           ğŸ§ª ãƒ†ã‚¹ãƒˆå®Ÿè¡Œ: test_find_unused_containers                                           ğŸ§ª ãƒ†ã‚¹ãƒˆå®Ÿè¡Œ: test_repository_interface_methods                                     ğŸ§ª ãƒ†ã‚¹ãƒˆå®Ÿè¡Œ: test_json_field_parsing                                               ğŸ§ª ãƒ†ã‚¹ãƒˆå®Ÿè¡Œ: test_json_field_parsing_invalid                                       ğŸ§ª ãƒ†ã‚¹ãƒˆå®Ÿè¡Œ: test_create_or_update_image_new                                       ğŸ§ª ãƒ†ã‚¹ãƒˆå®Ÿè¡Œ: test_create_or_update_image_update_ex...                              ğŸ§ª ãƒ†ã‚¹ãƒˆå®Ÿè¡Œ: test_find_image_existing                                              ğŸ§ª ãƒ†ã‚¹ãƒˆå®Ÿè¡Œ: test_find_image_by_name_only                                          ğŸ§ª ãƒ†ã‚¹ãƒˆå®Ÿè¡Œ: test_find_image_nonexistent                                           ğŸ§ª ãƒ†ã‚¹ãƒˆå®Ÿè¡Œ: test_find_images_by_name_prefix                                       ğŸ§ª ãƒ†ã‚¹ãƒˆå®Ÿè¡Œ: test_find_images_by_status                                            ğŸ§ª ãƒ†ã‚¹ãƒˆå®Ÿè¡Œ: test_update_image_build_result                                        ğŸ§ª ãƒ†ã‚¹ãƒˆå®Ÿè¡Œ: test_get_all_images                                                   ğŸ§ª ãƒ†ã‚¹ãƒˆå®Ÿè¡Œ: test_repository_interface_methods                                     ğŸ§ª ãƒ†ã‚¹ãƒˆå®Ÿè¡Œ: test_find_unused_images                                               ğŸ§ª ãƒ†ã‚¹ãƒˆå®Ÿè¡Œ: test_update_last_used                                                 ğŸ§ª ãƒ†ã‚¹ãƒˆå®Ÿè¡Œ: test_delete_image                                                     ğŸ§ª ãƒ†ã‚¹ãƒˆå®Ÿè¡Œ: test_get_image_stats                                                  ğŸ§ª ãƒ†ã‚¹ãƒˆå®Ÿè¡Œ: test_concurrent_image_operations                                      ğŸ§ª ãƒ†ã‚¹ãƒˆå®Ÿè¡Œ: test_create_operation                                                 ğŸ§ª ãƒ†ã‚¹ãƒˆå®Ÿè¡Œ: test_create_operation_with_explicit_t...                              ğŸ§ª ãƒ†ã‚¹ãƒˆå®Ÿè¡Œ: test_create_operation_with_none_details                               ğŸ§ª ãƒ†ã‚¹ãƒˆå®Ÿè¡Œ: test_find_by_id_existing                                              ğŸ§ª ãƒ†ã‚¹ãƒˆå®Ÿè¡Œ: test_find_by_id_nonexistent                                           ğŸ§ª ãƒ†ã‚¹ãƒˆå®Ÿè¡Œ: test_find_all_empty                                                   ğŸ§ª ãƒ†ã‚¹ãƒˆå®Ÿè¡Œ: test_find_all_with_data                                               ğŸ§ª ãƒ†ã‚¹ãƒˆå®Ÿè¡Œ: test_find_all_with_pagination                                         ğŸ§ª ãƒ†ã‚¹ãƒˆå®Ÿè¡Œ: test_find_by_command                                                  ğŸ§ª ãƒ†ã‚¹ãƒˆå®Ÿè¡Œ: test_find_by_command_with_limit                                       ğŸ§ª ãƒ†ã‚¹ãƒˆå®Ÿè¡Œ: test_find_by_contest_with_problem                                     ğŸ§ª ãƒ†ã‚¹ãƒˆå®Ÿè¡Œ: test_find_by_contest_without_problem                                  ğŸ§ª ãƒ†ã‚¹ãƒˆå®Ÿè¡Œ: test_find_by_language                                                 ğŸ§ª ãƒ†ã‚¹ãƒˆå®Ÿè¡Œ: test_find_by_language_with_limit                                      ğŸ§ª ãƒ†ã‚¹ãƒˆå®Ÿè¡Œ: test_get_recent_operations                                            ğŸ§ª ãƒ†ã‚¹ãƒˆå®Ÿè¡Œ: test_get_statistics_empty                                             ğŸ§ª ãƒ†ã‚¹ãƒˆå®Ÿè¡Œ: test_get_statistics_with_data                                         ğŸ§ª ãƒ†ã‚¹ãƒˆå®Ÿè¡Œ: test_update_operation                                                 ğŸ§ª ãƒ†ã‚¹ãƒˆå®Ÿè¡Œ: test_delete_operation                                                 ğŸ§ª ãƒ†ã‚¹ãƒˆå®Ÿè¡Œ: test_delete_nonexistent_operation                                     ğŸ§ª ãƒ†ã‚¹ãƒˆå®Ÿè¡Œ: test_json_details_handling                                            ğŸ§ª ãƒ†ã‚¹ãƒˆå®Ÿè¡Œ: test_invalid_json_details_handling                                    ğŸ§ª ãƒ†ã‚¹ãƒˆå®Ÿè¡Œ: test_datetime_handling                                                ğŸ§ª ãƒ†ã‚¹ãƒˆå®Ÿè¡Œ: test_create_session                                                   ğŸ§ª ãƒ†ã‚¹ãƒˆå®Ÿè¡Œ: test_create_session_with_explicit_times                               ğŸ§ª ãƒ†ã‚¹ãƒˆå®Ÿè¡Œ: test_find_by_id_existing                                              ğŸ§ª ãƒ†ã‚¹ãƒˆå®Ÿè¡Œ: test_find_by_id_nonexistent                                           ğŸ§ª ãƒ†ã‚¹ãƒˆå®Ÿè¡Œ: test_find_all_empty                                                   ğŸ§ª ãƒ†ã‚¹ãƒˆå®Ÿè¡Œ: test_find_all_with_data                                               ğŸ§ª ãƒ†ã‚¹ãƒˆå®Ÿè¡Œ: test_find_all_with_pagination                                         ğŸ§ª ãƒ†ã‚¹ãƒˆå®Ÿè¡Œ: test_find_active_session_none                                         ğŸ§ª ãƒ†ã‚¹ãƒˆå®Ÿè¡Œ: test_find_active_session_with_active                                  ğŸ§ª ãƒ†ã‚¹ãƒˆå®Ÿè¡Œ: test_find_active_session_with_ended_s...                              ğŸ§ª ãƒ†ã‚¹ãƒˆå®Ÿè¡Œ: test_start_new_session                                                ğŸ§ª ãƒ†ã‚¹ãƒˆå®Ÿè¡Œ: test_start_new_session_ends_previous                                  ğŸ§ª ãƒ†ã‚¹ãƒˆå®Ÿè¡Œ: test_end_session                                                      ğŸ§ª ãƒ†ã‚¹ãƒˆå®Ÿè¡Œ: test_end_session_nonexistent                                          ğŸ§ª ãƒ†ã‚¹ãƒˆå®Ÿè¡Œ: test_end_session_already_ended                                        ğŸ§ª ãƒ†ã‚¹ãƒˆå®Ÿè¡Œ: test_update_session_stats                                             ğŸ§ª ãƒ†ã‚¹ãƒˆå®Ÿè¡Œ: test_update_session_stats_nonexistent                                 ğŸ§ª ãƒ†ã‚¹ãƒˆå®Ÿè¡Œ: test_get_recent_sessions                                              ğŸ§ª ãƒ†ã‚¹ãƒˆå®Ÿè¡Œ: test_get_session_statistics_empty                                     ğŸ§ª ãƒ†ã‚¹ãƒˆå®Ÿè¡Œ: test_get_session_statistics_with_data                                 ğŸ§ª ãƒ†ã‚¹ãƒˆå®Ÿè¡Œ: test_update_session                                                   ğŸ§ª ãƒ†ã‚¹ãƒˆå®Ÿè¡Œ: test_delete_session                                                   ğŸ§ª ãƒ†ã‚¹ãƒˆå®Ÿè¡Œ: test_delete_nonexistent_session                                       ğŸ§ª ãƒ†ã‚¹ãƒˆå®Ÿè¡Œ: test_datetime_handling                                                ğŸ§ª ãƒ†ã‚¹ãƒˆå®Ÿè¡Œ: test_session_workflow_complete                                        ğŸ§ª ãƒ†ã‚¹ãƒˆå®Ÿè¡Œ: test_init                                                             ğŸ§ª ãƒ†ã‚¹ãƒˆå®Ÿè¡Œ: test_create_with_all_fields                                           ğŸ§ª ãƒ†ã‚¹ãƒˆå®Ÿè¡Œ: test_create_with_alternative_keys                                     ğŸ§ª ãƒ†ã‚¹ãƒˆå®Ÿè¡Œ: test_find_by_id                                                       ğŸ§ª ãƒ†ã‚¹ãƒˆå®Ÿè¡Œ: test_find_all_with_pagination                                         ğŸ§ª ãƒ†ã‚¹ãƒˆå®Ÿè¡Œ: test_update_success                                                   ğŸ§ª ãƒ†ã‚¹ãƒˆå®Ÿè¡Œ: test_update_not_found                                                 ğŸ§ª ãƒ†ã‚¹ãƒˆå®Ÿè¡Œ: test_delete                                                           ğŸ§ª ãƒ†ã‚¹ãƒˆå®Ÿè¡Œ: test_set_config_new_config                                            ğŸ§ª ãƒ†ã‚¹ãƒˆå®Ÿè¡Œ: test_set_config_update_existing                                       ğŸ§ª ãƒ†ã‚¹ãƒˆå®Ÿè¡Œ: test_set_config_none_value                                            ğŸ§ª ãƒ†ã‚¹ãƒˆå®Ÿè¡Œ: test_get_config_success                                               ğŸ§ª ãƒ†ã‚¹ãƒˆå®Ÿè¡Œ: test_get_config_not_found                                             ğŸ§ª ãƒ†ã‚¹ãƒˆå®Ÿè¡Œ: test_get_config_json_decode_error                                     ğŸ§ª ãƒ†ã‚¹ãƒˆå®Ÿè¡Œ: test_get_config_with_metadata_success                                 ğŸ§ª ãƒ†ã‚¹ãƒˆå®Ÿè¡Œ: test_get_config_with_metadata_not_found                               ğŸ§ª ãƒ†ã‚¹ãƒˆå®Ÿè¡Œ: test_get_configs_by_category                                          ğŸ§ª ãƒ†ã‚¹ãƒˆå®Ÿè¡Œ: test_get_all_configs                                                  ğŸ§ª ãƒ†ã‚¹ãƒˆå®Ÿè¡Œ: test_get_all_configs_with_metadata                                    ğŸ§ª ãƒ†ã‚¹ãƒˆå®Ÿè¡Œ: test_delete_config_success                                            ğŸ§ª ãƒ†ã‚¹ãƒˆå®Ÿè¡Œ: test_delete_config_not_found                                          ğŸ§ª ãƒ†ã‚¹ãƒˆå®Ÿè¡Œ: test_bulk_set_configs                                                 ğŸ§ª ãƒ†ã‚¹ãƒˆå®Ÿè¡Œ: test_get_user_specified_configs                                       ğŸ§ª ãƒ†ã‚¹ãƒˆå®Ÿè¡Œ: test_get_execution_context_summary                                    ğŸ§ª ãƒ†ã‚¹ãƒˆå®Ÿè¡Œ: test_search_configs                                                   ğŸ§ª ãƒ†ã‚¹ãƒˆå®Ÿè¡Œ: test_search_configs_with_null_value                                   ğŸ§ª ãƒ†ã‚¹ãƒˆå®Ÿè¡Œ: test_get_categories                                                   ğŸ§ª ãƒ†ã‚¹ãƒˆå®Ÿè¡Œ: test_python_request_repr                                              ğŸ§ª ãƒ†ã‚¹ãƒˆå®Ÿè¡Œ: test_python_request_code_string                                       ğŸ§ª ãƒ†ã‚¹ãƒˆå®Ÿè¡Œ: test_python_request_script_file                                       ğŸ§ª ãƒ†ã‚¹ãƒˆå®Ÿè¡Œ: test_python_request_with_cwd                                          ğŸ§ª ãƒ†ã‚¹ãƒˆå®Ÿè¡Œ: test_python_request_execute_exception                                 ğŸ§ª ãƒ†ã‚¹ãƒˆå®Ÿè¡Œ: test_python_request_code_string_with_...                              ğŸ§ª ãƒ†ã‚¹ãƒˆå®Ÿè¡Œ: test_python_request_script_file_with_...                              ğŸ§ª ãƒ†ã‚¹ãƒˆå®Ÿè¡Œ: test_python_request_with_cwd_with_patch                               ğŸ§ª ãƒ†ã‚¹ãƒˆå®Ÿè¡Œ: test_python_request_execute_exception...                              ğŸ§ª ãƒ†ã‚¹ãƒˆå®Ÿè¡Œ: test_is_script_file_true_false                                        ğŸ§ª ãƒ†ã‚¹ãƒˆå®Ÿè¡Œ: test_run_script_file                                                  ğŸ§ª ãƒ†ã‚¹ãƒˆå®Ÿè¡Œ: test_run_code_string_success                                          ğŸ§ª ãƒ†ã‚¹ãƒˆå®Ÿè¡Œ: test_run_code_string_exception                                        ğŸ§ª ãƒ†ã‚¹ãƒˆå®Ÿè¡Œ: test_docker_result_success_and_to_dict                                ğŸ§ª ãƒ†ã‚¹ãƒˆå®Ÿè¡Œ: test_docker_result_failure_and_exception                              ğŸ§ª ãƒ†ã‚¹ãƒˆå®Ÿè¡Œ: test_file_result_success_and_to_dict                                  ğŸ§ª ãƒ†ã‚¹ãƒˆå®Ÿè¡Œ: test_file_result_failure_and_exception                                ğŸ§ª ãƒ†ã‚¹ãƒˆå®Ÿè¡Œ: test_operation_result_success_and_fai...                              ğŸ§ª ãƒ†ã‚¹ãƒˆå®Ÿè¡Œ: test_operation_result_failure_and_raise                               ğŸ§ª ãƒ†ã‚¹ãƒˆå®Ÿè¡Œ: test_operation_result_exception                                       ğŸ§ª ãƒ†ã‚¹ãƒˆå®Ÿè¡Œ: test_shell_result_success_and_to_dict                                 ğŸ§ª ãƒ†ã‚¹ãƒˆå®Ÿè¡Œ: test_shell_result_failure_and_exception                               ğŸ§ª ãƒ†ã‚¹ãƒˆå®Ÿè¡Œ: test_docker_exec_command_type_validation                              ğŸ§ª ãƒ†ã‚¹ãƒˆå®Ÿè¡Œ: test_reject_relative_path_traversal                                   ğŸ§ª ãƒ†ã‚¹ãƒˆå®Ÿè¡Œ: test_reject_absolute_path_traversal                                   ğŸ§ª ãƒ†ã‚¹ãƒˆå®Ÿè¡Œ: test_reject_dangerous_characters                                      ğŸ§ª ãƒ†ã‚¹ãƒˆå®Ÿè¡Œ: test_accept_safe_paths                                                ğŸ§ª ãƒ†ã‚¹ãƒˆå®Ÿè¡Œ: test_unified_factory_docker_exec_uses...                              ğŸ§ª ãƒ†ã‚¹ãƒˆå®Ÿè¡Œ: test_docker_request_accepts_list_command                              ğŸ§ª ãƒ†ã‚¹ãƒˆå®Ÿè¡Œ: test_shell_driver_is_abstract                                         ğŸ§ª ãƒ†ã‚¹ãƒˆå®Ÿè¡Œ: test_abstract_method_execute_shell_co...                              ğŸ§ª ãƒ†ã‚¹ãƒˆå®Ÿè¡Œ: test_driver_inheritance                                               ğŸ§ª ãƒ†ã‚¹ãƒˆå®Ÿè¡Œ: test_run_basic_command                                                ğŸ§ª ãƒ†ã‚¹ãƒˆå®Ÿè¡Œ: test_run_with_cwd                                                     ğŸ§ª ãƒ†ã‚¹ãƒˆå®Ÿè¡Œ: test_run_with_environment                                             ğŸ§ª ãƒ†ã‚¹ãƒˆå®Ÿè¡Œ: test_run_with_input_data                                              ğŸ§ª ãƒ†ã‚¹ãƒˆå®Ÿè¡Œ: test_run_with_timeout                                                 ğŸ§ª ãƒ†ã‚¹ãƒˆå®Ÿè¡Œ: test_run_with_all_parameters                                          ğŸ§ª ãƒ†ã‚¹ãƒˆå®Ÿè¡Œ: test_run_command_failure                                              ğŸ§ª ãƒ†ã‚¹ãƒˆå®Ÿè¡Œ: test_run_shell_utils_exception                                        ğŸ§ª ãƒ†ã‚¹ãƒˆå®Ÿè¡Œ: test_run_empty_command                                                ğŸ§ª ãƒ†ã‚¹ãƒˆå®Ÿè¡Œ: test_run_complex_command                                              ğŸ§ª ãƒ†ã‚¹ãƒˆå®Ÿè¡Œ: test_multiple_sequential_commands                                     ğŸ§ª ãƒ†ã‚¹ãƒˆå®Ÿè¡Œ: test_command_with_piped_input                                         ğŸ§ª ãƒ†ã‚¹ãƒˆå®Ÿè¡Œ: test_command_with_large_environment                                   ğŸ§ª ãƒ†ã‚¹ãƒˆå®Ÿè¡Œ: test_run_with_none_parameters                                         ğŸ§ª ãƒ†ã‚¹ãƒˆå®Ÿè¡Œ: test_run_with_zero_timeout                                            ğŸ§ª ãƒ†ã‚¹ãƒˆå®Ÿè¡Œ: test_run_with_empty_environment                                       ğŸ§ª ãƒ†ã‚¹ãƒˆå®Ÿè¡Œ: test_run_with_empty_input_data                                        ğŸ§ª ãƒ†ã‚¹ãƒˆå®Ÿè¡Œ: test_run_with_unicode_input                                           ğŸ§ª ãƒ†ã‚¹ãƒˆå®Ÿè¡Œ: test_run_command_with_special_characters                              ğŸ§ª ãƒ†ã‚¹ãƒˆå®Ÿè¡Œ: test_run_parameter_types                                              ğŸ§ª ãƒ†ã‚¹ãƒˆå®Ÿè¡Œ: test_run_preserves_parameter_order                                    ğŸ§ª ãƒ†ã‚¹ãƒˆå®Ÿè¡Œ: test_shell_request_echo                                               ğŸ§ª ãƒ†ã‚¹ãƒˆå®Ÿè¡Œ: test_shell_request_fail                                               ğŸ§ª ãƒ†ã‚¹ãƒˆå®Ÿè¡Œ: test_shell_request_no_driver                                          ğŸ§ª ãƒ†ã‚¹ãƒˆå®Ÿè¡Œ: test_shell_request_repr                                               ğŸ§ª ãƒ†ã‚¹ãƒˆå®Ÿè¡Œ: test_shell_request_execute_exception                                  ğŸ§ª ãƒ†ã‚¹ãƒˆå®Ÿè¡Œ: test_shell_request_with_inputdata_env...                              ğŸ§ª ãƒ†ã‚¹ãƒˆå®Ÿè¡Œ: test_shell_request_show_output                                        ğŸ§ª ãƒ†ã‚¹ãƒˆå®Ÿè¡Œ: test_simple_copy_dependency                                           ğŸ§ª ãƒ†ã‚¹ãƒˆå®Ÿè¡Œ: test_touch_dependency                                                 ğŸ§ª ãƒ†ã‚¹ãƒˆå®Ÿè¡Œ: test_existing_directory_tracking                                      ğŸ§ª ãƒ†ã‚¹ãƒˆå®Ÿè¡Œ: test_working_directory_dependency                                     ğŸ§ª ãƒ†ã‚¹ãƒˆå®Ÿè¡Œ: test_no_dependencies_needed                                           ğŸ§ª ãƒ†ã‚¹ãƒˆå®Ÿè¡Œ: test_copy_preparation                                                 ğŸ§ª ãƒ†ã‚¹ãƒˆå®Ÿè¡Œ: test_no_preparation_needed                                            ğŸ§ª ãƒ†ã‚¹ãƒˆå®Ÿè¡Œ: test_existing_directory_skip                                          ğŸ§ª ãƒ†ã‚¹ãƒˆå®Ÿè¡Œ: test_consecutive_mkdir_optimization                                   ğŸ§ª ãƒ†ã‚¹ãƒˆå®Ÿè¡Œ: test_mkdir_with_different_attributes                                  ğŸ§ª ãƒ†ã‚¹ãƒˆå®Ÿè¡Œ: test_empty_steps_list                                                 ğŸ§ª ãƒ†ã‚¹ãƒˆå®Ÿè¡Œ: test_copy_file_dependency                                             ğŸ§ª ãƒ†ã‚¹ãƒˆå®Ÿè¡Œ: test_no_dependencies                                                  ğŸ§ª ãƒ†ã‚¹ãƒˆå®Ÿè¡Œ: test_temp_workspace_fixture                                           ğŸ§ª ãƒ†ã‚¹ãƒˆå®Ÿè¡Œ: test_mock_infrastructure_fixture                                      ğŸ§ª ãƒ†ã‚¹ãƒˆå®Ÿè¡Œ: test_mock_drivers_fixture                                             ğŸ§ª ãƒ†ã‚¹ãƒˆå®Ÿè¡Œ: test_clean_mock_state_fixture                                         ğŸ§ª ãƒ†ã‚¹ãƒˆå®Ÿè¡Œ: test_di_container_fixture                                             ğŸ§ª ãƒ†ã‚¹ãƒˆå®Ÿè¡Œ: test_mock_env_context_fixture                                         ğŸ§ª ãƒ†ã‚¹ãƒˆå®Ÿè¡Œ: test_main_successful_execution_no_pre...                              ğŸ§ª ãƒ†ã‚¹ãƒˆå®Ÿè¡Œ: test_main_with_preparation_tasks_success                              ğŸ§ª ãƒ†ã‚¹ãƒˆå®Ÿè¡Œ: test_main_with_warnings                                               ğŸ§ª ãƒ†ã‚¹ãƒˆå®Ÿè¡Œ: test_main_execution_failure                                           ğŸ§ª ãƒ†ã‚¹ãƒˆå®Ÿè¡Œ: test_step_result_display_successful_step                              ğŸ§ª ãƒ†ã‚¹ãƒˆå®Ÿè¡Œ: test_step_result_display_failed_step_...                              ğŸ§ª ãƒ†ã‚¹ãƒˆå®Ÿè¡Œ: test_step_result_display_failed_step_...                              ğŸ§ª ãƒ†ã‚¹ãƒˆå®Ÿè¡Œ: test_step_result_display_long_command...                              ğŸ§ª ãƒ†ã‚¹ãƒˆå®Ÿè¡Œ: test_step_result_display_file_request...                              ğŸ§ª ãƒ†ã‚¹ãƒˆå®Ÿè¡Œ: test_step_result_display_exception_ha...                              ğŸ§ª ãƒ†ã‚¹ãƒˆå®Ÿè¡Œ: test_cli_successful_execution                                         ğŸ§ª ãƒ†ã‚¹ãƒˆå®Ÿè¡Œ: test_cli_value_error_handling                                         ğŸ§ª ãƒ†ã‚¹ãƒˆå®Ÿè¡Œ: test_cli_file_not_found_error_handling                                ğŸ§ª ãƒ†ã‚¹ãƒˆå®Ÿè¡Œ: test_cli_json_decode_error_handling                                   ğŸ§ª ãƒ†ã‚¹ãƒˆå®Ÿè¡Œ: test_cli_composite_step_failure_handling                              ğŸ§ª ãƒ†ã‚¹ãƒˆå®Ÿè¡Œ: test_cli_composite_step_failure_witho...                              ğŸ§ª ãƒ†ã‚¹ãƒˆå®Ÿè¡Œ: test_cli_generic_exception_handling                                   ğŸ§ª ãƒ†ã‚¹ãƒˆå®Ÿè¡Œ: test_default_max_command_length                                       ğŸ§ª ãƒ†ã‚¹ãƒˆå®Ÿè¡Œ: test_main_entry_point_imports                                         ğŸ§ª ãƒ†ã‚¹ãƒˆå®Ÿè¡Œ: test_main_entry_direct_execution                                      ğŸ§ª ãƒ†ã‚¹ãƒˆå®Ÿè¡Œ: test_main_module_imports                                              ğŸ§ª ãƒ†ã‚¹ãƒˆå®Ÿè¡Œ: test_calculate_hash_with_content                                      ğŸ§ª ãƒ†ã‚¹ãƒˆå®Ÿè¡Œ: test_calculate_hash_empty_content                                     ğŸ§ª ãƒ†ã‚¹ãƒˆå®Ÿè¡Œ: test_calculate_hash_consistent                                        ğŸ§ª ãƒ†ã‚¹ãƒˆå®Ÿè¡Œ: test_calculate_hash_different_content                                 ğŸ§ª ãƒ†ã‚¹ãƒˆå®Ÿè¡Œ: test_image_name_without_dockerfile                                    ğŸ§ª ãƒ†ã‚¹ãƒˆå®Ÿè¡Œ: test_image_name_with_dockerfile                                       ğŸ§ª ãƒ†ã‚¹ãƒˆå®Ÿè¡Œ: test_image_name_empty_dockerfile                                      ğŸ§ª ãƒ†ã‚¹ãƒˆå®Ÿè¡Œ: test_container_name_without_dockerfile                                ğŸ§ª ãƒ†ã‚¹ãƒˆå®Ÿè¡Œ: test_container_name_with_dockerfile                                   ğŸ§ª ãƒ†ã‚¹ãƒˆå®Ÿè¡Œ: test_container_name_consistency                                       ğŸ§ª ãƒ†ã‚¹ãƒˆå®Ÿè¡Œ: test_oj_image_name_without_dockerfile                                 ğŸ§ª ãƒ†ã‚¹ãƒˆå®Ÿè¡Œ: test_oj_image_name_with_dockerfile                                    ğŸ§ª ãƒ†ã‚¹ãƒˆå®Ÿè¡Œ: test_oj_container_name_without_docker...                              ğŸ§ª ãƒ†ã‚¹ãƒˆå®Ÿè¡Œ: test_oj_container_name_with_dockerfile                                ğŸ§ª ãƒ†ã‚¹ãƒˆå®Ÿè¡Œ: test_oj_container_name_consistency                                    ğŸ§ª ãƒ†ã‚¹ãƒˆå®Ÿè¡Œ: test_naming_consistency_with_dockerfile                               ğŸ§ª ãƒ†ã‚¹ãƒˆå®Ÿè¡Œ: test_naming_consistency_without_docke...                              ğŸ§ª ãƒ†ã‚¹ãƒˆå®Ÿè¡Œ: test_oj_naming_consistency_with_docke...                              ğŸ§ª ãƒ†ã‚¹ãƒˆå®Ÿè¡Œ: test_oj_naming_consistency_without_do...                              ğŸ§ª ãƒ†ã‚¹ãƒˆå®Ÿè¡Œ: test_format_template_string_basic                                     ğŸ§ª ãƒ†ã‚¹ãƒˆå®Ÿè¡Œ: test_format_template_string_multiple_...                              ğŸ§ª ãƒ†ã‚¹ãƒˆå®Ÿè¡Œ: test_format_template_string_missing_keys                              ğŸ§ª ãƒ†ã‚¹ãƒˆå®Ÿè¡Œ: test_format_template_string_non_string                                ğŸ§ª ãƒ†ã‚¹ãƒˆå®Ÿè¡Œ: test_extract_missing_template_keys                                    ğŸ§ª ãƒ†ã‚¹ãƒˆå®Ÿè¡Œ: test_validate_file_path_format_valid                                  ğŸ§ª ãƒ†ã‚¹ãƒˆå®Ÿè¡Œ: test_validate_file_path_format_absolu...                              ğŸ§ª ãƒ†ã‚¹ãƒˆå®Ÿè¡Œ: test_validate_file_path_format_relati...                              ğŸ§ª ãƒ†ã‚¹ãƒˆå®Ÿè¡Œ: test_validate_file_path_format_invali...                              ğŸ§ª ãƒ†ã‚¹ãƒˆå®Ÿè¡Œ: test_pure_function_deterministic                                      ğŸ§ª ãƒ†ã‚¹ãƒˆå®Ÿè¡Œ: test_pure_function_no_side_effects                                    ğŸ§ª ãƒ†ã‚¹ãƒˆå®Ÿè¡Œ: test_pure_function_composability                                      ğŸ§ª ãƒ†ã‚¹ãƒˆå®Ÿè¡Œ: test_filter_and_transform_items_empty...                              ğŸ§ª ãƒ†ã‚¹ãƒˆå®Ÿè¡Œ: test_filter_and_transform_items_all_pass                              ğŸ§ª ãƒ†ã‚¹ãƒˆå®Ÿè¡Œ: test_filter_and_transform_items_none_...                              ğŸ§ª ãƒ†ã‚¹ãƒˆå®Ÿè¡Œ: test_filter_and_transform_items_some_...                              ğŸ§ª ãƒ†ã‚¹ãƒˆå®Ÿè¡Œ: test_filter_and_transform_items_compl...                              ğŸ§ª ãƒ†ã‚¹ãƒˆå®Ÿè¡Œ: test_group_items_by_key_empty_list                                    ğŸ§ª ãƒ†ã‚¹ãƒˆå®Ÿè¡Œ: test_group_items_by_key_simple_grouping                               ğŸ§ª ãƒ†ã‚¹ãƒˆå®Ÿè¡Œ: test_group_items_by_key_string_grouping                               ğŸ§ª ãƒ†ã‚¹ãƒˆå®Ÿè¡Œ: test_group_items_by_key_complex_objects                               ğŸ§ª ãƒ†ã‚¹ãƒˆå®Ÿè¡Œ: test_group_items_by_key_single_group                                  ğŸ§ª ãƒ†ã‚¹ãƒˆå®Ÿè¡Œ: test_merge_dictionaries_empty                                         ğŸ§ª ãƒ†ã‚¹ãƒˆå®Ÿè¡Œ: test_merge_dictionaries_single                                        ğŸ§ª ãƒ†ã‚¹ãƒˆå®Ÿè¡Œ: test_merge_dictionaries_multiple_no_o...                              ğŸ§ª ãƒ†ã‚¹ãƒˆå®Ÿè¡Œ: test_merge_dictionaries_with_overlap                                  ğŸ§ª ãƒ†ã‚¹ãƒˆå®Ÿè¡Œ: test_merge_dictionaries_empty_dicts                                   ğŸ§ª ãƒ†ã‚¹ãƒˆå®Ÿè¡Œ: test_merge_dictionaries_preserves_ori...                              ğŸ§ª ãƒ†ã‚¹ãƒˆå®Ÿè¡Œ: test_merge_dictionaries_complex_values                                ğŸ§ª ãƒ†ã‚¹ãƒˆå®Ÿè¡Œ: test_resolve_path_simple_mode                                         ğŸ§ª ãƒ†ã‚¹ãƒˆå®Ÿè¡Œ: test_resolve_path_strict_mode_success                                 ğŸ§ª ãƒ†ã‚¹ãƒˆå®Ÿè¡Œ: test_resolve_path_strict_mode_failure                                 ğŸ§ª ãƒ†ã‚¹ãƒˆå®Ÿè¡Œ: test_resolve_path_absolute_path                                       ğŸ§ª ãƒ†ã‚¹ãƒˆå®Ÿè¡Œ: test_resolve_path_exception_simple_mode                               ğŸ§ª ãƒ†ã‚¹ãƒˆå®Ÿè¡Œ: test_normalize_path_simple_mode                                       ğŸ§ª ãƒ†ã‚¹ãƒˆå®Ÿè¡Œ: test_normalize_path_strict_mode                                       ğŸ§ª ãƒ†ã‚¹ãƒˆå®Ÿè¡Œ: test_safe_path_join_simple                                            ğŸ§ª ãƒ†ã‚¹ãƒˆå®Ÿè¡Œ: test_safe_path_join_with_warnings                                     ğŸ§ª ãƒ†ã‚¹ãƒˆå®Ÿè¡Œ: test_safe_path_join_empty_paths                                       ğŸ§ª ãƒ†ã‚¹ãƒˆå®Ÿè¡Œ: test_safe_path_join_empty_paths_strict                                ğŸ§ª ãƒ†ã‚¹ãƒˆå®Ÿè¡Œ: test_get_relative_path_success                                        ğŸ§ª ãƒ†ã‚¹ãƒˆå®Ÿè¡Œ: test_get_relative_path_strict_success                                 ğŸ§ª ãƒ†ã‚¹ãƒˆå®Ÿè¡Œ: test_get_relative_path_failure                                        ğŸ§ª ãƒ†ã‚¹ãƒˆå®Ÿè¡Œ: test_get_relative_path_strict_failure                                 ğŸ§ª ãƒ†ã‚¹ãƒˆå®Ÿè¡Œ: test_is_subdirectory_true                                             ğŸ§ª ãƒ†ã‚¹ãƒˆå®Ÿè¡Œ: test_is_subdirectory_false                                            ğŸ§ª ãƒ†ã‚¹ãƒˆå®Ÿè¡Œ: test_is_subdirectory_strict_true                                      ğŸ§ª ãƒ†ã‚¹ãƒˆå®Ÿè¡Œ: test_is_subdirectory_strict_false                                     ğŸ§ª ãƒ†ã‚¹ãƒˆå®Ÿè¡Œ: test_ensure_parent_dir                                                ğŸ§ª ãƒ†ã‚¹ãƒˆå®Ÿè¡Œ: test_ensure_parent_dir_existing                                       ğŸ§ª ãƒ†ã‚¹ãƒˆå®Ÿè¡Œ: test_get_file_extension_simple                                        ğŸ§ª ãƒ†ã‚¹ãƒˆå®Ÿè¡Œ: test_get_file_extension_no_extension                                  ğŸ§ª ãƒ†ã‚¹ãƒˆå®Ÿè¡Œ: test_get_file_extension_strict                                        ğŸ§ª ãƒ†ã‚¹ãƒˆå®Ÿè¡Œ: test_change_extension_simple                                          ğŸ§ª ãƒ†ã‚¹ãƒˆå®Ÿè¡Œ: test_change_extension_no_dot                                          ğŸ§ª ãƒ†ã‚¹ãƒˆå®Ÿè¡Œ: test_change_extension_strict                                          ğŸ§ª ãƒ†ã‚¹ãƒˆå®Ÿè¡Œ: test_change_extension_remove                                          ğŸ§ª ãƒ†ã‚¹ãƒˆå®Ÿè¡Œ: test_convert_path_exact_workspace                                     ğŸ§ª ãƒ†ã‚¹ãƒˆå®Ÿè¡Œ: test_convert_path_exact_workspace_path                                ğŸ§ª ãƒ†ã‚¹ãƒˆå®Ÿè¡Œ: test_convert_path_subpath                                             ğŸ§ª ãƒ†ã‚¹ãƒˆå®Ÿè¡Œ: test_convert_path_no_match                                            ğŸ§ª ãƒ†ã‚¹ãƒˆå®Ÿè¡Œ: test_get_docker_mount_path_language_s...                              ğŸ§ª ãƒ†ã‚¹ãƒˆå®Ÿè¡Œ: test_get_docker_mount_path_global                                     ğŸ§ª ãƒ†ã‚¹ãƒˆå®Ÿè¡Œ: test_get_docker_mount_path_default                                    ğŸ§ª ãƒ†ã‚¹ãƒˆå®Ÿè¡Œ: test_get_docker_mount_path_custom_def...                              ğŸ§ª ãƒ†ã‚¹ãƒˆå®Ÿè¡Œ: test_get_docker_mount_path_none_env                                   ğŸ§ª ãƒ†ã‚¹ãƒˆå®Ÿè¡Œ: test_path_info_creation                                               ğŸ§ª ãƒ†ã‚¹ãƒˆå®Ÿè¡Œ: test_path_info_directory                                              ğŸ§ª ãƒ†ã‚¹ãƒˆå®Ÿè¡Œ: test_path_info_nonexistent                                            ğŸ§ª ãƒ†ã‚¹ãƒˆå®Ÿè¡Œ: test_result_creation_success                                          ğŸ§ª ãƒ†ã‚¹ãƒˆå®Ÿè¡Œ: test_result_creation_failure                                          ğŸ§ª ãƒ†ã‚¹ãƒˆå®Ÿè¡Œ: test_result_immutable                                                 ğŸ§ª ãƒ†ã‚¹ãƒˆå®Ÿè¡Œ: test_empty_strings                                                    ğŸ§ª ãƒ†ã‚¹ãƒˆå®Ÿè¡Œ: test_none_values                                                      ğŸ§ª ãƒ†ã‚¹ãƒˆå®Ÿè¡Œ: test_unicode_paths                                                    ğŸ§ª ãƒ†ã‚¹ãƒˆå®Ÿè¡Œ: test_very_long_paths                                                  ğŸ§ª ãƒ†ã‚¹ãƒˆå®Ÿè¡Œ: test_default_config                                                   ğŸ§ª ãƒ†ã‚¹ãƒˆå®Ÿè¡Œ: test_custom_config                                                    ğŸ§ª ãƒ†ã‚¹ãƒˆå®Ÿè¡Œ: test_successful_operation                                             ğŸ§ª ãƒ†ã‚¹ãƒˆå®Ÿè¡Œ: test_retryable_error_with_eventual_su...                              ğŸ§ª ãƒ†ã‚¹ãƒˆå®Ÿè¡Œ: test_retryable_error_max_attempts_exc...                              ğŸ§ª ãƒ†ã‚¹ãƒˆå®Ÿè¡Œ: test_non_retryable_error                                              ğŸ§ª ãƒ†ã‚¹ãƒˆå®Ÿè¡Œ: test_exponential_backoff                                              ğŸ§ª ãƒ†ã‚¹ãƒˆå®Ÿè¡Œ: test_error_code_based_retry                                           ğŸ§ª ãƒ†ã‚¹ãƒˆå®Ÿè¡Œ: test_execute_with_retry_success                                       ğŸ§ª ãƒ†ã‚¹ãƒˆå®Ÿè¡Œ: test_execute_with_retry_failure_then_...                              ğŸ§ª ãƒ†ã‚¹ãƒˆå®Ÿè¡Œ: test_network_retry_config                                             ğŸ§ª ãƒ†ã‚¹ãƒˆå®Ÿè¡Œ: test_docker_retry_config                                              ğŸ§ª ãƒ†ã‚¹ãƒˆå®Ÿè¡Œ: test_command_retry_config                                             ğŸ§ª ãƒ†ã‚¹ãƒˆå®Ÿè¡Œ: test_to_dict                                                          ğŸ§ª ãƒ†ã‚¹ãƒˆå®Ÿè¡Œ: test_simple_expansion                                                 ğŸ§ª ãƒ†ã‚¹ãƒˆå®Ÿè¡Œ: test_no_template_variables                                            ğŸ§ª ãƒ†ã‚¹ãƒˆå®Ÿè¡Œ: test_empty_template                                                   ğŸ§ª ãƒ†ã‚¹ãƒˆå®Ÿè¡Œ: test_simple_pattern_expansion                                         ğŸ§ª ãƒ†ã‚¹ãƒˆå®Ÿè¡Œ: test_directory_extraction_for_movetree                                ğŸ§ª ãƒ†ã‚¹ãƒˆå®Ÿè¡Œ: test_no_patterns                                                      ğŸ§ª ãƒ†ã‚¹ãƒˆå®Ÿè¡Œ: test_directory_exists                                                 ğŸ§ª ãƒ†ã‚¹ãƒˆå®Ÿè¡Œ: test_directory_not_exists                                             ğŸ§ª ãƒ†ã‚¹ãƒˆå®Ÿè¡Œ: test_negation                                                         ğŸ§ª ãƒ†ã‚¹ãƒˆå®Ÿè¡Œ: test_invalid_format                                                   ğŸ§ª ãƒ†ã‚¹ãƒˆå®Ÿè¡Œ: test_no_when_condition                                                ğŸ§ª ãƒ†ã‚¹ãƒˆå®Ÿè¡Œ: test_template_expansion_in_when                                       ğŸ§ª ãƒ†ã‚¹ãƒˆå®Ÿè¡Œ: test_file_pattern_in_when                                             ğŸ§ª ãƒ†ã‚¹ãƒˆå®Ÿè¡Œ: test_simple_step_creation                                             ğŸ§ª ãƒ†ã‚¹ãƒˆå®Ÿè¡Œ: test_step_with_file_patterns                                          ğŸ§ª ãƒ†ã‚¹ãƒˆå®Ÿè¡Œ: test_simple_workflow                                                  ğŸ§ª ãƒ†ã‚¹ãƒˆå®Ÿè¡Œ: test_workflow_with_when_conditions                                    ğŸ§ª ãƒ†ã‚¹ãƒˆå®Ÿè¡Œ: test_contest_restoration_scenario                                     ğŸ§ª ãƒ†ã‚¹ãƒˆå®Ÿè¡Œ: test_run_subprocess_echo                                              ğŸ§ª ãƒ†ã‚¹ãƒˆå®Ÿè¡Œ: test_run_subprocess_input                                             ğŸ§ª ãƒ†ã‚¹ãƒˆå®Ÿè¡Œ: test_run_subprocess_timeout                                           ğŸ§ª ãƒ†ã‚¹ãƒˆå®Ÿè¡Œ: test_start_interactive_and_enqueue_ou...                              ğŸ§ª ãƒ†ã‚¹ãƒˆå®Ÿè¡Œ: test_enforce_timeout                                                  ğŸ§ª ãƒ†ã‚¹ãƒˆå®Ÿè¡Œ: test_initialization_with_default_path                                 ğŸ§ª ãƒ†ã‚¹ãƒˆå®Ÿè¡Œ: test_initialization_with_custom_path                                  ğŸ§ª ãƒ†ã‚¹ãƒˆå®Ÿè¡Œ: test_database_creation                                                ğŸ§ª ãƒ†ã‚¹ãƒˆå®Ÿè¡Œ: test_connection_context_manager                                       ğŸ§ª ãƒ†ã‚¹ãƒˆå®Ÿè¡Œ: test_foreign_keys_enabled                                             ğŸ§ª ãƒ†ã‚¹ãƒˆå®Ÿè¡Œ: test_row_factory_configured                                           ğŸ§ª ãƒ†ã‚¹ãƒˆå®Ÿè¡Œ: test_transaction_commit_on_success                                    ğŸ§ª ãƒ†ã‚¹ãƒˆå®Ÿè¡Œ: test_transaction_rollback_on_exception                                ğŸ§ª ãƒ†ã‚¹ãƒˆå®Ÿè¡Œ: test_migration_execution                                              ğŸ§ª ãƒ†ã‚¹ãƒˆå®Ÿè¡Œ: test_multiple_connections_same_manager                                ğŸ§ª ãƒ†ã‚¹ãƒˆå®Ÿè¡Œ: test_connection_isolation                                             ğŸ§ª ãƒ†ã‚¹ãƒˆå®Ÿè¡Œ: test_large_transaction                                                âŒ ãƒ†ã‚¹ãƒˆå®Ÿè¡Œ                                                                        
âš ï¸  è­¦å‘Š:
   å¤±æ•—ã—ãŸãƒ†ã‚¹ãƒˆ:
     FAILED tests/integration/test_logging_integration.py::test_shell_request_with_logger
     FAILED tests/persistence/test_system_config_repository.py::TestSystemConfigRepository::test_create_with_alternative_keys
     FAILED tests/test_main.py::TestMainFunction::test_main_successful_execution_no_preparation
     FAILED tests/test_main.py::TestMainFunction::test_main_with_preparation_tasks_success
     FAILED tests/test_main.py::TestMainFunction::test_main_with_warnings - KeyErr...
     FAILED tests/test_main.py::TestStepResultDisplayLogic::test_step_result_display_successful_step
     FAILED tests/test_main.py::TestStepResultDisplayLogic::test_step_result_display_failed_step_with_allow_failure
     FAILED tests/test_main.py::TestStepResultDisplayLogic::test_step_result_display_failed_step_critical
     FAILED tests/test_main.py::TestStepResultDisplayLogic::test_step_result_display_long_command_truncation
     FAILED tests/test_main.py::TestStepResultDisplayLogic::test_step_result_display_file_request_detailed_type
     FAILED tests/test_main.py::TestStepResultDisplayLogic::test_step_result_display_exception_handling
     FAILED tests/test_main.py::TestCLIEntryPoint::test_cli_successful_execution
     FAILED tests/workflow/step/test_step_runner.py::TestCreateStep::test_simple_step_creation
     FAILED tests/workflow/step/test_step_runner.py::TestCreateStep::test_step_with_file_patterns
     FAILED tests/workflow/step/test_step_runner.py::TestRunSteps::test_simple_workflow
     FAILED tests/workflow/step/test_step_runner.py::TestRunSteps::test_workflow_with_when_conditions
     FAILED tests/workflow/step/test_step_runner.py::TestIntegrationScenarios::test_contest_restoration_scenario
   ã‚«ãƒãƒ¬ãƒƒã‚¸ãŒä½ã„ãƒ•ã‚¡ã‚¤ãƒ«ï¼ˆ80%æœªæº€ï¼‰:
     application/commands/__init__.py: 0%
     infrastructure/drivers/logging/adapters/__init__.py: 0%
     infrastructure/drivers/logging/adapters/application_logger_adapter.py: 0%
     infrastructure/drivers/logging/adapters/workflow_logger_adapter.py: 0%
     workflow/step/step_generation_service.py: 11%
     workflow/workflow_execution_service.py: 16%
     context/user_input_parser/user_input_parser.py: 18%
     context/formatters/context_formatter.py: 23%
     infrastructure/drivers/logging/output_manager.py: 29%
     context/dockerfile_resolver.py: 30%
     infrastructure/drivers/docker/legacy/docker_wrappers.py: 33%
     infrastructure/drivers/logging/color_manager.py: 36%
     application/orchestration/output_manager.py: 39%
     infrastructure/providers/environment_provider.py: 43%
     infrastructure/drivers/logging/mock_output_manager.py: 44%
     ... ä»–45ä»¶
